C:\Program Files (x86)\Microsoft Visual Studio\2019\Community\MSBuild\Current\Bin\Microsoft.Common.CurrentVersion.targets(2081,5): warning MSB3245: 無法解析此參考。找不到組件 "HKOGLPanel"。請檢查以確定磁碟上有該組件。 如果程式碼需要此參考，可能會發生編譯錯誤。
  DotNetUitilities.cpp
  FaceData.cpp
D:\Mesh-Face-Clustering-Vector_Datastruct\OpenMesh_EX\Mesh\FaceData.cpp(45,130): warning C4244: '=': 將 'double' 轉換為 'float'，由於類型不同，可能導致資料遺失
  GLCamera.cc
  GUA_OM.cpp
D:\Mesh-Face-Clustering-Vector_Datastruct\OpenMesh_EX\Mesh\Clustering.h(30,59): warning C4244: '引數': 將 'double' 轉換為 'float'，由於類型不同，可能導致資料遺失
D:\Mesh-Face-Clustering-Vector_Datastruct\OpenMesh_EX\Mesh\Clustering.h(39,9): warning C4101: 'j': 未參考的區域變數
D:\Mesh-Face-Clustering-Vector_Datastruct\OpenMesh_EX\Mesh\Clustering.h(125,27): warning C4267: '=': 將 'size_t' 轉換為 'int'，資料可能遺失
D:\Mesh-Face-Clustering-Vector_Datastruct\OpenMesh_EX\Mesh\GUA_OM.cpp(79,30): warning C4996: 'OpenMesh::Iterators::GenericIteratorT<OpenMesh::PolyConnectivity::This,OpenMesh::ArrayKernel::FaceHandle,OpenMesh::ArrayKernel,{&OpenMesh::ArrayKernel::has_face_status,0},{&OpenMesh::ArrayKernel::[thunk]: __cdecl OpenMesh::ArrayKernel::`vcall'{32,{flat}}' }',0}>::operator OpenMesh::FaceHandle': Implicit casts of iterators are unsafe. Use dereferencing operators -> and * instead.
D:\Mesh-Face-Clustering-Vector_Datastruct\OpenMesh_EX\Mesh\GUA_OM.cpp(81,34): warning C4996: 'OpenMesh::Iterators::GenericCirculatorT_DEPRECATED<OpenMesh::PolyConnectivity::This,OpenMesh::ArrayKernel::FaceHandle,OpenMesh::ArrayKernel::VertexHandle,{&OpenMesh::Iterators::GenericCirculatorBaseT<OpenMesh::PolyConnectivity::This>::toVertexHandle,0}>::handle': This function clutters your code. Use dereferencing operators -> and * instead.
D:\Mesh-Face-Clustering-Vector_Datastruct\OpenMesh_EX\Mesh\GUA_OM.cpp(82,33): warning C4996: 'OpenMesh::Iterators::GenericCirculatorT_DEPRECATED<OpenMesh::PolyConnectivity::This,OpenMesh::ArrayKernel::FaceHandle,OpenMesh::ArrayKernel::VertexHandle,{&OpenMesh::Iterators::GenericCirculatorBaseT<OpenMesh::PolyConnectivity::This>::toVertexHandle,0}>::handle': This function clutters your code. Use dereferencing operators -> and * instead.
D:\Mesh-Face-Clustering-Vector_Datastruct\OpenMesh_EX\Mesh\GUA_OM.cpp(100,38): warning C4996: 'OpenMesh::Iterators::GenericIteratorT<OpenMesh::PolyConnectivity::This,OpenMesh::ArrayKernel::EdgeHandle,OpenMesh::ArrayKernel,{&OpenMesh::ArrayKernel::has_edge_status,0},{&OpenMesh::ArrayKernel::[thunk]: __cdecl OpenMesh::ArrayKernel::`vcall'{24,{flat}}' }',0}>::handle': This function clutters your code. Use dereferencing operators -> and * instead.
D:\Mesh-Face-Clustering-Vector_Datastruct\OpenMesh_EX\Mesh\GUA_OM.cpp(158,43): warning C4996: 'OpenMesh::Iterators::GenericCirculatorT_DEPRECATED<OpenMesh::PolyConnectivity::This,OpenMesh::ArrayKernel::FaceHandle,OpenMesh::ArrayKernel::VertexHandle,{&OpenMesh::Iterators::GenericCirculatorBaseT<OpenMesh::PolyConnectivity::This>::toVertexHandle,0}>::operator bool': Do not use this error prone implicit cast. Compare to end-iterator or use is_valid(), instead.
D:\Mesh-Face-Clustering-Vector_Datastruct\OpenMesh_EX\Mesh\GUA_OM.cpp(160,35): warning C4996: 'OpenMesh::Iterators::GenericCirculatorT_DEPRECATED<OpenMesh::PolyConnectivity::This,OpenMesh::ArrayKernel::FaceHandle,OpenMesh::ArrayKernel::VertexHandle,{&OpenMesh::Iterators::GenericCirculatorBaseT<OpenMesh::PolyConnectivity::This>::toVertexHandle,0}>::handle': This function clutters your code. Use dereferencing operators -> and * instead.
D:\Mesh-Face-Clustering-Vector_Datastruct\OpenMesh_EX\Mesh\GUA_OM.cpp(161,34): warning C4996: 'OpenMesh::Iterators::GenericCirculatorT_DEPRECATED<OpenMesh::PolyConnectivity::This,OpenMesh::ArrayKernel::FaceHandle,OpenMesh::ArrayKernel::VertexHandle,{&OpenMesh::Iterators::GenericCirculatorBaseT<OpenMesh::PolyConnectivity::This>::toVertexHandle,0}>::handle': This function clutters your code. Use dereferencing operators -> and * instead.
D:\Mesh-Face-Clustering-Vector_Datastruct\OpenMesh_EX\Mesh\GUA_OM.cpp(271,41): warning C4996: 'OpenMesh::Iterators::GenericCirculatorT_DEPRECATED<OpenMesh::PolyConnectivity::This,OpenMesh::ArrayKernel::VertexHandle,OpenMesh::ArrayKernel::VertexHandle,{&OpenMesh::Iterators::GenericCirculatorBaseT<OpenMesh::PolyConnectivity::This>::toVertexHandle,0}>::operator bool': Do not use this error prone implicit cast. Compare to end-iterator or use is_valid(), instead.
D:\Mesh-Face-Clustering-Vector_Datastruct\OpenMesh_EX\Mesh\GUA_OM.cpp(272,12): warning C4996: 'OpenMesh::Iterators::GenericCirculatorT_DEPRECATED<OpenMesh::PolyConnectivity::This,OpenMesh::ArrayKernel::VertexHandle,OpenMesh::ArrayKernel::VertexHandle,{&OpenMesh::Iterators::GenericCirculatorBaseT<OpenMesh::PolyConnectivity::This>::toVertexHandle,0}>::handle': This function clutters your code. Use dereferencing operators -> and * instead.
D:\Mesh-Face-Clustering-Vector_Datastruct\OpenMesh_EX\Mesh\GUA_OM.cpp(305,49): warning C4996: 'OpenMesh::Iterators::GenericCirculatorT_DEPRECATED<OpenMesh::PolyConnectivity::This,OpenMesh::ArrayKernel::FaceHandle,OpenMesh::ArrayKernel::FaceHandle,{&OpenMesh::Iterators::GenericCirculatorBaseT<OpenMesh::PolyConnectivity::This>::toOppositeFaceHandle,0}>::operator bool': Do not use this error prone implicit cast. Compare to end-iterator or use is_valid(), instead.
D:\Mesh-Face-Clustering-Vector_Datastruct\OpenMesh_EX\Mesh\GUA_OM.cpp(307,22): warning C4996: 'OpenMesh::Iterators::GenericCirculatorT_DEPRECATED<OpenMesh::PolyConnectivity::This,OpenMesh::ArrayKernel::FaceHandle,OpenMesh::ArrayKernel::FaceHandle,{&OpenMesh::Iterators::GenericCirculatorBaseT<OpenMesh::PolyConnectivity::This>::toOppositeFaceHandle,0}>::handle': This function clutters your code. Use dereferencing operators -> and * instead.
D:\Mesh-Face-Clustering-Vector_Datastruct\OpenMesh_EX\Mesh\GUA_OM.cpp(309,39): warning C4996: 'OpenMesh::Iterators::GenericCirculatorT_DEPRECATED<OpenMesh::PolyConnectivity::This,OpenMesh::ArrayKernel::FaceHandle,OpenMesh::ArrayKernel::FaceHandle,{&OpenMesh::Iterators::GenericCirculatorBaseT<OpenMesh::PolyConnectivity::This>::toOppositeFaceHandle,0}>::handle': This function clutters your code. Use dereferencing operators -> and * instead.
D:\Mesh-Face-Clustering-Vector_Datastruct\OpenMesh_EX\Mesh\GUA_OM.cpp(310,19): warning C4996: 'OpenMesh::Iterators::GenericCirculatorT_DEPRECATED<OpenMesh::PolyConnectivity::This,OpenMesh::ArrayKernel::FaceHandle,OpenMesh::ArrayKernel::FaceHandle,{&OpenMesh::Iterators::GenericCirculatorBaseT<OpenMesh::PolyConnectivity::This>::toOppositeFaceHandle,0}>::handle': This function clutters your code. Use dereferencing operators -> and * instead.
D:\Mesh-Face-Clustering-Vector_Datastruct\OpenMesh_EX\Mesh\GUA_OM.cpp(340,20): warning C4996: 'OpenMesh::Iterators::GenericCirculatorT_DEPRECATED<OpenMesh::PolyConnectivity::This,OpenMesh::ArrayKernel::FaceHandle,OpenMesh::ArrayKernel::VertexHandle,{&OpenMesh::Iterators::GenericCirculatorBaseT<OpenMesh::PolyConnectivity::This>::toVertexHandle,0}>::operator bool': Do not use this error prone implicit cast. Compare to end-iterator or use is_valid(), instead.
D:\Mesh-Face-Clustering-Vector_Datastruct\OpenMesh_EX\Mesh\GUA_OM.cpp(342,20): warning C4996: 'OpenMesh::Iterators::GenericCirculatorT_DEPRECATED<OpenMesh::PolyConnectivity::This,OpenMesh::ArrayKernel::FaceHandle,OpenMesh::ArrayKernel::VertexHandle,{&OpenMesh::Iterators::GenericCirculatorBaseT<OpenMesh::PolyConnectivity::This>::toVertexHandle,0}>::handle': This function clutters your code. Use dereferencing operators -> and * instead.
D:\Mesh-Face-Clustering-Vector_Datastruct\OpenMesh_EX\Mesh\GUA_OM.cpp(389,49): warning C4996: 'OpenMesh::Iterators::GenericCirculatorT_DEPRECATED<OpenMesh::PolyConnectivity::This,OpenMesh::ArrayKernel::FaceHandle,OpenMesh::ArrayKernel::FaceHandle,{&OpenMesh::Iterators::GenericCirculatorBaseT<OpenMesh::PolyConnectivity::This>::toOppositeFaceHandle,0}>::operator bool': Do not use this error prone implicit cast. Compare to end-iterator or use is_valid(), instead.
D:\Mesh-Face-Clustering-Vector_Datastruct\OpenMesh_EX\Mesh\GUA_OM.cpp(391,22): warning C4996: 'OpenMesh::Iterators::GenericCirculatorT_DEPRECATED<OpenMesh::PolyConnectivity::This,OpenMesh::ArrayKernel::FaceHandle,OpenMesh::ArrayKernel::FaceHandle,{&OpenMesh::Iterators::GenericCirculatorBaseT<OpenMesh::PolyConnectivity::This>::toOppositeFaceHandle,0}>::handle': This function clutters your code. Use dereferencing operators -> and * instead.
D:\Mesh-Face-Clustering-Vector_Datastruct\OpenMesh_EX\Mesh\GUA_OM.cpp(393,39): warning C4996: 'OpenMesh::Iterators::GenericCirculatorT_DEPRECATED<OpenMesh::PolyConnectivity::This,OpenMesh::ArrayKernel::FaceHandle,OpenMesh::ArrayKernel::FaceHandle,{&OpenMesh::Iterators::GenericCirculatorBaseT<OpenMesh::PolyConnectivity::This>::toOppositeFaceHandle,0}>::handle': This function clutters your code. Use dereferencing operators -> and * instead.
D:\Mesh-Face-Clustering-Vector_Datastruct\OpenMesh_EX\Mesh\GUA_OM.cpp(394,19): warning C4996: 'OpenMesh::Iterators::GenericCirculatorT_DEPRECATED<OpenMesh::PolyConnectivity::This,OpenMesh::ArrayKernel::FaceHandle,OpenMesh::ArrayKernel::FaceHandle,{&OpenMesh::Iterators::GenericCirculatorBaseT<OpenMesh::PolyConnectivity::This>::toOppositeFaceHandle,0}>::handle': This function clutters your code. Use dereferencing operators -> and * instead.
D:\Mesh-Face-Clustering-Vector_Datastruct\OpenMesh_EX\Mesh\GUA_OM.cpp(428,20): warning C4996: 'OpenMesh::Iterators::GenericCirculatorT_DEPRECATED<OpenMesh::PolyConnectivity::This,OpenMesh::ArrayKernel::FaceHandle,OpenMesh::ArrayKernel::VertexHandle,{&OpenMesh::Iterators::GenericCirculatorBaseT<OpenMesh::PolyConnectivity::This>::toVertexHandle,0}>::operator bool': Do not use this error prone implicit cast. Compare to end-iterator or use is_valid(), instead.
D:\Mesh-Face-Clustering-Vector_Datastruct\OpenMesh_EX\Mesh\GUA_OM.cpp(430,20): warning C4996: 'OpenMesh::Iterators::GenericCirculatorT_DEPRECATED<OpenMesh::PolyConnectivity::This,OpenMesh::ArrayKernel::FaceHandle,OpenMesh::ArrayKernel::VertexHandle,{&OpenMesh::Iterators::GenericCirculatorBaseT<OpenMesh::PolyConnectivity::This>::toVertexHandle,0}>::handle': This function clutters your code. Use dereferencing operators -> and * instead.
D:\Mesh-Face-Clustering-Vector_Datastruct\OpenMesh_EX\Mesh\GUA_OM.cpp(466,19): warning C4996: 'OpenMesh::Iterators::GenericIteratorT<OpenMesh::PolyConnectivity::This,OpenMesh::ArrayKernel::VertexHandle,OpenMesh::ArrayKernel,{&OpenMesh::ArrayKernel::has_vertex_status,0},{&OpenMesh::ArrayKernel::[thunk]: __cdecl OpenMesh::ArrayKernel::`vcall'{8,{flat}}' }',0}>::operator OpenMesh::VertexHandle': Implicit casts of iterators are unsafe. Use dereferencing operators -> and * instead.
D:\Mesh-Face-Clustering-Vector_Datastruct\OpenMesh_EX\Mesh\GUA_OM.cpp(467,17): warning C4996: 'OpenMesh::Iterators::GenericIteratorT<OpenMesh::PolyConnectivity::This,OpenMesh::ArrayKernel::VertexHandle,OpenMesh::ArrayKernel,{&OpenMesh::ArrayKernel::has_vertex_status,0},{&OpenMesh::ArrayKernel::[thunk]: __cdecl OpenMesh::ArrayKernel::`vcall'{8,{flat}}' }',0}>::handle': This function clutters your code. Use dereferencing operators -> and * instead.
D:\Mesh-Face-Clustering-Vector_Datastruct\OpenMesh_EX\Mesh\GUA_OM.cpp(482,33): warning C4305: '引數': 從 'double' 轉換為 'GLfloat'，是由較大的類型轉換為較小的類型，可能導致資料遺失
D:\Mesh-Face-Clustering-Vector_Datastruct\OpenMesh_EX\Mesh\GUA_OM.cpp(485,24): warning C4996: 'OpenMesh::Iterators::GenericIteratorT<OpenMesh::PolyConnectivity::This,OpenMesh::ArrayKernel::FaceHandle,OpenMesh::ArrayKernel,{&OpenMesh::ArrayKernel::has_face_status,0},{&OpenMesh::ArrayKernel::[thunk]: __cdecl OpenMesh::ArrayKernel::`vcall'{32,{flat}}' }',0}>::operator OpenMesh::FaceHandle': Implicit casts of iterators are unsafe. Use dereferencing operators -> and * instead.
D:\Mesh-Face-Clustering-Vector_Datastruct\OpenMesh_EX\Mesh\GUA_OM.cpp(487,28): warning C4996: 'OpenMesh::Iterators::GenericCirculatorT_DEPRECATED<OpenMesh::PolyConnectivity::This,OpenMesh::ArrayKernel::FaceHandle,OpenMesh::ArrayKernel::VertexHandle,{&OpenMesh::Iterators::GenericCirculatorBaseT<OpenMesh::PolyConnectivity::This>::toVertexHandle,0}>::handle': This function clutters your code. Use dereferencing operators -> and * instead.
D:\Mesh-Face-Clustering-Vector_Datastruct\OpenMesh_EX\Mesh\GUA_OM.cpp(488,27): warning C4996: 'OpenMesh::Iterators::GenericCirculatorT_DEPRECATED<OpenMesh::PolyConnectivity::This,OpenMesh::ArrayKernel::FaceHandle,OpenMesh::ArrayKernel::VertexHandle,{&OpenMesh::Iterators::GenericCirculatorBaseT<OpenMesh::PolyConnectivity::This>::toVertexHandle,0}>::handle': This function clutters your code. Use dereferencing operators -> and * instead.
D:\Mesh-Face-Clustering-Vector_Datastruct\OpenMesh_EX\Mesh\GUA_OM.cpp(515,9): warning C4244: '=': 將 'int' 轉換為 'float'，由於類型不同，可能導致資料遺失
D:\Mesh-Face-Clustering-Vector_Datastruct\OpenMesh_EX\Mesh\GUA_OM.cpp(548,73): warning C4244: '引數': 將 'Scalar' 轉換為 'GLfloat'，由於類型不同，可能導致資料遺失
          with
          [
              Scalar=double
          ]
D:\Mesh-Face-Clustering-Vector_Datastruct\OpenMesh_EX\Mesh\GUA_OM.cpp(548,52): warning C4244: '引數': 將 'Scalar' 轉換為 'GLfloat'，由於類型不同，可能導致資料遺失
          with
          [
              Scalar=double
          ]
D:\Mesh-Face-Clustering-Vector_Datastruct\OpenMesh_EX\Mesh\GUA_OM.cpp(548,31): warning C4244: '引數': 將 'Scalar' 轉換為 'GLfloat'，由於類型不同，可能導致資料遺失
          with
          [
              Scalar=double
          ]
D:\Mesh-Face-Clustering-Vector_Datastruct\OpenMesh_EX\Mesh\GUA_OM.cpp(547,20): warning C4996: 'OpenMesh::Iterators::GenericIteratorT<OpenMesh::PolyConnectivity::This,OpenMesh::ArrayKernel::FaceHandle,OpenMesh::ArrayKernel,{&OpenMesh::ArrayKernel::has_face_status,0},{&OpenMesh::ArrayKernel::[thunk]: __cdecl OpenMesh::ArrayKernel::`vcall'{32,{flat}}' }',0}>::handle': This function clutters your code. Use dereferencing operators -> and * instead.
D:\Mesh-Face-Clustering-Vector_Datastruct\OpenMesh_EX\Mesh\GUA_OM.cpp(549,24): warning C4996: 'OpenMesh::Iterators::GenericIteratorT<OpenMesh::PolyConnectivity::This,OpenMesh::ArrayKernel::FaceHandle,OpenMesh::ArrayKernel,{&OpenMesh::ArrayKernel::has_face_status,0},{&OpenMesh::ArrayKernel::[thunk]: __cdecl OpenMesh::ArrayKernel::`vcall'{32,{flat}}' }',0}>::operator OpenMesh::FaceHandle': Implicit casts of iterators are unsafe. Use dereferencing operators -> and * instead.
D:\Mesh-Face-Clustering-Vector_Datastruct\OpenMesh_EX\Mesh\GUA_OM.cpp(552,28): warning C4996: 'OpenMesh::Iterators::GenericCirculatorT_DEPRECATED<OpenMesh::PolyConnectivity::This,OpenMesh::ArrayKernel::FaceHandle,OpenMesh::ArrayKernel::VertexHandle,{&OpenMesh::Iterators::GenericCirculatorBaseT<OpenMesh::PolyConnectivity::This>::toVertexHandle,0}>::handle': This function clutters your code. Use dereferencing operators -> and * instead.
D:\Mesh-Face-Clustering-Vector_Datastruct\OpenMesh_EX\Mesh\GUA_OM.cpp(553,36): warning C4996: 'OpenMesh::Iterators::GenericCirculatorT_DEPRECATED<OpenMesh::PolyConnectivity::This,OpenMesh::ArrayKernel::FaceHandle,OpenMesh::ArrayKernel::VertexHandle,{&OpenMesh::Iterators::GenericCirculatorBaseT<OpenMesh::PolyConnectivity::This>::toVertexHandle,0}>::handle': This function clutters your code. Use dereferencing operators -> and * instead.
D:\Mesh-Face-Clustering-Vector_Datastruct\OpenMesh_EX\Mesh\GUA_OM.cpp(554,39): warning C4996: 'OpenMesh::Iterators::GenericCirculatorT_DEPRECATED<OpenMesh::PolyConnectivity::This,OpenMesh::ArrayKernel::FaceHandle,OpenMesh::ArrayKernel::VertexHandle,{&OpenMesh::Iterators::GenericCirculatorBaseT<OpenMesh::PolyConnectivity::This>::toVertexHandle,0}>::handle': This function clutters your code. Use dereferencing operators -> and * instead.
D:\Mesh-Face-Clustering-Vector_Datastruct\OpenMesh_EX\Mesh\GUA_OM.cpp(622,46): warning C4996: 'OpenMesh::Iterators::GenericIteratorT<OpenMesh::PolyConnectivity::This,OpenMesh::ArrayKernel::EdgeHandle,OpenMesh::ArrayKernel,{&OpenMesh::ArrayKernel::has_edge_status,0},{&OpenMesh::ArrayKernel::[thunk]: __cdecl OpenMesh::ArrayKernel::`vcall'{24,{flat}}' }',0}>::handle': This function clutters your code. Use dereferencing operators -> and * instead.
D:\Mesh-Face-Clustering-Vector_Datastruct\OpenMesh_EX\Mesh\GUA_OM.cpp(682,30): warning C4305: '引數': 從 'double' 轉換為 'GLfloat'，是由較大的類型轉換為較小的類型，可能導致資料遺失
D:\Mesh-Face-Clustering-Vector_Datastruct\OpenMesh_EX\Mesh\GUA_OM.cpp(681,21): warning C4996: 'OpenMesh::Iterators::GenericIteratorT<OpenMesh::PolyConnectivity::This,OpenMesh::ArrayKernel::FaceHandle,OpenMesh::ArrayKernel,{&OpenMesh::ArrayKernel::has_face_status,0},{&OpenMesh::ArrayKernel::[thunk]: __cdecl OpenMesh::ArrayKernel::`vcall'{32,{flat}}' }',0}>::handle': This function clutters your code. Use dereferencing operators -> and * instead.
D:\Mesh-Face-Clustering-Vector_Datastruct\OpenMesh_EX\Mesh\GUA_OM.cpp(683,37): warning C4996: 'OpenMesh::Iterators::GenericIteratorT<OpenMesh::PolyConnectivity::This,OpenMesh::ArrayKernel::FaceHandle,OpenMesh::ArrayKernel,{&OpenMesh::ArrayKernel::has_face_status,0},{&OpenMesh::ArrayKernel::[thunk]: __cdecl OpenMesh::ArrayKernel::`vcall'{32,{flat}}' }',0}>::operator OpenMesh::FaceHandle': Implicit casts of iterators are unsafe. Use dereferencing operators -> and * instead.
D:\Mesh-Face-Clustering-Vector_Datastruct\OpenMesh_EX\Mesh\GUA_OM.cpp(686,34): warning C4996: 'OpenMesh::Iterators::GenericCirculatorT_DEPRECATED<OpenMesh::PolyConnectivity::This,OpenMesh::ArrayKernel::FaceHandle,OpenMesh::ArrayKernel::VertexHandle,{&OpenMesh::Iterators::GenericCirculatorBaseT<OpenMesh::PolyConnectivity::This>::toVertexHandle,0}>::handle': This function clutters your code. Use dereferencing operators -> and * instead.
D:\Mesh-Face-Clustering-Vector_Datastruct\OpenMesh_EX\Mesh\GUA_OM.cpp(714,52): warning C4996: 'OpenMesh::Iterators::GenericIteratorT<OpenMesh::PolyConnectivity::This,OpenMesh::ArrayKernel::EdgeHandle,OpenMesh::ArrayKernel,{&OpenMesh::ArrayKernel::has_edge_status,0},{&OpenMesh::ArrayKernel::[thunk]: __cdecl OpenMesh::ArrayKernel::`vcall'{24,{flat}}' }',0}>::handle': This function clutters your code. Use dereferencing operators -> and * instead.
D:\Mesh-Face-Clustering-Vector_Datastruct\OpenMesh_EX\Mesh\GUA_OM.cpp(739,46): warning C4996: 'OpenMesh::Iterators::GenericIteratorT<OpenMesh::PolyConnectivity::This,OpenMesh::ArrayKernel::EdgeHandle,OpenMesh::ArrayKernel,{&OpenMesh::ArrayKernel::has_edge_status,0},{&OpenMesh::ArrayKernel::[thunk]: __cdecl OpenMesh::ArrayKernel::`vcall'{24,{flat}}' }',0}>::handle': This function clutters your code. Use dereferencing operators -> and * instead.
D:\Mesh-Face-Clustering-Vector_Datastruct\OpenMesh_EX\Mesh\GUA_OM.cpp(758,21): warning C4996: 'OpenMesh::Iterators::GenericIteratorT<OpenMesh::PolyConnectivity::This,OpenMesh::ArrayKernel::VertexHandle,OpenMesh::ArrayKernel,{&OpenMesh::ArrayKernel::has_vertex_status,0},{&OpenMesh::ArrayKernel::[thunk]: __cdecl OpenMesh::ArrayKernel::`vcall'{8,{flat}}' }',0}>::operator OpenMesh::VertexHandle': Implicit casts of iterators are unsafe. Use dereferencing operators -> and * instead.
D:\Mesh-Face-Clustering-Vector_Datastruct\OpenMesh_EX\Mesh\GUA_OM.cpp(812,26): warning C4244: '=': 將 'unsigned __int64' 轉換為 'double'，由於類型不同，可能導致資料遺失
D:\Mesh-Face-Clustering-Vector_Datastruct\OpenMesh_EX\Mesh\GUA_OM.cpp(818,33): warning C4244: '+=': 將 'double' 轉換為 '_Ty2'，由於類型不同，可能導致資料遺失
          with
          [
              _Ty2=float
          ]
D:\Mesh-Face-Clustering-Vector_Datastruct\OpenMesh_EX\Mesh\GUA_OM.cpp(824,39): warning C4244: '=': 將 'double' 轉換為 '_Ty2'，由於類型不同，可能導致資料遺失
          with
          [
              _Ty2=int
          ]
D:\Mesh-Face-Clustering-Vector_Datastruct\OpenMesh_EX\Mesh\GUA_OM.cpp(828,57): warning C4244: '+=': 將 'double' 轉換為 'float'，由於類型不同，可能導致資料遺失
D:\Mesh-Face-Clustering-Vector_Datastruct\OpenMesh_EX\Mesh\GUA_OM.cpp(832,40): warning C4244: '=': 將 'double' 轉換為 '_Ty2'，由於類型不同，可能導致資料遺失
          with
          [
              _Ty2=int
          ]
D:\Mesh-Face-Clustering-Vector_Datastruct\OpenMesh_EX\Mesh\GUA_OM.cpp(787,36): warning C4996: 'OpenMesh::Iterators::GenericIteratorT<OpenMesh::PolyConnectivity::This,OpenMesh::ArrayKernel::VertexHandle,OpenMesh::ArrayKernel,{&OpenMesh::ArrayKernel::has_vertex_status,0},{&OpenMesh::ArrayKernel::[thunk]: __cdecl OpenMesh::ArrayKernel::`vcall'{8,{flat}}' }',0}>::handle': This function clutters your code. Use dereferencing operators -> and * instead.
D:\Mesh-Face-Clustering-Vector_Datastruct\OpenMesh_EX\Mesh\GUA_OM.cpp(791,21): warning C4996: 'OpenMesh::Iterators::GenericIteratorT<OpenMesh::PolyConnectivity::This,OpenMesh::ArrayKernel::FaceHandle,OpenMesh::ArrayKernel,{&OpenMesh::ArrayKernel::has_face_status,0},{&OpenMesh::ArrayKernel::[thunk]: __cdecl OpenMesh::ArrayKernel::`vcall'{32,{flat}}' }',0}>::handle': This function clutters your code. Use dereferencing operators -> and * instead.
D:\Mesh-Face-Clustering-Vector_Datastruct\OpenMesh_EX\Mesh\GUA_OM.cpp(792,43): warning C4996: 'OpenMesh::Iterators::GenericIteratorT<OpenMesh::PolyConnectivity::This,OpenMesh::ArrayKernel::FaceHandle,OpenMesh::ArrayKernel,{&OpenMesh::ArrayKernel::has_face_status,0},{&OpenMesh::ArrayKernel::[thunk]: __cdecl OpenMesh::ArrayKernel::`vcall'{32,{flat}}' }',0}>::handle': This function clutters your code. Use dereferencing operators -> and * instead.
D:\Mesh-Face-Clustering-Vector_Datastruct\OpenMesh_EX\Mesh\GUA_OM.cpp(793,48): warning C4996: 'OpenMesh::Iterators::GenericIteratorT<OpenMesh::PolyConnectivity::This,OpenMesh::ArrayKernel::FaceHandle,OpenMesh::ArrayKernel,{&OpenMesh::ArrayKernel::has_face_status,0},{&OpenMesh::ArrayKernel::[thunk]: __cdecl OpenMesh::ArrayKernel::`vcall'{32,{flat}}' }',0}>::handle': This function clutters your code. Use dereferencing operators -> and * instead.
D:\Mesh-Face-Clustering-Vector_Datastruct\OpenMesh_EX\Mesh\GUA_OM.cpp(794,24): warning C4996: 'OpenMesh::Iterators::GenericIteratorT<OpenMesh::PolyConnectivity::This,OpenMesh::ArrayKernel::FaceHandle,OpenMesh::ArrayKernel,{&OpenMesh::ArrayKernel::has_face_status,0},{&OpenMesh::ArrayKernel::[thunk]: __cdecl OpenMesh::ArrayKernel::`vcall'{32,{flat}}' }',0}>::operator OpenMesh::FaceHandle': Implicit casts of iterators are unsafe. Use dereferencing operators -> and * instead.
D:\Mesh-Face-Clustering-Vector_Datastruct\OpenMesh_EX\Mesh\GUA_OM.cpp(799,36): warning C4996: 'OpenMesh::Iterators::GenericCirculatorT_DEPRECATED<OpenMesh::PolyConnectivity::This,OpenMesh::ArrayKernel::FaceHandle,OpenMesh::ArrayKernel::VertexHandle,{&OpenMesh::Iterators::GenericCirculatorBaseT<OpenMesh::PolyConnectivity::This>::toVertexHandle,0}>::handle': This function clutters your code. Use dereferencing operators -> and * instead.
D:\Mesh-Face-Clustering-Vector_Datastruct\OpenMesh_EX\Mesh\GUA_OM.cpp(800,39): warning C4996: 'OpenMesh::Iterators::GenericCirculatorT_DEPRECATED<OpenMesh::PolyConnectivity::This,OpenMesh::ArrayKernel::FaceHandle,OpenMesh::ArrayKernel::VertexHandle,{&OpenMesh::Iterators::GenericCirculatorBaseT<OpenMesh::PolyConnectivity::This>::toVertexHandle,0}>::handle': This function clutters your code. Use dereferencing operators -> and * instead.
D:\Mesh-Face-Clustering-Vector_Datastruct\OpenMesh_EX\Mesh\GUA_OM.cpp(801,28): warning C4996: 'OpenMesh::Iterators::GenericCirculatorT_DEPRECATED<OpenMesh::PolyConnectivity::This,OpenMesh::ArrayKernel::FaceHandle,OpenMesh::ArrayKernel::VertexHandle,{&OpenMesh::Iterators::GenericCirculatorBaseT<OpenMesh::PolyConnectivity::This>::toVertexHandle,0}>::handle': This function clutters your code. Use dereferencing operators -> and * instead.
D:\Mesh-Face-Clustering-Vector_Datastruct\OpenMesh_EX\Mesh\GUA_OM.cpp(850,17): warning C4996: 'OpenMesh::Iterators::GenericIteratorT<OpenMesh::PolyConnectivity::This,OpenMesh::ArrayKernel::FaceHandle,OpenMesh::ArrayKernel,{&OpenMesh::ArrayKernel::has_face_status,0},{&OpenMesh::ArrayKernel::[thunk]: __cdecl OpenMesh::ArrayKernel::`vcall'{32,{flat}}' }',0}>::handle': This function clutters your code. Use dereferencing operators -> and * instead.
D:\Mesh-Face-Clustering-Vector_Datastruct\OpenMesh_EX\Mesh\GUA_OM.cpp(853,21): warning C4996: 'OpenMesh::Iterators::GenericIteratorT<OpenMesh::PolyConnectivity::This,OpenMesh::ArrayKernel::FaceHandle,OpenMesh::ArrayKernel,{&OpenMesh::ArrayKernel::has_face_status,0},{&OpenMesh::ArrayKernel::[thunk]: __cdecl OpenMesh::ArrayKernel::`vcall'{32,{flat}}' }',0}>::handle': This function clutters your code. Use dereferencing operators -> and * instead.
D:\Mesh-Face-Clustering-Vector_Datastruct\OpenMesh_EX\Mesh\GUA_OM.cpp(854,18): warning C4996: 'OpenMesh::Iterators::GenericIteratorT<OpenMesh::PolyConnectivity::This,OpenMesh::ArrayKernel::FaceHandle,OpenMesh::ArrayKernel,{&OpenMesh::ArrayKernel::has_face_status,0},{&OpenMesh::ArrayKernel::[thunk]: __cdecl OpenMesh::ArrayKernel::`vcall'{32,{flat}}' }',0}>::handle': This function clutters your code. Use dereferencing operators -> and * instead.
D:\Mesh-Face-Clustering-Vector_Datastruct\OpenMesh_EX\Mesh\GUA_OM.cpp(855,33): warning C4996: 'OpenMesh::Iterators::GenericIteratorT<OpenMesh::PolyConnectivity::This,OpenMesh::ArrayKernel::FaceHandle,OpenMesh::ArrayKernel,{&OpenMesh::ArrayKernel::has_face_status,0},{&OpenMesh::ArrayKernel::[thunk]: __cdecl OpenMesh::ArrayKernel::`vcall'{32,{flat}}' }',0}>::handle': This function clutters your code. Use dereferencing operators -> and * instead.
D:\Mesh-Face-Clustering-Vector_Datastruct\OpenMesh_EX\Mesh\GUA_OM.cpp(877,30): warning C4996: 'OpenMesh::Iterators::GenericIteratorT<OpenMesh::PolyConnectivity::This,OpenMesh::ArrayKernel::FaceHandle,OpenMesh::ArrayKernel,{&OpenMesh::ArrayKernel::has_face_status,0},{&OpenMesh::ArrayKernel::[thunk]: __cdecl OpenMesh::ArrayKernel::`vcall'{32,{flat}}' }',0}>::operator OpenMesh::FaceHandle': Implicit casts of iterators are unsafe. Use dereferencing operators -> and * instead.
D:\Mesh-Face-Clustering-Vector_Datastruct\OpenMesh_EX\Mesh\GUA_OM.cpp(878,22): warning C4996: 'OpenMesh::Iterators::GenericCirculatorT_DEPRECATED<OpenMesh::PolyConnectivity::This,OpenMesh::ArrayKernel::FaceHandle,OpenMesh::ArrayKernel::FaceHandle,{&OpenMesh::Iterators::GenericCirculatorBaseT<OpenMesh::PolyConnectivity::This>::toOppositeFaceHandle,0}>::handle': This function clutters your code. Use dereferencing operators -> and * instead.
D:\Mesh-Face-Clustering-Vector_Datastruct\OpenMesh_EX\Mesh\GUA_OM.cpp(879,19): warning C4996: 'OpenMesh::Iterators::GenericCirculatorT_DEPRECATED<OpenMesh::PolyConnectivity::This,OpenMesh::ArrayKernel::FaceHandle,OpenMesh::ArrayKernel::FaceHandle,{&OpenMesh::Iterators::GenericCirculatorBaseT<OpenMesh::PolyConnectivity::This>::toOppositeFaceHandle,0}>::handle': This function clutters your code. Use dereferencing operators -> and * instead.
D:\Mesh-Face-Clustering-Vector_Datastruct\OpenMesh_EX\Mesh\GUA_OM.cpp(880,34): warning C4996: 'OpenMesh::Iterators::GenericCirculatorT_DEPRECATED<OpenMesh::PolyConnectivity::This,OpenMesh::ArrayKernel::FaceHandle,OpenMesh::ArrayKernel::FaceHandle,{&OpenMesh::Iterators::GenericCirculatorBaseT<OpenMesh::PolyConnectivity::This>::toOppositeFaceHandle,0}>::handle': This function clutters your code. Use dereferencing operators -> and * instead.
D:\Mesh-Face-Clustering-Vector_Datastruct\OpenMesh_EX\Mesh\GUA_OM.cpp(893,13): warning C4244: '正在初始化': 將 'double' 轉換為 'int'，由於類型不同，可能導致資料遺失
D:\Mesh-Face-Clustering-Vector_Datastruct\OpenMesh_EX\Mesh\GUA_OM.cpp(937,23): warning C4996: 'OpenMesh::Iterators::GenericIteratorT<OpenMesh::PolyConnectivity::This,OpenMesh::ArrayKernel::FaceHandle,OpenMesh::ArrayKernel,{&OpenMesh::ArrayKernel::has_face_status,0},{&OpenMesh::ArrayKernel::[thunk]: __cdecl OpenMesh::ArrayKernel::`vcall'{32,{flat}}' }',0}>::handle': This function clutters your code. Use dereferencing operators -> and * instead.
D:\Mesh-Face-Clustering-Vector_Datastruct\OpenMesh_EX\Mesh\GUA_OM.cpp(938,13): warning C4996: 'OpenMesh::Iterators::GenericIteratorT<OpenMesh::PolyConnectivity::This,OpenMesh::ArrayKernel::FaceHandle,OpenMesh::ArrayKernel,{&OpenMesh::ArrayKernel::has_face_status,0},{&OpenMesh::ArrayKernel::[thunk]: __cdecl OpenMesh::ArrayKernel::`vcall'{32,{flat}}' }',0}>::handle': This function clutters your code. Use dereferencing operators -> and * instead.
D:\Mesh-Face-Clustering-Vector_Datastruct\OpenMesh_EX\Mesh\GUA_OM.cpp(939,20): warning C4996: 'OpenMesh::Iterators::GenericIteratorT<OpenMesh::PolyConnectivity::This,OpenMesh::ArrayKernel::FaceHandle,OpenMesh::ArrayKernel,{&OpenMesh::ArrayKernel::has_face_status,0},{&OpenMesh::ArrayKernel::[thunk]: __cdecl OpenMesh::ArrayKernel::`vcall'{32,{flat}}' }',0}>::handle': This function clutters your code. Use dereferencing operators -> and * instead.
D:\Mesh-Face-Clustering-Vector_Datastruct\OpenMesh_EX\Mesh\GUA_OM.cpp(940,19): warning C4996: 'OpenMesh::Iterators::GenericIteratorT<OpenMesh::PolyConnectivity::This,OpenMesh::ArrayKernel::FaceHandle,OpenMesh::ArrayKernel,{&OpenMesh::ArrayKernel::has_face_status,0},{&OpenMesh::ArrayKernel::[thunk]: __cdecl OpenMesh::ArrayKernel::`vcall'{32,{flat}}' }',0}>::handle': This function clutters your code. Use dereferencing operators -> and * instead.
D:\Mesh-Face-Clustering-Vector_Datastruct\OpenMesh_EX\Mesh\GUA_OM.cpp(979,38): warning C4996: 'OpenMesh::Iterators::GenericCirculatorT_DEPRECATED<OpenMesh::PolyConnectivity::This,OpenMesh::ArrayKernel::FaceHandle,OpenMesh::ArrayKernel::FaceHandle,{&OpenMesh::Iterators::GenericCirculatorBaseT<OpenMesh::PolyConnectivity::This>::toOppositeFaceHandle,0}>::operator bool': Do not use this error prone implicit cast. Compare to end-iterator or use is_valid(), instead.
D:\Mesh-Face-Clustering-Vector_Datastruct\OpenMesh_EX\Mesh\GUA_OM.cpp(981,22): warning C4996: 'OpenMesh::Iterators::GenericCirculatorT_DEPRECATED<OpenMesh::PolyConnectivity::This,OpenMesh::ArrayKernel::FaceHandle,OpenMesh::ArrayKernel::FaceHandle,{&OpenMesh::Iterators::GenericCirculatorBaseT<OpenMesh::PolyConnectivity::This>::toOppositeFaceHandle,0}>::handle': This function clutters your code. Use dereferencing operators -> and * instead.
D:\Mesh-Face-Clustering-Vector_Datastruct\OpenMesh_EX\Mesh\GUA_OM.cpp(1068,59): warning C4996: 'OpenMesh::Iterators::GenericCirculatorT_DEPRECATED<OpenMesh::PolyConnectivity::This,OpenMesh::ArrayKernel::FaceHandle,OpenMesh::ArrayKernel::FaceHandle,{&OpenMesh::Iterators::GenericCirculatorBaseT<OpenMesh::PolyConnectivity::This>::toOppositeFaceHandle,0}>::operator bool': Do not use this error prone implicit cast. Compare to end-iterator or use is_valid(), instead.
D:\Mesh-Face-Clustering-Vector_Datastruct\OpenMesh_EX\Mesh\GUA_OM.cpp(1071,32): warning C4996: 'OpenMesh::Iterators::GenericCirculatorT_DEPRECATED<OpenMesh::PolyConnectivity::This,OpenMesh::ArrayKernel::FaceHandle,OpenMesh::ArrayKernel::FaceHandle,{&OpenMesh::Iterators::GenericCirculatorBaseT<OpenMesh::PolyConnectivity::This>::toOppositeFaceHandle,0}>::handle': This function clutters your code. Use dereferencing operators -> and * instead.
D:\Mesh-Face-Clustering-Vector_Datastruct\OpenMesh_EX\Mesh\GUA_OM.cpp(1161,66): warning C4244: '引數': 將 'double' 轉換為 'float'，由於類型不同，可能導致資料遺失
D:\Mesh-Face-Clustering-Vector_Datastruct\OpenMesh_EX\Mesh\GUA_OM.cpp(1161,14): warning C4244: '正在初始化': 將 'double' 轉換為 'float'，由於類型不同，可能導致資料遺失
D:\Mesh-Face-Clustering-Vector_Datastruct\OpenMesh_EX\Mesh\GUA_OM.cpp(1163,14): warning C4244: '正在初始化': 將 'double' 轉換為 'float'，由於類型不同，可能導致資料遺失
D:\Mesh-Face-Clustering-Vector_Datastruct\OpenMesh_EX\Mesh\GUA_OM.cpp(1163,39): warning C4244: '正在初始化': 將 'double' 轉換為 'float'，由於類型不同，可能導致資料遺失
D:\Mesh-Face-Clustering-Vector_Datastruct\OpenMesh_EX\Mesh\GUA_OM.cpp(1164,14): warning C4244: '正在初始化': 將 'double' 轉換為 'float'，由於類型不同，可能導致資料遺失
D:\Mesh-Face-Clustering-Vector_Datastruct\OpenMesh_EX\Mesh\GUA_OM.cpp(1164,36): warning C4244: '正在初始化': 將 'double' 轉換為 'float'，由於類型不同，可能導致資料遺失
D:\Mesh-Face-Clustering-Vector_Datastruct\OpenMesh_EX\Mesh\GUA_OM.cpp(1165,14): warning C4244: '正在初始化': 將 'double' 轉換為 'float'，由於類型不同，可能導致資料遺失
D:\Mesh-Face-Clustering-Vector_Datastruct\OpenMesh_EX\Mesh\GUA_OM.cpp(1165,36): warning C4244: '正在初始化': 將 'double' 轉換為 'float'，由於類型不同，可能導致資料遺失
D:\Mesh-Face-Clustering-Vector_Datastruct\OpenMesh_EX\Mesh\GUA_OM.cpp(1286,21): warning C4244: '=': 將 'clock_t' 轉換為 'float'，由於類型不同，可能導致資料遺失
D:\Mesh-Face-Clustering-Vector_Datastruct\OpenMesh_EX\Mesh\GUA_OM.cpp(1452,28): warning C4244: '=': 將 'Scalar' 轉換為 'float'，由於類型不同，可能導致資料遺失
          with
          [
              Scalar=double
          ]
D:\Mesh-Face-Clustering-Vector_Datastruct\OpenMesh_EX\Mesh\GUA_OM.cpp(1523,19): warning C4244: '=': 將 'clock_t' 轉換為 'float'，由於類型不同，可能導致資料遺失
D:\Mesh-Face-Clustering-Vector_Datastruct\OpenMesh_EX\Mesh\GUA_OM.cpp(1531,18): warning C4244: '=': 將 'int' 轉換為 'float'，由於類型不同，可能導致資料遺失
D:\Mesh-Face-Clustering-Vector_Datastruct\OpenMesh_EX\Mesh\GUA_OM.cpp(1616,18): warning C4996: 'OpenMesh::Iterators::GenericIteratorT<OpenMesh::PolyConnectivity::This,OpenMesh::ArrayKernel::VertexHandle,OpenMesh::ArrayKernel,{&OpenMesh::ArrayKernel::has_vertex_status,0},{&OpenMesh::ArrayKernel::[thunk]: __cdecl OpenMesh::ArrayKernel::`vcall'{8,{flat}}' }',0}>::handle': This function clutters your code. Use dereferencing operators -> and * instead.
D:\Mesh-Face-Clustering-Vector_Datastruct\OpenMesh_EX\Mesh\GUA_OM.cpp(1617,34): warning C4996: 'OpenMesh::Iterators::GenericIteratorT<OpenMesh::PolyConnectivity::This,OpenMesh::ArrayKernel::VertexHandle,OpenMesh::ArrayKernel,{&OpenMesh::ArrayKernel::has_vertex_status,0},{&OpenMesh::ArrayKernel::[thunk]: __cdecl OpenMesh::ArrayKernel::`vcall'{8,{flat}}' }',0}>::handle': This function clutters your code. Use dereferencing operators -> and * instead.
D:\Mesh-Face-Clustering-Vector_Datastruct\OpenMesh_EX\Mesh\GUA_OM.cpp(1622,34): warning C4996: 'OpenMesh::Iterators::GenericIteratorT<OpenMesh::PolyConnectivity::This,OpenMesh::ArrayKernel::FaceHandle,OpenMesh::ArrayKernel,{&OpenMesh::ArrayKernel::has_face_status,0},{&OpenMesh::ArrayKernel::[thunk]: __cdecl OpenMesh::ArrayKernel::`vcall'{32,{flat}}' }',0}>::handle': This function clutters your code. Use dereferencing operators -> and * instead.
D:\Mesh-Face-Clustering-Vector_Datastruct\OpenMesh_EX\Mesh\GUA_OM.cpp(1624,32): warning C4996: 'OpenMesh::Iterators::GenericIteratorT<OpenMesh::PolyConnectivity::This,OpenMesh::ArrayKernel::FaceHandle,OpenMesh::ArrayKernel,{&OpenMesh::ArrayKernel::has_face_status,0},{&OpenMesh::ArrayKernel::[thunk]: __cdecl OpenMesh::ArrayKernel::`vcall'{32,{flat}}' }',0}>::operator OpenMesh::FaceHandle': Implicit casts of iterators are unsafe. Use dereferencing operators -> and * instead.
D:\Mesh-Face-Clustering-Vector_Datastruct\OpenMesh_EX\Mesh\GUA_OM.cpp(1625,30): warning C4996: 'OpenMesh::Iterators::GenericCirculatorT_DEPRECATED<OpenMesh::PolyConnectivity::This,OpenMesh::ArrayKernel::FaceHandle,OpenMesh::ArrayKernel::VertexHandle,{&OpenMesh::Iterators::GenericCirculatorBaseT<OpenMesh::PolyConnectivity::This>::toVertexHandle,0}>::handle': This function clutters your code. Use dereferencing operators -> and * instead.
D:\Mesh-Face-Clustering-Vector_Datastruct\OpenMesh_EX\Mesh\GUA_OM.cpp(1626,24): warning C4996: 'OpenMesh::Iterators::GenericCirculatorT_DEPRECATED<OpenMesh::PolyConnectivity::This,OpenMesh::ArrayKernel::FaceHandle,OpenMesh::ArrayKernel::VertexHandle,{&OpenMesh::Iterators::GenericCirculatorBaseT<OpenMesh::PolyConnectivity::This>::toVertexHandle,0}>::handle': This function clutters your code. Use dereferencing operators -> and * instead.
D:\Mesh-Face-Clustering-Vector_Datastruct\OpenMesh_EX\Mesh\GUA_OM.cpp(1682,24): warning C4996: 'OpenMesh::Iterators::GenericIteratorT<OpenMesh::PolyConnectivity::This,OpenMesh::ArrayKernel::VertexHandle,OpenMesh::ArrayKernel,{&OpenMesh::ArrayKernel::has_vertex_status,0},{&OpenMesh::ArrayKernel::[thunk]: __cdecl OpenMesh::ArrayKernel::`vcall'{8,{flat}}' }',0}>::handle': This function clutters your code. Use dereferencing operators -> and * instead.
D:\Mesh-Face-Clustering-Vector_Datastruct\OpenMesh_EX\Mesh\GUA_OM.cpp(1698,38): warning C4996: 'OpenMesh::Iterators::GenericIteratorT<OpenMesh::PolyConnectivity::This,OpenMesh::ArrayKernel::FaceHandle,OpenMesh::ArrayKernel,{&OpenMesh::ArrayKernel::has_face_status,0},{&OpenMesh::ArrayKernel::[thunk]: __cdecl OpenMesh::ArrayKernel::`vcall'{32,{flat}}' }',0}>::operator OpenMesh::FaceHandle': Implicit casts of iterators are unsafe. Use dereferencing operators -> and * instead.
D:\Mesh-Face-Clustering-Vector_Datastruct\OpenMesh_EX\Mesh\GUA_OM.cpp(1700,25): warning C4996: 'OpenMesh::Iterators::GenericCirculatorT_DEPRECATED<OpenMesh::PolyConnectivity::This,OpenMesh::ArrayKernel::FaceHandle,OpenMesh::ArrayKernel::VertexHandle,{&OpenMesh::Iterators::GenericCirculatorBaseT<OpenMesh::PolyConnectivity::This>::toVertexHandle,0}>::handle': This function clutters your code. Use dereferencing operators -> and * instead.
D:\Mesh-Face-Clustering-Vector_Datastruct\OpenMesh_EX\Mesh\GUA_OM.cpp(1701,24): warning C4996: 'OpenMesh::Iterators::GenericCirculatorT_DEPRECATED<OpenMesh::PolyConnectivity::This,OpenMesh::ArrayKernel::FaceHandle,OpenMesh::ArrayKernel::VertexHandle,{&OpenMesh::Iterators::GenericCirculatorBaseT<OpenMesh::PolyConnectivity::This>::toVertexHandle,0}>::handle': This function clutters your code. Use dereferencing operators -> and * instead.
D:\Mesh-Face-Clustering-Vector_Datastruct\OpenMesh_EX\Mesh\GUA_OM.cpp(1749,24): warning C4996: 'OpenMesh::Iterators::GenericIteratorT<OpenMesh::PolyConnectivity::This,OpenMesh::ArrayKernel::VertexHandle,OpenMesh::ArrayKernel,{&OpenMesh::ArrayKernel::has_vertex_status,0},{&OpenMesh::ArrayKernel::[thunk]: __cdecl OpenMesh::ArrayKernel::`vcall'{8,{flat}}' }',0}>::handle': This function clutters your code. Use dereferencing operators -> and * instead.
D:\Mesh-Face-Clustering-Vector_Datastruct\OpenMesh_EX\Mesh\GUA_OM.cpp(1765,38): warning C4996: 'OpenMesh::Iterators::GenericIteratorT<OpenMesh::PolyConnectivity::This,OpenMesh::ArrayKernel::FaceHandle,OpenMesh::ArrayKernel,{&OpenMesh::ArrayKernel::has_face_status,0},{&OpenMesh::ArrayKernel::[thunk]: __cdecl OpenMesh::ArrayKernel::`vcall'{32,{flat}}' }',0}>::operator OpenMesh::FaceHandle': Implicit casts of iterators are unsafe. Use dereferencing operators -> and * instead.
D:\Mesh-Face-Clustering-Vector_Datastruct\OpenMesh_EX\Mesh\GUA_OM.cpp(1767,25): warning C4996: 'OpenMesh::Iterators::GenericCirculatorT_DEPRECATED<OpenMesh::PolyConnectivity::This,OpenMesh::ArrayKernel::FaceHandle,OpenMesh::ArrayKernel::VertexHandle,{&OpenMesh::Iterators::GenericCirculatorBaseT<OpenMesh::PolyConnectivity::This>::toVertexHandle,0}>::handle': This function clutters your code. Use dereferencing operators -> and * instead.
D:\Mesh-Face-Clustering-Vector_Datastruct\OpenMesh_EX\Mesh\GUA_OM.cpp(1768,24): warning C4996: 'OpenMesh::Iterators::GenericCirculatorT_DEPRECATED<OpenMesh::PolyConnectivity::This,OpenMesh::ArrayKernel::FaceHandle,OpenMesh::ArrayKernel::VertexHandle,{&OpenMesh::Iterators::GenericCirculatorBaseT<OpenMesh::PolyConnectivity::This>::toVertexHandle,0}>::handle': This function clutters your code. Use dereferencing operators -> and * instead.
D:\Mesh-Face-Clustering-Vector_Datastruct\OpenMesh_EX\Mesh\GUA_OM.cpp(1851,2): warning C4996: 'strcpy': This function or variable may be unsafe. Consider using strcpy_s instead. To disable deprecation, use _CRT_SECURE_NO_WARNINGS. See online help for details.
D:\Mesh-Face-Clustering-Vector_Datastruct\OpenMesh_EX\Mesh\GUA_OM.cpp(1890,52): warning C4267: '=': 將 'size_t' 轉換為 'int'，資料可能遺失
D:\Mesh-Face-Clustering-Vector_Datastruct\OpenMesh_EX\Mesh\GUA_OM.cpp(1951,55): warning C4267: '=': 將 'size_t' 轉換為 'int'，資料可能遺失
D:\Mesh-Face-Clustering-Vector_Datastruct\OpenMesh_EX\Mesh\GUA_OM.cpp(1862,23): warning C4996: 'OpenMesh::Iterators::GenericIteratorT<OpenMesh::PolyConnectivity::This,OpenMesh::ArrayKernel::VertexHandle,OpenMesh::ArrayKernel,{&OpenMesh::ArrayKernel::has_vertex_status,0},{&OpenMesh::ArrayKernel::[thunk]: __cdecl OpenMesh::ArrayKernel::`vcall'{8,{flat}}' }',0}>::handle': This function clutters your code. Use dereferencing operators -> and * instead.
D:\Mesh-Face-Clustering-Vector_Datastruct\OpenMesh_EX\Mesh\GUA_OM.cpp(1864,23): warning C4996: 'OpenMesh::Iterators::GenericIteratorT<OpenMesh::PolyConnectivity::This,OpenMesh::ArrayKernel::FaceHandle,OpenMesh::ArrayKernel,{&OpenMesh::ArrayKernel::has_face_status,0},{&OpenMesh::ArrayKernel::[thunk]: __cdecl OpenMesh::ArrayKernel::`vcall'{32,{flat}}' }',0}>::handle': This function clutters your code. Use dereferencing operators -> and * instead.
D:\Mesh-Face-Clustering-Vector_Datastruct\OpenMesh_EX\Mesh\GUA_OM.cpp(1879,36): warning C4996: 'OpenMesh::Iterators::GenericCirculatorT_DEPRECATED<OpenMesh::PolyConnectivity::This,OpenMesh::ArrayKernel::FaceHandle,OpenMesh::ArrayKernel::VertexHandle,{&OpenMesh::Iterators::GenericCirculatorBaseT<OpenMesh::PolyConnectivity::This>::toVertexHandle,0}>::operator bool': Do not use this error prone implicit cast. Compare to end-iterator or use is_valid(), instead.
D:\Mesh-Face-Clustering-Vector_Datastruct\OpenMesh_EX\Mesh\GUA_OM.cpp(1881,19): warning C4996: 'OpenMesh::Iterators::GenericCirculatorT_DEPRECATED<OpenMesh::PolyConnectivity::This,OpenMesh::ArrayKernel::FaceHandle,OpenMesh::ArrayKernel::VertexHandle,{&OpenMesh::Iterators::GenericCirculatorBaseT<OpenMesh::PolyConnectivity::This>::toVertexHandle,0}>::handle': This function clutters your code. Use dereferencing operators -> and * instead.
D:\Mesh-Face-Clustering-Vector_Datastruct\OpenMesh_EX\Mesh\GUA_OM.cpp(1883,23): warning C4996: 'OpenMesh::Iterators::GenericCirculatorT_DEPRECATED<OpenMesh::PolyConnectivity::This,OpenMesh::ArrayKernel::FaceHandle,OpenMesh::ArrayKernel::VertexHandle,{&OpenMesh::Iterators::GenericCirculatorBaseT<OpenMesh::PolyConnectivity::This>::toVertexHandle,0}>::handle': This function clutters your code. Use dereferencing operators -> and * instead.
D:\Mesh-Face-Clustering-Vector_Datastruct\OpenMesh_EX\Mesh\GUA_OM.cpp(1885,25): warning C4996: 'OpenMesh::Iterators::GenericCirculatorT_DEPRECATED<OpenMesh::PolyConnectivity::This,OpenMesh::ArrayKernel::FaceHandle,OpenMesh::ArrayKernel::VertexHandle,{&OpenMesh::Iterators::GenericCirculatorBaseT<OpenMesh::PolyConnectivity::This>::toVertexHandle,0}>::handle': This function clutters your code. Use dereferencing operators -> and * instead.
D:\Mesh-Face-Clustering-Vector_Datastruct\OpenMesh_EX\Mesh\GUA_OM.cpp(1890,17): warning C4996: 'OpenMesh::Iterators::GenericCirculatorT_DEPRECATED<OpenMesh::PolyConnectivity::This,OpenMesh::ArrayKernel::FaceHandle,OpenMesh::ArrayKernel::VertexHandle,{&OpenMesh::Iterators::GenericCirculatorBaseT<OpenMesh::PolyConnectivity::This>::toVertexHandle,0}>::handle': This function clutters your code. Use dereferencing operators -> and * instead.
D:\Mesh-Face-Clustering-Vector_Datastruct\OpenMesh_EX\Mesh\GUA_OM.cpp(1893,39): warning C4996: 'OpenMesh::Iterators::GenericCirculatorT_DEPRECATED<OpenMesh::PolyConnectivity::This,OpenMesh::ArrayKernel::FaceHandle,OpenMesh::ArrayKernel::VertexHandle,{&OpenMesh::Iterators::GenericCirculatorBaseT<OpenMesh::PolyConnectivity::This>::toVertexHandle,0}>::handle': This function clutters your code. Use dereferencing operators -> and * instead.
D:\Mesh-Face-Clustering-Vector_Datastruct\OpenMesh_EX\Mesh\GUA_OM.cpp(1910,39): warning C4996: 'OpenMesh::Iterators::GenericIteratorT<OpenMesh::PolyConnectivity::This,OpenMesh::ArrayKernel::FaceHandle,OpenMesh::ArrayKernel,{&OpenMesh::ArrayKernel::has_face_status,0},{&OpenMesh::ArrayKernel::[thunk]: __cdecl OpenMesh::ArrayKernel::`vcall'{32,{flat}}' }',0}>::operator OpenMesh::FaceHandle': Implicit casts of iterators are unsafe. Use dereferencing operators -> and * instead.
D:\Mesh-Face-Clustering-Vector_Datastruct\OpenMesh_EX\Mesh\GUA_OM.cpp(1912,30): warning C4996: 'OpenMesh::Iterators::GenericCirculatorT_DEPRECATED<OpenMesh::PolyConnectivity::This,OpenMesh::ArrayKernel::FaceHandle,OpenMesh::ArrayKernel::VertexHandle,{&OpenMesh::Iterators::GenericCirculatorBaseT<OpenMesh::PolyConnectivity::This>::toVertexHandle,0}>::operator OpenMesh::VertexHandle': Implicit casts of iterators are unsafe. Use dereferencing operators -> and * instead.
D:\Mesh-Face-Clustering-Vector_Datastruct\OpenMesh_EX\Mesh\GUA_OM.cpp(1914,32): warning C4996: 'OpenMesh::Iterators::GenericCirculatorT_DEPRECATED<OpenMesh::PolyConnectivity::This,OpenMesh::ArrayKernel::FaceHandle,OpenMesh::ArrayKernel::VertexHandle,{&OpenMesh::Iterators::GenericCirculatorBaseT<OpenMesh::PolyConnectivity::This>::toVertexHandle,0}>::operator OpenMesh::VertexHandle': Implicit casts of iterators are unsafe. Use dereferencing operators -> and * instead.
D:\Mesh-Face-Clustering-Vector_Datastruct\OpenMesh_EX\Mesh\GUA_OM.cpp(1940,38): warning C4996: 'OpenMesh::Iterators::GenericIteratorT<OpenMesh::PolyConnectivity::This,OpenMesh::ArrayKernel::FaceHandle,OpenMesh::ArrayKernel,{&OpenMesh::ArrayKernel::has_face_status,0},{&OpenMesh::ArrayKernel::[thunk]: __cdecl OpenMesh::ArrayKernel::`vcall'{32,{flat}}' }',0}>::operator OpenMesh::FaceHandle': Implicit casts of iterators are unsafe. Use dereferencing operators -> and * instead.
D:\Mesh-Face-Clustering-Vector_Datastruct\OpenMesh_EX\Mesh\GUA_OM.cpp(1942,30): warning C4996: 'OpenMesh::Iterators::GenericCirculatorT_DEPRECATED<OpenMesh::PolyConnectivity::This,OpenMesh::ArrayKernel::FaceHandle,OpenMesh::ArrayKernel::VertexHandle,{&OpenMesh::Iterators::GenericCirculatorBaseT<OpenMesh::PolyConnectivity::This>::toVertexHandle,0}>::operator OpenMesh::VertexHandle': Implicit casts of iterators are unsafe. Use dereferencing operators -> and * instead.
D:\Mesh-Face-Clustering-Vector_Datastruct\OpenMesh_EX\Mesh\GUA_OM.cpp(1946,39): warning C4996: 'OpenMesh::Iterators::GenericIteratorT<OpenMesh::PolyConnectivity::This,OpenMesh::ArrayKernel::FaceHandle,OpenMesh::ArrayKernel,{&OpenMesh::ArrayKernel::has_face_status,0},{&OpenMesh::ArrayKernel::[thunk]: __cdecl OpenMesh::ArrayKernel::`vcall'{32,{flat}}' }',0}>::operator OpenMesh::FaceHandle': Implicit casts of iterators are unsafe. Use dereferencing operators -> and * instead.
D:\Mesh-Face-Clustering-Vector_Datastruct\OpenMesh_EX\Mesh\GUA_OM.cpp(1948,31): warning C4996: 'OpenMesh::Iterators::GenericCirculatorT_DEPRECATED<OpenMesh::PolyConnectivity::This,OpenMesh::ArrayKernel::FaceHandle,OpenMesh::ArrayKernel::VertexHandle,{&OpenMesh::Iterators::GenericCirculatorBaseT<OpenMesh::PolyConnectivity::This>::toVertexHandle,0}>::operator OpenMesh::VertexHandle': Implicit casts of iterators are unsafe. Use dereferencing operators -> and * instead.
D:\Mesh-Face-Clustering-Vector_Datastruct\OpenMesh_EX\Mesh\GUA_OM.cpp(1949,28): warning C4996: 'OpenMesh::Iterators::GenericCirculatorT_DEPRECATED<OpenMesh::PolyConnectivity::This,OpenMesh::ArrayKernel::FaceHandle,OpenMesh::ArrayKernel::VertexHandle,{&OpenMesh::Iterators::GenericCirculatorBaseT<OpenMesh::PolyConnectivity::This>::toVertexHandle,0}>::handle': This function clutters your code. Use dereferencing operators -> and * instead.
D:\Mesh-Face-Clustering-Vector_Datastruct\OpenMesh_EX\Mesh\GUA_OM.cpp(1950,60): warning C4996: 'OpenMesh::Iterators::GenericCirculatorT_DEPRECATED<OpenMesh::PolyConnectivity::This,OpenMesh::ArrayKernel::FaceHandle,OpenMesh::ArrayKernel::VertexHandle,{&OpenMesh::Iterators::GenericCirculatorBaseT<OpenMesh::PolyConnectivity::This>::toVertexHandle,0}>::handle': This function clutters your code. Use dereferencing operators -> and * instead.
D:\Mesh-Face-Clustering-Vector_Datastruct\OpenMesh_EX\Mesh\GUA_OM.cpp(1951,20): warning C4996: 'OpenMesh::Iterators::GenericCirculatorT_DEPRECATED<OpenMesh::PolyConnectivity::This,OpenMesh::ArrayKernel::FaceHandle,OpenMesh::ArrayKernel::VertexHandle,{&OpenMesh::Iterators::GenericCirculatorBaseT<OpenMesh::PolyConnectivity::This>::toVertexHandle,0}>::handle': This function clutters your code. Use dereferencing operators -> and * instead.
D:\Mesh-Face-Clustering-Vector_Datastruct\OpenMesh_EX\Mesh\GUA_OM.cpp(1954,46): warning C4996: 'OpenMesh::Iterators::GenericCirculatorT_DEPRECATED<OpenMesh::PolyConnectivity::This,OpenMesh::ArrayKernel::FaceHandle,OpenMesh::ArrayKernel::VertexHandle,{&OpenMesh::Iterators::GenericCirculatorBaseT<OpenMesh::PolyConnectivity::This>::toVertexHandle,0}>::handle': This function clutters your code. Use dereferencing operators -> and * instead.
D:\Mesh-Face-Clustering-Vector_Datastruct\OpenMesh_EX\Mesh\GUA_OM.cpp(1962,40): warning C4996: 'OpenMesh::Iterators::GenericIteratorT<OpenMesh::PolyConnectivity::This,OpenMesh::ArrayKernel::FaceHandle,OpenMesh::ArrayKernel,{&OpenMesh::ArrayKernel::has_face_status,0},{&OpenMesh::ArrayKernel::[thunk]: __cdecl OpenMesh::ArrayKernel::`vcall'{32,{flat}}' }',0}>::operator OpenMesh::FaceHandle': Implicit casts of iterators are unsafe. Use dereferencing operators -> and * instead.
D:\Mesh-Face-Clustering-Vector_Datastruct\OpenMesh_EX\Mesh\GUA_OM.cpp(1964,32): warning C4996: 'OpenMesh::Iterators::GenericCirculatorT_DEPRECATED<OpenMesh::PolyConnectivity::This,OpenMesh::ArrayKernel::FaceHandle,OpenMesh::ArrayKernel::VertexHandle,{&OpenMesh::Iterators::GenericCirculatorBaseT<OpenMesh::PolyConnectivity::This>::toVertexHandle,0}>::operator OpenMesh::VertexHandle': Implicit casts of iterators are unsafe. Use dereferencing operators -> and * instead.
D:\Mesh-Face-Clustering-Vector_Datastruct\OpenMesh_EX\Mesh\GUA_OM.cpp(1966,60): warning C4996: 'OpenMesh::Iterators::GenericCirculatorT_DEPRECATED<OpenMesh::PolyConnectivity::This,OpenMesh::ArrayKernel::FaceHandle,OpenMesh::ArrayKernel::VertexHandle,{&OpenMesh::Iterators::GenericCirculatorBaseT<OpenMesh::PolyConnectivity::This>::toVertexHandle,0}>::handle': This function clutters your code. Use dereferencing operators -> and * instead.
D:\Mesh-Face-Clustering-Vector_Datastruct\OpenMesh_EX\Mesh\GUA_OM.cpp(1989,29): warning C4996: 'OpenMesh::Iterators::GenericIteratorT<OpenMesh::PolyConnectivity::This,OpenMesh::ArrayKernel::VertexHandle,OpenMesh::ArrayKernel,{&OpenMesh::ArrayKernel::has_vertex_status,0},{&OpenMesh::ArrayKernel::[thunk]: __cdecl OpenMesh::ArrayKernel::`vcall'{8,{flat}}' }',0}>::operator OpenMesh::VertexHandle': Implicit casts of iterators are unsafe. Use dereferencing operators -> and * instead.
D:\Mesh-Face-Clustering-Vector_Datastruct\OpenMesh_EX\Mesh\GUA_OM.cpp(1991,23): warning C4996: 'OpenMesh::Iterators::GenericIteratorT<OpenMesh::PolyConnectivity::This,OpenMesh::ArrayKernel::VertexHandle,OpenMesh::ArrayKernel,{&OpenMesh::ArrayKernel::has_vertex_status,0},{&OpenMesh::ArrayKernel::[thunk]: __cdecl OpenMesh::ArrayKernel::`vcall'{8,{flat}}' }',0}>::handle': This function clutters your code. Use dereferencing operators -> and * instead.
D:\Mesh-Face-Clustering-Vector_Datastruct\OpenMesh_EX\Mesh\GUA_OM.cpp(1992,23): warning C4996: 'OpenMesh::Iterators::GenericIteratorT<OpenMesh::PolyConnectivity::This,OpenMesh::ArrayKernel::VertexHandle,OpenMesh::ArrayKernel,{&OpenMesh::ArrayKernel::has_vertex_status,0},{&OpenMesh::ArrayKernel::[thunk]: __cdecl OpenMesh::ArrayKernel::`vcall'{8,{flat}}' }',0}>::handle': This function clutters your code. Use dereferencing operators -> and * instead.
D:\Mesh-Face-Clustering-Vector_Datastruct\OpenMesh_EX\Mesh\GUA_OM.cpp(1993,40): warning C4996: 'OpenMesh::Iterators::GenericIteratorT<OpenMesh::PolyConnectivity::This,OpenMesh::ArrayKernel::VertexHandle,OpenMesh::ArrayKernel,{&OpenMesh::ArrayKernel::has_vertex_status,0},{&OpenMesh::ArrayKernel::[thunk]: __cdecl OpenMesh::ArrayKernel::`vcall'{8,{flat}}' }',0}>::operator OpenMesh::VertexHandle': Implicit casts of iterators are unsafe. Use dereferencing operators -> and * instead.
D:\Mesh-Face-Clustering-Vector_Datastruct\OpenMesh_EX\Mesh\GUA_OM.cpp(1995,31): warning C4996: 'OpenMesh::Iterators::GenericCirculatorT_DEPRECATED<OpenMesh::PolyConnectivity::This,OpenMesh::ArrayKernel::VertexHandle,OpenMesh::ArrayKernel::VertexHandle,{&OpenMesh::Iterators::GenericCirculatorBaseT<OpenMesh::PolyConnectivity::This>::toVertexHandle,0}>::operator OpenMesh::VertexHandle': Implicit casts of iterators are unsafe. Use dereferencing operators -> and * instead.
D:\Mesh-Face-Clustering-Vector_Datastruct\OpenMesh_EX\Mesh\GUA_OM.cpp(1997,25): warning C4996: 'OpenMesh::Iterators::GenericIteratorT<OpenMesh::PolyConnectivity::This,OpenMesh::ArrayKernel::VertexHandle,OpenMesh::ArrayKernel,{&OpenMesh::ArrayKernel::has_vertex_status,0},{&OpenMesh::ArrayKernel::[thunk]: __cdecl OpenMesh::ArrayKernel::`vcall'{8,{flat}}' }',0}>::handle': This function clutters your code. Use dereferencing operators -> and * instead.
D:\Mesh-Face-Clustering-Vector_Datastruct\OpenMesh_EX\Mesh\GUA_OM.cpp(2040,50): warning C4244: '引數': 將 'double' 轉換為 'float'，由於類型不同，可能導致資料遺失
D:\Mesh-Face-Clustering-Vector_Datastruct\OpenMesh_EX\Mesh\GUA_OM.cpp(2040,11): warning C4244: '=': 將 'double' 轉換為 'float'，由於類型不同，可能導致資料遺失
D:\Mesh-Face-Clustering-Vector_Datastruct\OpenMesh_EX\Mesh\GUA_OM.cpp(2041,49): warning C4244: '引數': 將 'double' 轉換為 'float'，由於類型不同，可能導致資料遺失
D:\Mesh-Face-Clustering-Vector_Datastruct\OpenMesh_EX\Mesh\GUA_OM.cpp(2041,11): warning C4244: '=': 將 'double' 轉換為 'float'，由於類型不同，可能導致資料遺失
D:\Mesh-Face-Clustering-Vector_Datastruct\OpenMesh_EX\Mesh\GUA_OM.cpp(2042,50): warning C4244: '引數': 將 'double' 轉換為 'float'，由於類型不同，可能導致資料遺失
D:\Mesh-Face-Clustering-Vector_Datastruct\OpenMesh_EX\Mesh\GUA_OM.cpp(2042,12): warning C4244: '=': 將 'double' 轉換為 'float'，由於類型不同，可能導致資料遺失
D:\Mesh-Face-Clustering-Vector_Datastruct\OpenMesh_EX\Mesh\GUA_OM.cpp(2045,44): warning C4244: '=': 將 'double' 轉換為 'float'，由於類型不同，可能導致資料遺失
D:\Mesh-Face-Clustering-Vector_Datastruct\OpenMesh_EX\Mesh\GUA_OM.cpp(2030,36): warning C4996: 'OpenMesh::Iterators::GenericIteratorT<OpenMesh::PolyConnectivity::This,OpenMesh::ArrayKernel::FaceHandle,OpenMesh::ArrayKernel,{&OpenMesh::ArrayKernel::has_face_status,0},{&OpenMesh::ArrayKernel::[thunk]: __cdecl OpenMesh::ArrayKernel::`vcall'{32,{flat}}' }',0}>::operator OpenMesh::FaceHandle': Implicit casts of iterators are unsafe. Use dereferencing operators -> and * instead.
D:\Mesh-Face-Clustering-Vector_Datastruct\OpenMesh_EX\Mesh\GUA_OM.cpp(2033,28): warning C4996: 'OpenMesh::Iterators::GenericCirculatorT_DEPRECATED<OpenMesh::PolyConnectivity::This,OpenMesh::ArrayKernel::FaceHandle,OpenMesh::ArrayKernel::VertexHandle,{&OpenMesh::Iterators::GenericCirculatorBaseT<OpenMesh::PolyConnectivity::This>::toVertexHandle,0}>::operator OpenMesh::VertexHandle': Implicit casts of iterators are unsafe. Use dereferencing operators -> and * instead.
D:\Mesh-Face-Clustering-Vector_Datastruct\OpenMesh_EX\Mesh\GUA_OM.cpp(2045,20): warning C4996: 'OpenMesh::Iterators::GenericIteratorT<OpenMesh::PolyConnectivity::This,OpenMesh::ArrayKernel::FaceHandle,OpenMesh::ArrayKernel,{&OpenMesh::ArrayKernel::has_face_status,0},{&OpenMesh::ArrayKernel::[thunk]: __cdecl OpenMesh::ArrayKernel::`vcall'{32,{flat}}' }',0}>::handle': This function clutters your code. Use dereferencing operators -> and * instead.
D:\Mesh-Face-Clustering-Vector_Datastruct\OpenMesh_EX\Mesh\GUA_OM.cpp(2100,25): warning C4996: 'OpenMesh::Iterators::GenericIteratorT<OpenMesh::PolyConnectivity::This,OpenMesh::ArrayKernel::FaceHandle,OpenMesh::ArrayKernel,{&OpenMesh::ArrayKernel::has_face_status,0},{&OpenMesh::ArrayKernel::[thunk]: __cdecl OpenMesh::ArrayKernel::`vcall'{32,{flat}}' }',0}>::operator OpenMesh::FaceHandle': Implicit casts of iterators are unsafe. Use dereferencing operators -> and * instead.
D:\Mesh-Face-Clustering-Vector_Datastruct\OpenMesh_EX\Mesh\GUA_OM.cpp(2167,17): warning C4244: '正在初始化': 將 'Scalar' 轉換為 'float'，由於類型不同，可能導致資料遺失
          with
          [
              Scalar=double
          ]
D:\Mesh-Face-Clustering-Vector_Datastruct\OpenMesh_EX\Mesh\GUA_OM.cpp(2153,14): warning C4996: 'OpenMesh::Iterators::GenericIteratorT<OpenMesh::PolyConnectivity::This,OpenMesh::ArrayKernel::FaceHandle,OpenMesh::ArrayKernel,{&OpenMesh::ArrayKernel::has_face_status,0},{&OpenMesh::ArrayKernel::[thunk]: __cdecl OpenMesh::ArrayKernel::`vcall'{32,{flat}}' }',0}>::handle': This function clutters your code. Use dereferencing operators -> and * instead.
D:\Mesh-Face-Clustering-Vector_Datastruct\OpenMesh_EX\Mesh\GUA_OM.cpp(2156,26): warning C4996: 'OpenMesh::Iterators::GenericIteratorT<OpenMesh::PolyConnectivity::This,OpenMesh::ArrayKernel::FaceHandle,OpenMesh::ArrayKernel,{&OpenMesh::ArrayKernel::has_face_status,0},{&OpenMesh::ArrayKernel::[thunk]: __cdecl OpenMesh::ArrayKernel::`vcall'{32,{flat}}' }',0}>::operator OpenMesh::FaceHandle': Implicit casts of iterators are unsafe. Use dereferencing operators -> and * instead.
D:\Mesh-Face-Clustering-Vector_Datastruct\OpenMesh_EX\Mesh\GUA_OM.cpp(2158,23): warning C4996: 'OpenMesh::Iterators::GenericCirculatorT_DEPRECATED<OpenMesh::PolyConnectivity::This,OpenMesh::ArrayKernel::FaceHandle,OpenMesh::ArrayKernel::VertexHandle,{&OpenMesh::Iterators::GenericCirculatorBaseT<OpenMesh::PolyConnectivity::This>::toVertexHandle,0}>::handle': This function clutters your code. Use dereferencing operators -> and * instead.
D:\Mesh-Face-Clustering-Vector_Datastruct\OpenMesh_EX\Mesh\GUA_OM.cpp(2159,26): warning C4996: 'OpenMesh::Iterators::GenericCirculatorT_DEPRECATED<OpenMesh::PolyConnectivity::This,OpenMesh::ArrayKernel::FaceHandle,OpenMesh::ArrayKernel::VertexHandle,{&OpenMesh::Iterators::GenericCirculatorBaseT<OpenMesh::PolyConnectivity::This>::toVertexHandle,0}>::handle': This function clutters your code. Use dereferencing operators -> and * instead.
D:\Mesh-Face-Clustering-Vector_Datastruct\OpenMesh_EX\Mesh\GUA_OM.cpp(2175,33): warning C4996: 'OpenMesh::Iterators::GenericIteratorT<OpenMesh::PolyConnectivity::This,OpenMesh::ArrayKernel::FaceHandle,OpenMesh::ArrayKernel,{&OpenMesh::ArrayKernel::has_face_status,0},{&OpenMesh::ArrayKernel::[thunk]: __cdecl OpenMesh::ArrayKernel::`vcall'{32,{flat}}' }',0}>::operator OpenMesh::FaceHandle': Implicit casts of iterators are unsafe. Use dereferencing operators -> and * instead.
D:\Mesh-Face-Clustering-Vector_Datastruct\OpenMesh_EX\Mesh\GUA_OM.cpp(2176,17): warning C4996: 'OpenMesh::Iterators::GenericCirculatorT_DEPRECATED<OpenMesh::PolyConnectivity::This,OpenMesh::ArrayKernel::FaceHandle,OpenMesh::ArrayKernel::FaceHandle,{&OpenMesh::Iterators::GenericCirculatorBaseT<OpenMesh::PolyConnectivity::This>::toOppositeFaceHandle,0}>::handle': This function clutters your code. Use dereferencing operators -> and * instead.
D:\Mesh-Face-Clustering-Vector_Datastruct\OpenMesh_EX\Mesh\GUA_OM.cpp(2179,28): warning C4996: 'OpenMesh::Iterators::GenericIteratorT<OpenMesh::PolyConnectivity::This,OpenMesh::ArrayKernel::FaceHandle,OpenMesh::ArrayKernel,{&OpenMesh::ArrayKernel::has_face_status,0},{&OpenMesh::ArrayKernel::[thunk]: __cdecl OpenMesh::ArrayKernel::`vcall'{32,{flat}}' }',0}>::operator OpenMesh::FaceHandle': Implicit casts of iterators are unsafe. Use dereferencing operators -> and * instead.
D:\Mesh-Face-Clustering-Vector_Datastruct\OpenMesh_EX\Mesh\GUA_OM.cpp(2180,29): warning C4996: 'OpenMesh::Iterators::GenericCirculatorT_DEPRECATED<OpenMesh::PolyConnectivity::This,OpenMesh::ArrayKernel::FaceHandle,OpenMesh::ArrayKernel::FaceHandle,{&OpenMesh::Iterators::GenericCirculatorBaseT<OpenMesh::PolyConnectivity::This>::toOppositeFaceHandle,0}>::operator OpenMesh::FaceHandle': Implicit casts of iterators are unsafe. Use dereferencing operators -> and * instead.
D:\Mesh-Face-Clustering-Vector_Datastruct\OpenMesh_EX\Mesh\GUA_OM.cpp(2181,18): warning C4996: 'OpenMesh::Iterators::GenericCirculatorT_DEPRECATED<OpenMesh::PolyConnectivity::This,OpenMesh::ArrayKernel::FaceHandle,OpenMesh::ArrayKernel::VertexHandle,{&OpenMesh::Iterators::GenericCirculatorBaseT<OpenMesh::PolyConnectivity::This>::toVertexHandle,0}>::handle': This function clutters your code. Use dereferencing operators -> and * instead.
D:\Mesh-Face-Clustering-Vector_Datastruct\OpenMesh_EX\Mesh\GUA_OM.cpp(2182,23): warning C4996: 'OpenMesh::Iterators::GenericCirculatorT_DEPRECATED<OpenMesh::PolyConnectivity::This,OpenMesh::ArrayKernel::FaceHandle,OpenMesh::ArrayKernel::VertexHandle,{&OpenMesh::Iterators::GenericCirculatorBaseT<OpenMesh::PolyConnectivity::This>::toVertexHandle,0}>::handle': This function clutters your code. Use dereferencing operators -> and * instead.
D:\Mesh-Face-Clustering-Vector_Datastruct\OpenMesh_EX\Mesh\GUA_OM.cpp(2188,43): warning C4996: 'OpenMesh::Iterators::GenericIteratorT<OpenMesh::PolyConnectivity::This,OpenMesh::ArrayKernel::FaceHandle,OpenMesh::ArrayKernel,{&OpenMesh::ArrayKernel::has_face_status,0},{&OpenMesh::ArrayKernel::[thunk]: __cdecl OpenMesh::ArrayKernel::`vcall'{32,{flat}}' }',0}>::handle': This function clutters your code. Use dereferencing operators -> and * instead.
D:\Mesh-Face-Clustering-Vector_Datastruct\OpenMesh_EX\Mesh\GUA_OM.cpp(2192,36): warning C4996: 'OpenMesh::Iterators::GenericIteratorT<OpenMesh::PolyConnectivity::This,OpenMesh::ArrayKernel::FaceHandle,OpenMesh::ArrayKernel,{&OpenMesh::ArrayKernel::has_face_status,0},{&OpenMesh::ArrayKernel::[thunk]: __cdecl OpenMesh::ArrayKernel::`vcall'{32,{flat}}' }',0}>::handle': This function clutters your code. Use dereferencing operators -> and * instead.
  MyForm.cpp
D:\Mesh-Face-Clustering-Vector_Datastruct\OpenMesh_EX\Mesh\Clustering.h(30,59): warning C4244: '引數': 將 'double' 轉換為 'float'，由於類型不同，可能導致資料遺失
D:\Mesh-Face-Clustering-Vector_Datastruct\OpenMesh_EX\Mesh\Clustering.h(39,9): warning C4101: 'j': 未參考的區域變數
D:\Mesh-Face-Clustering-Vector_Datastruct\OpenMesh_EX\Mesh\Clustering.h(125,27): warning C4267: '=': 將 'size_t' 轉換為 'int'，資料可能遺失
D:\Mesh-Face-Clustering-Vector_Datastruct\OpenMesh_EX\MyForm.h(61,40): error C2653: 'HKOGLPanel': 不是類別或命名空間名稱
D:\Mesh-Face-Clustering-Vector_Datastruct\OpenMesh_EX\MyForm.h(61,40): error C2143: 語法錯誤: 遺漏 ';' (在 '^' 之前)
D:\Mesh-Face-Clustering-Vector_Datastruct\OpenMesh_EX\MyForm.h(61,40): error C4430: 遺漏類型規範 - 假設為 int。注意: C++ 不支援 default-int
D:\Mesh-Face-Clustering-Vector_Datastruct\OpenMesh_EX\MyForm.h(61,61): error C2238: 在 ';' 之前有未預期的語彙基元
D:\Mesh-Face-Clustering-Vector_Datastruct\OpenMesh_EX\MyForm.h(116,1): error C2653: 'HKOGLPanel': 不是類別或命名空間名稱
D:\Mesh-Face-Clustering-Vector_Datastruct\OpenMesh_EX\MyForm.h(116,16): error C2065: 'HKCOGLPanelCameraSetting': 未宣告的識別項
D:\Mesh-Face-Clustering-Vector_Datastruct\OpenMesh_EX\MyForm.h(116,42): error C2065: 'hkcoglPanelCameraSetting1': 未宣告的識別項
D:\Mesh-Face-Clustering-Vector_Datastruct\OpenMesh_EX\MyForm.h(116,1): error C2061: 語法錯誤: 識別項 'HKCOGLPanelCameraSetting'
D:\Mesh-Face-Clustering-Vector_Datastruct\OpenMesh_EX\MyForm.h(117,1): error C2653: 'HKOGLPanel': 不是類別或命名空間名稱
D:\Mesh-Face-Clustering-Vector_Datastruct\OpenMesh_EX\MyForm.h(117,16): error C2065: 'HKCOGLPanelPixelFormat': 未宣告的識別項
D:\Mesh-Face-Clustering-Vector_Datastruct\OpenMesh_EX\MyForm.h(117,40): error C2065: 'hkcoglPanelPixelFormat1': 未宣告的識別項
D:\Mesh-Face-Clustering-Vector_Datastruct\OpenMesh_EX\MyForm.h(117,1): error C2061: 語法錯誤: 識別項 'HKCOGLPanelPixelFormat'
D:\Mesh-Face-Clustering-Vector_Datastruct\OpenMesh_EX\MyForm.h(136,1): error C2039: 'hkoglPanelControl1': 並非 'OpenMesh_EX::MyForm' 的成員
D:\Mesh-Face-Clustering-Vector_Datastruct\OpenMesh_EX\MyForm.h(31): message : 請參閱 'OpenMesh_EX::MyForm' 的宣告
D:\Mesh-Face-Clustering-Vector_Datastruct\OpenMesh_EX\MyForm.h(136,1): error C2653: 'HKOGLPanel': 不是類別或命名空間名稱
D:\Mesh-Face-Clustering-Vector_Datastruct\OpenMesh_EX\MyForm.h(136,1): error C2061: 語法錯誤: 識別項 'HKOGLPanelControl'
D:\Mesh-Face-Clustering-Vector_Datastruct\OpenMesh_EX\MyForm.h(298,4): error C2065: 'hkcoglPanelCameraSetting1': 未宣告的識別項
D:\Mesh-Face-Clustering-Vector_Datastruct\OpenMesh_EX\MyForm.h(299,4): error C2065: 'hkcoglPanelCameraSetting1': 未宣告的識別項
D:\Mesh-Face-Clustering-Vector_Datastruct\OpenMesh_EX\MyForm.h(300,4): error C2065: 'hkcoglPanelCameraSetting1': 未宣告的識別項
D:\Mesh-Face-Clustering-Vector_Datastruct\OpenMesh_EX\MyForm.h(301,4): error C2065: 'hkcoglPanelCameraSetting1': 未宣告的識別項
D:\Mesh-Face-Clustering-Vector_Datastruct\OpenMesh_EX\MyForm.h(301,1): error C2653: 'HKOGLPanel': 不是類別或命名空間名稱
D:\Mesh-Face-Clustering-Vector_Datastruct\OpenMesh_EX\MyForm.h(301,88): error C2065: 'ORTHOGRAPHIC': 未宣告的識別項
D:\Mesh-Face-Clustering-Vector_Datastruct\OpenMesh_EX\MyForm.h(302,1): error C2039: 'hkoglPanelControl1': 並非 'OpenMesh_EX::MyForm' 的成員
D:\Mesh-Face-Clustering-Vector_Datastruct\OpenMesh_EX\MyForm.h(31): message : 請參閱 'OpenMesh_EX::MyForm' 的宣告
D:\Mesh-Face-Clustering-Vector_Datastruct\OpenMesh_EX\MyForm.h(302,47): error C2065: 'hkcoglPanelCameraSetting1': 未宣告的識別項
D:\Mesh-Face-Clustering-Vector_Datastruct\OpenMesh_EX\MyForm.h(303,1): error C2039: 'hkoglPanelControl1': 並非 'OpenMesh_EX::MyForm' 的成員
D:\Mesh-Face-Clustering-Vector_Datastruct\OpenMesh_EX\MyForm.h(31): message : 請參閱 'OpenMesh_EX::MyForm' 的宣告
D:\Mesh-Face-Clustering-Vector_Datastruct\OpenMesh_EX\MyForm.h(304,1): error C2039: 'hkoglPanelControl1': 並非 'OpenMesh_EX::MyForm' 的成員
D:\Mesh-Face-Clustering-Vector_Datastruct\OpenMesh_EX\MyForm.h(31): message : 請參閱 'OpenMesh_EX::MyForm' 的宣告
D:\Mesh-Face-Clustering-Vector_Datastruct\OpenMesh_EX\MyForm.h(305,1): error C2039: 'hkoglPanelControl1': 並非 'OpenMesh_EX::MyForm' 的成員
D:\Mesh-Face-Clustering-Vector_Datastruct\OpenMesh_EX\MyForm.h(31): message : 請參閱 'OpenMesh_EX::MyForm' 的宣告
D:\Mesh-Face-Clustering-Vector_Datastruct\OpenMesh_EX\MyForm.h(306,4): error C2065: 'hkcoglPanelPixelFormat1': 未宣告的識別項
D:\Mesh-Face-Clustering-Vector_Datastruct\OpenMesh_EX\MyForm.h(306,1): error C2653: 'HKOGLPanel': 不是類別或命名空間名稱
D:\Mesh-Face-Clustering-Vector_Datastruct\OpenMesh_EX\MyForm.h(306,97): error C2065: 'BITS_0': 未宣告的識別項
D:\Mesh-Face-Clustering-Vector_Datastruct\OpenMesh_EX\MyForm.h(307,4): error C2065: 'hkcoglPanelPixelFormat1': 未宣告的識別項
D:\Mesh-Face-Clustering-Vector_Datastruct\OpenMesh_EX\MyForm.h(307,1): error C2653: 'HKOGLPanel': 不是類別或命名空間名稱
D:\Mesh-Face-Clustering-Vector_Datastruct\OpenMesh_EX\MyForm.h(307,96): error C2065: 'BITS_0': 未宣告的識別項
D:\Mesh-Face-Clustering-Vector_Datastruct\OpenMesh_EX\MyForm.h(308,4): error C2065: 'hkcoglPanelPixelFormat1': 未宣告的識別項
D:\Mesh-Face-Clustering-Vector_Datastruct\OpenMesh_EX\MyForm.h(308,1): error C2653: 'HKOGLPanel': 不是類別或命名空間名稱
D:\Mesh-Face-Clustering-Vector_Datastruct\OpenMesh_EX\MyForm.h(308,98): error C2065: 'BITS_0': 未宣告的識別項
D:\Mesh-Face-Clustering-Vector_Datastruct\OpenMesh_EX\MyForm.h(309,1): error C2039: 'hkoglPanelControl1': 並非 'OpenMesh_EX::MyForm' 的成員
D:\Mesh-Face-Clustering-Vector_Datastruct\OpenMesh_EX\MyForm.h(31): message : 請參閱 'OpenMesh_EX::MyForm' 的宣告
D:\Mesh-Face-Clustering-Vector_Datastruct\OpenMesh_EX\MyForm.h(309,45): error C2065: 'hkcoglPanelPixelFormat1': 未宣告的識別項
D:\Mesh-Face-Clustering-Vector_Datastruct\OpenMesh_EX\MyForm.h(310,1): error C2039: 'hkoglPanelControl1': 並非 'OpenMesh_EX::MyForm' 的成員
D:\Mesh-Face-Clustering-Vector_Datastruct\OpenMesh_EX\MyForm.h(31): message : 請參閱 'OpenMesh_EX::MyForm' 的宣告
D:\Mesh-Face-Clustering-Vector_Datastruct\OpenMesh_EX\MyForm.h(311,1): error C2039: 'hkoglPanelControl1': 並非 'OpenMesh_EX::MyForm' 的成員
D:\Mesh-Face-Clustering-Vector_Datastruct\OpenMesh_EX\MyForm.h(31): message : 請參閱 'OpenMesh_EX::MyForm' 的宣告
D:\Mesh-Face-Clustering-Vector_Datastruct\OpenMesh_EX\MyForm.h(312,1): error C2039: 'hkoglPanelControl1': 並非 'OpenMesh_EX::MyForm' 的成員
D:\Mesh-Face-Clustering-Vector_Datastruct\OpenMesh_EX\MyForm.h(31): message : 請參閱 'OpenMesh_EX::MyForm' 的宣告
D:\Mesh-Face-Clustering-Vector_Datastruct\OpenMesh_EX\MyForm.h(313,1): error C2039: 'hkoglPanelControl1': 並非 'OpenMesh_EX::MyForm' 的成員
D:\Mesh-Face-Clustering-Vector_Datastruct\OpenMesh_EX\MyForm.h(31): message : 請參閱 'OpenMesh_EX::MyForm' 的宣告
D:\Mesh-Face-Clustering-Vector_Datastruct\OpenMesh_EX\MyForm.h(314,1): error C2039: 'hkoglPanelControl1': 並非 'OpenMesh_EX::MyForm' 的成員
D:\Mesh-Face-Clustering-Vector_Datastruct\OpenMesh_EX\MyForm.h(31): message : 請參閱 'OpenMesh_EX::MyForm' 的宣告
D:\Mesh-Face-Clustering-Vector_Datastruct\OpenMesh_EX\MyForm.h(315,1): error C2039: 'hkoglPanelControl1': 並非 'OpenMesh_EX::MyForm' 的成員
D:\Mesh-Face-Clustering-Vector_Datastruct\OpenMesh_EX\MyForm.h(31): message : 請參閱 'OpenMesh_EX::MyForm' 的宣告
D:\Mesh-Face-Clustering-Vector_Datastruct\OpenMesh_EX\MyForm.h(316,1): error C2039: 'hkoglPanelControl1': 並非 'OpenMesh_EX::MyForm' 的成員
D:\Mesh-Face-Clustering-Vector_Datastruct\OpenMesh_EX\MyForm.h(31): message : 請參閱 'OpenMesh_EX::MyForm' 的宣告
D:\Mesh-Face-Clustering-Vector_Datastruct\OpenMesh_EX\MyForm.h(317,1): error C2039: 'hkoglPanelControl1': 並非 'OpenMesh_EX::MyForm' 的成員
D:\Mesh-Face-Clustering-Vector_Datastruct\OpenMesh_EX\MyForm.h(31): message : 請參閱 'OpenMesh_EX::MyForm' 的宣告
D:\Mesh-Face-Clustering-Vector_Datastruct\OpenMesh_EX\MyForm.h(476,1): error C2039: 'hkoglPanelControl1': 並非 'OpenMesh_EX::MyForm' 的成員
D:\Mesh-Face-Clustering-Vector_Datastruct\OpenMesh_EX\MyForm.h(31): message : 請參閱 'OpenMesh_EX::MyForm' 的宣告
D:\Mesh-Face-Clustering-Vector_Datastruct\OpenMesh_EX\MyForm.h(543,3): error C2065: 'hkoglPanelControl1': 未宣告的識別項
D:\Mesh-Face-Clustering-Vector_Datastruct\OpenMesh_EX\MyForm.h(556,3): error C2065: 'hkoglPanelControl1': 未宣告的識別項
D:\Mesh-Face-Clustering-Vector_Datastruct\OpenMesh_EX\MyForm.h(571,3): error C2065: 'hkoglPanelControl1': 未宣告的識別項
D:\Mesh-Face-Clustering-Vector_Datastruct\OpenMesh_EX\MyForm.h(583,3): error C2065: 'hkoglPanelControl1': 未宣告的識別項
D:\Mesh-Face-Clustering-Vector_Datastruct\OpenMesh_EX\MyForm.h(615,2): error C2065: 'hkoglPanelControl1': 未宣告的識別項
D:\Mesh-Face-Clustering-Vector_Datastruct\OpenMesh_EX\MyForm.cpp(6,1): warning C4829: 函式 main 的參數可能不正確。請考慮 'int main(Platform::Array<Platform::String^>^ argv)'
  .NETFramework,Version=v4.5.2.AssemblyAttributes.cpp
  正在產生程式碼...
D:\Mesh-Face-Clustering-Vector_Datastruct\OpenMesh_EX\Mesh\GUA_OM.cpp : warning C4793: 'OpenMesh::ArrayKernel::`vcall'{32}'': 函式會編譯成機器碼:
  	非 clrcall 的 vcall Thunk 必須編譯為原生
D:\Mesh-Face-Clustering-Vector_Datastruct\OpenMesh_EX\Mesh\GUA_OM.cpp : warning C4793: 'OpenMesh::ArrayKernel::`vcall'{24}'': 函式會編譯成機器碼:
  	非 clrcall 的 vcall Thunk 必須編譯為原生
D:\Mesh-Face-Clustering-Vector_Datastruct\OpenMesh_EX\Mesh\GUA_OM.cpp : warning C4793: 'OpenMesh::ArrayKernel::`vcall'{8}'': 函式會編譯成機器碼:
  	非 clrcall 的 vcall Thunk 必須編譯為原生
D:\Mesh-Face-Clustering-Vector_Datastruct\OpenMesh_EX\Mesh\GUA_OM.cpp : warning C4793: 'OpenMesh::ArrayKernel::`vcall'{16}'': 函式會編譯成機器碼:
  	非 clrcall 的 vcall Thunk 必須編譯為原生
