C:\Program Files (x86)\Microsoft Visual Studio\2019\Community\MSBuild\Current\Bin\Microsoft.Common.CurrentVersion.targets(2182,5): warning MSB3245: 無法解析此參考。找不到組件 "HKOGLPanel"。請檢查以確定磁碟上有該組件。 如果程式碼需要此參考，可能會發生編譯錯誤。
  DotNetUitilities.cpp
  FaceData.cpp
C:\Users\123\Desktop\Mesh-Face-Clustering-with-voxelization-master\OpenMesh_EX\Mesh\FaceData.cpp(45,130): warning C4244: '=': 將 'double' 轉換為 'float'，由於類型不同，可能導致資料遺失
  GLCamera.cc
  GUA_OM.cpp
C:\Users\123\Desktop\Mesh-Face-Clustering-with-voxelization-master\OpenMesh_EX\Mesh\Clustering.h(19,67): warning C4244: '引數': 將 'double' 轉換為 'float'，由於類型不同，可能導致資料遺失
C:\Users\123\Desktop\Mesh-Face-Clustering-with-voxelization-master\OpenMesh_EX\Mesh\Clustering.h(39,15): warning C4244: '正在初始化': 將 'double' 轉換為 'float'，由於類型不同，可能導致資料遺失
C:\Users\123\Desktop\Mesh-Face-Clustering-with-voxelization-master\OpenMesh_EX\Mesh\Clustering.h(57,59): warning C4244: '引數': 將 'double' 轉換為 'float'，由於類型不同，可能導致資料遺失
C:\Users\123\Desktop\Mesh-Face-Clustering-with-voxelization-master\OpenMesh_EX\Mesh\Clustering.h(76,65): warning C4244: '=': 將 'double' 轉換為 'float'，由於類型不同，可能導致資料遺失
C:\Users\123\Desktop\Mesh-Face-Clustering-with-voxelization-master\OpenMesh_EX\Mesh\Clustering.h(98,21): warning C4244: '=': 將 'Scalar' 轉換為 'float'，由於類型不同，可能導致資料遺失
          with
          [
              Scalar=double
          ]
C:\Users\123\Desktop\Mesh-Face-Clustering-with-voxelization-master\OpenMesh_EX\Mesh\Clustering.h(102,21): warning C4244: '=': 將 'Scalar' 轉換為 'float'，由於類型不同，可能導致資料遺失
          with
          [
              Scalar=double
          ]
C:\Users\123\Desktop\Mesh-Face-Clustering-with-voxelization-master\OpenMesh_EX\Mesh\Clustering.h(107,21): warning C4244: '=': 將 'Scalar' 轉換為 'float'，由於類型不同，可能導致資料遺失
          with
          [
              Scalar=double
          ]
C:\Users\123\Desktop\Mesh-Face-Clustering-with-voxelization-master\OpenMesh_EX\Mesh\Clustering.h(111,21): warning C4244: '=': 將 'Scalar' 轉換為 'float'，由於類型不同，可能導致資料遺失
          with
          [
              Scalar=double
          ]
C:\Users\123\Desktop\Mesh-Face-Clustering-with-voxelization-master\OpenMesh_EX\Mesh\Clustering.h(116,21): warning C4244: '=': 將 'Scalar' 轉換為 'float'，由於類型不同，可能導致資料遺失
          with
          [
              Scalar=double
          ]
C:\Users\123\Desktop\Mesh-Face-Clustering-with-voxelization-master\OpenMesh_EX\Mesh\Clustering.h(120,21): warning C4244: '=': 將 'Scalar' 轉換為 'float'，由於類型不同，可能導致資料遺失
          with
          [
              Scalar=double
          ]
C:\Users\123\Desktop\Mesh-Face-Clustering-with-voxelization-master\OpenMesh_EX\Mesh\Clustering.h(149,9): warning C4101: 'j': 未參考的區域變數
C:\Users\123\Desktop\Mesh-Face-Clustering-with-voxelization-master\OpenMesh_EX\Mesh\Clustering.h(235,27): warning C4267: '=': 將 'size_t' 轉換為 'int'，資料可能遺失
C:\Users\123\Desktop\Mesh-Face-Clustering-with-voxelization-master\OpenMesh_EX\Mesh\Clustering.h(371,14): warning C4244: '=': 將 'Scalar' 轉換為 'float'，由於類型不同，可能導致資料遺失
          with
          [
              Scalar=double
          ]
C:\Users\123\Desktop\Mesh-Face-Clustering-with-voxelization-master\OpenMesh_EX\Mesh\Clustering.h(372,14): warning C4244: '=': 將 'Scalar' 轉換為 'float'，由於類型不同，可能導致資料遺失
          with
          [
              Scalar=double
          ]
C:\Users\123\Desktop\Mesh-Face-Clustering-with-voxelization-master\OpenMesh_EX\Mesh\Clustering.h(373,14): warning C4244: '=': 將 'Scalar' 轉換為 'float'，由於類型不同，可能導致資料遺失
          with
          [
              Scalar=double
          ]
C:\Users\123\Desktop\Mesh-Face-Clustering-with-voxelization-master\OpenMesh_EX\Mesh\Clustering.h(374,36): warning C4244: '=': 將 'Scalar' 轉換為 'float'，由於類型不同，可能導致資料遺失
          with
          [
              Scalar=double
          ]
C:\Users\123\Desktop\Mesh-Face-Clustering-with-voxelization-master\OpenMesh_EX\Mesh\Clustering.h(375,11): warning C4244: '=': 將 'Scalar' 轉換為 'float'，由於類型不同，可能導致資料遺失
          with
          [
              Scalar=double
          ]
C:\Users\123\Desktop\Mesh-Face-Clustering-with-voxelization-master\OpenMesh_EX\Mesh\Clustering.h(376,31): warning C4244: '=': 將 'double' 轉換為 'float'，由於類型不同，可能導致資料遺失
C:\Users\123\Desktop\Mesh-Face-Clustering-with-voxelization-master\OpenMesh_EX\Mesh\Clustering.h(586,48): warning C4244: '+=': 將 'double' 轉換為 'float'，由於類型不同，可能導致資料遺失
C:\Users\123\Desktop\Mesh-Face-Clustering-with-voxelization-master\OpenMesh_EX\Mesh\Clustering.h(692,14): warning C4244: '正在初始化': 將 'double' 轉換為 'float'，由於類型不同，可能導致資料遺失
C:\Users\123\Desktop\Mesh-Face-Clustering-with-voxelization-master\OpenMesh_EX\Mesh\GUA_OM.cpp(79,30): warning C4996: 'OpenMesh::Iterators::GenericIteratorT<OpenMesh::PolyConnectivity::This,OpenMesh::ArrayKernel::FaceHandle,OpenMesh::ArrayKernel,{&OpenMesh::ArrayKernel::has_face_status,0},{&OpenMesh::ArrayKernel::[thunk]: __cdecl OpenMesh::ArrayKernel::`vcall'{32,{flat}}' }',0}>::operator OpenMesh::FaceHandle': Implicit casts of iterators are unsafe. Use dereferencing operators -> and * instead.
C:\Users\123\Desktop\Mesh-Face-Clustering-with-voxelization-master\OpenMesh_EX\Mesh\GUA_OM.cpp(81,34): warning C4996: 'OpenMesh::Iterators::GenericCirculatorT_DEPRECATED<OpenMesh::PolyConnectivity::This,OpenMesh::ArrayKernel::FaceHandle,OpenMesh::ArrayKernel::VertexHandle,{&OpenMesh::Iterators::GenericCirculatorBaseT<OpenMesh::PolyConnectivity::This>::toVertexHandle,0}>::handle': This function clutters your code. Use dereferencing operators -> and * instead.
C:\Users\123\Desktop\Mesh-Face-Clustering-with-voxelization-master\OpenMesh_EX\Mesh\GUA_OM.cpp(82,33): warning C4996: 'OpenMesh::Iterators::GenericCirculatorT_DEPRECATED<OpenMesh::PolyConnectivity::This,OpenMesh::ArrayKernel::FaceHandle,OpenMesh::ArrayKernel::VertexHandle,{&OpenMesh::Iterators::GenericCirculatorBaseT<OpenMesh::PolyConnectivity::This>::toVertexHandle,0}>::handle': This function clutters your code. Use dereferencing operators -> and * instead.
C:\Users\123\Desktop\Mesh-Face-Clustering-with-voxelization-master\OpenMesh_EX\Mesh\GUA_OM.cpp(100,38): warning C4996: 'OpenMesh::Iterators::GenericIteratorT<OpenMesh::PolyConnectivity::This,OpenMesh::ArrayKernel::EdgeHandle,OpenMesh::ArrayKernel,{&OpenMesh::ArrayKernel::has_edge_status,0},{&OpenMesh::ArrayKernel::[thunk]: __cdecl OpenMesh::ArrayKernel::`vcall'{24,{flat}}' }',0}>::handle': This function clutters your code. Use dereferencing operators -> and * instead.
C:\Users\123\Desktop\Mesh-Face-Clustering-with-voxelization-master\OpenMesh_EX\Mesh\GUA_OM.cpp(158,43): warning C4996: 'OpenMesh::Iterators::GenericCirculatorT_DEPRECATED<OpenMesh::PolyConnectivity::This,OpenMesh::ArrayKernel::FaceHandle,OpenMesh::ArrayKernel::VertexHandle,{&OpenMesh::Iterators::GenericCirculatorBaseT<OpenMesh::PolyConnectivity::This>::toVertexHandle,0}>::operator bool': Do not use this error prone implicit cast. Compare to end-iterator or use is_valid(), instead.
C:\Users\123\Desktop\Mesh-Face-Clustering-with-voxelization-master\OpenMesh_EX\Mesh\GUA_OM.cpp(160,35): warning C4996: 'OpenMesh::Iterators::GenericCirculatorT_DEPRECATED<OpenMesh::PolyConnectivity::This,OpenMesh::ArrayKernel::FaceHandle,OpenMesh::ArrayKernel::VertexHandle,{&OpenMesh::Iterators::GenericCirculatorBaseT<OpenMesh::PolyConnectivity::This>::toVertexHandle,0}>::handle': This function clutters your code. Use dereferencing operators -> and * instead.
C:\Users\123\Desktop\Mesh-Face-Clustering-with-voxelization-master\OpenMesh_EX\Mesh\GUA_OM.cpp(161,34): warning C4996: 'OpenMesh::Iterators::GenericCirculatorT_DEPRECATED<OpenMesh::PolyConnectivity::This,OpenMesh::ArrayKernel::FaceHandle,OpenMesh::ArrayKernel::VertexHandle,{&OpenMesh::Iterators::GenericCirculatorBaseT<OpenMesh::PolyConnectivity::This>::toVertexHandle,0}>::handle': This function clutters your code. Use dereferencing operators -> and * instead.
C:\Users\123\Desktop\Mesh-Face-Clustering-with-voxelization-master\OpenMesh_EX\Mesh\GUA_OM.cpp(271,41): warning C4996: 'OpenMesh::Iterators::GenericCirculatorT_DEPRECATED<OpenMesh::PolyConnectivity::This,OpenMesh::ArrayKernel::VertexHandle,OpenMesh::ArrayKernel::VertexHandle,{&OpenMesh::Iterators::GenericCirculatorBaseT<OpenMesh::PolyConnectivity::This>::toVertexHandle,0}>::operator bool': Do not use this error prone implicit cast. Compare to end-iterator or use is_valid(), instead.
C:\Users\123\Desktop\Mesh-Face-Clustering-with-voxelization-master\OpenMesh_EX\Mesh\GUA_OM.cpp(272,12): warning C4996: 'OpenMesh::Iterators::GenericCirculatorT_DEPRECATED<OpenMesh::PolyConnectivity::This,OpenMesh::ArrayKernel::VertexHandle,OpenMesh::ArrayKernel::VertexHandle,{&OpenMesh::Iterators::GenericCirculatorBaseT<OpenMesh::PolyConnectivity::This>::toVertexHandle,0}>::handle': This function clutters your code. Use dereferencing operators -> and * instead.
C:\Users\123\Desktop\Mesh-Face-Clustering-with-voxelization-master\OpenMesh_EX\Mesh\GUA_OM.cpp(305,49): warning C4996: 'OpenMesh::Iterators::GenericCirculatorT_DEPRECATED<OpenMesh::PolyConnectivity::This,OpenMesh::ArrayKernel::FaceHandle,OpenMesh::ArrayKernel::FaceHandle,{&OpenMesh::Iterators::GenericCirculatorBaseT<OpenMesh::PolyConnectivity::This>::toOppositeFaceHandle,0}>::operator bool': Do not use this error prone implicit cast. Compare to end-iterator or use is_valid(), instead.
C:\Users\123\Desktop\Mesh-Face-Clustering-with-voxelization-master\OpenMesh_EX\Mesh\GUA_OM.cpp(307,22): warning C4996: 'OpenMesh::Iterators::GenericCirculatorT_DEPRECATED<OpenMesh::PolyConnectivity::This,OpenMesh::ArrayKernel::FaceHandle,OpenMesh::ArrayKernel::FaceHandle,{&OpenMesh::Iterators::GenericCirculatorBaseT<OpenMesh::PolyConnectivity::This>::toOppositeFaceHandle,0}>::handle': This function clutters your code. Use dereferencing operators -> and * instead.
C:\Users\123\Desktop\Mesh-Face-Clustering-with-voxelization-master\OpenMesh_EX\Mesh\GUA_OM.cpp(309,39): warning C4996: 'OpenMesh::Iterators::GenericCirculatorT_DEPRECATED<OpenMesh::PolyConnectivity::This,OpenMesh::ArrayKernel::FaceHandle,OpenMesh::ArrayKernel::FaceHandle,{&OpenMesh::Iterators::GenericCirculatorBaseT<OpenMesh::PolyConnectivity::This>::toOppositeFaceHandle,0}>::handle': This function clutters your code. Use dereferencing operators -> and * instead.
C:\Users\123\Desktop\Mesh-Face-Clustering-with-voxelization-master\OpenMesh_EX\Mesh\GUA_OM.cpp(310,19): warning C4996: 'OpenMesh::Iterators::GenericCirculatorT_DEPRECATED<OpenMesh::PolyConnectivity::This,OpenMesh::ArrayKernel::FaceHandle,OpenMesh::ArrayKernel::FaceHandle,{&OpenMesh::Iterators::GenericCirculatorBaseT<OpenMesh::PolyConnectivity::This>::toOppositeFaceHandle,0}>::handle': This function clutters your code. Use dereferencing operators -> and * instead.
C:\Users\123\Desktop\Mesh-Face-Clustering-with-voxelization-master\OpenMesh_EX\Mesh\GUA_OM.cpp(340,20): warning C4996: 'OpenMesh::Iterators::GenericCirculatorT_DEPRECATED<OpenMesh::PolyConnectivity::This,OpenMesh::ArrayKernel::FaceHandle,OpenMesh::ArrayKernel::VertexHandle,{&OpenMesh::Iterators::GenericCirculatorBaseT<OpenMesh::PolyConnectivity::This>::toVertexHandle,0}>::operator bool': Do not use this error prone implicit cast. Compare to end-iterator or use is_valid(), instead.
C:\Users\123\Desktop\Mesh-Face-Clustering-with-voxelization-master\OpenMesh_EX\Mesh\GUA_OM.cpp(342,20): warning C4996: 'OpenMesh::Iterators::GenericCirculatorT_DEPRECATED<OpenMesh::PolyConnectivity::This,OpenMesh::ArrayKernel::FaceHandle,OpenMesh::ArrayKernel::VertexHandle,{&OpenMesh::Iterators::GenericCirculatorBaseT<OpenMesh::PolyConnectivity::This>::toVertexHandle,0}>::handle': This function clutters your code. Use dereferencing operators -> and * instead.
C:\Users\123\Desktop\Mesh-Face-Clustering-with-voxelization-master\OpenMesh_EX\Mesh\GUA_OM.cpp(389,49): warning C4996: 'OpenMesh::Iterators::GenericCirculatorT_DEPRECATED<OpenMesh::PolyConnectivity::This,OpenMesh::ArrayKernel::FaceHandle,OpenMesh::ArrayKernel::FaceHandle,{&OpenMesh::Iterators::GenericCirculatorBaseT<OpenMesh::PolyConnectivity::This>::toOppositeFaceHandle,0}>::operator bool': Do not use this error prone implicit cast. Compare to end-iterator or use is_valid(), instead.
C:\Users\123\Desktop\Mesh-Face-Clustering-with-voxelization-master\OpenMesh_EX\Mesh\GUA_OM.cpp(391,22): warning C4996: 'OpenMesh::Iterators::GenericCirculatorT_DEPRECATED<OpenMesh::PolyConnectivity::This,OpenMesh::ArrayKernel::FaceHandle,OpenMesh::ArrayKernel::FaceHandle,{&OpenMesh::Iterators::GenericCirculatorBaseT<OpenMesh::PolyConnectivity::This>::toOppositeFaceHandle,0}>::handle': This function clutters your code. Use dereferencing operators -> and * instead.
C:\Users\123\Desktop\Mesh-Face-Clustering-with-voxelization-master\OpenMesh_EX\Mesh\GUA_OM.cpp(393,39): warning C4996: 'OpenMesh::Iterators::GenericCirculatorT_DEPRECATED<OpenMesh::PolyConnectivity::This,OpenMesh::ArrayKernel::FaceHandle,OpenMesh::ArrayKernel::FaceHandle,{&OpenMesh::Iterators::GenericCirculatorBaseT<OpenMesh::PolyConnectivity::This>::toOppositeFaceHandle,0}>::handle': This function clutters your code. Use dereferencing operators -> and * instead.
C:\Users\123\Desktop\Mesh-Face-Clustering-with-voxelization-master\OpenMesh_EX\Mesh\GUA_OM.cpp(394,19): warning C4996: 'OpenMesh::Iterators::GenericCirculatorT_DEPRECATED<OpenMesh::PolyConnectivity::This,OpenMesh::ArrayKernel::FaceHandle,OpenMesh::ArrayKernel::FaceHandle,{&OpenMesh::Iterators::GenericCirculatorBaseT<OpenMesh::PolyConnectivity::This>::toOppositeFaceHandle,0}>::handle': This function clutters your code. Use dereferencing operators -> and * instead.
C:\Users\123\Desktop\Mesh-Face-Clustering-with-voxelization-master\OpenMesh_EX\Mesh\GUA_OM.cpp(428,20): warning C4996: 'OpenMesh::Iterators::GenericCirculatorT_DEPRECATED<OpenMesh::PolyConnectivity::This,OpenMesh::ArrayKernel::FaceHandle,OpenMesh::ArrayKernel::VertexHandle,{&OpenMesh::Iterators::GenericCirculatorBaseT<OpenMesh::PolyConnectivity::This>::toVertexHandle,0}>::operator bool': Do not use this error prone implicit cast. Compare to end-iterator or use is_valid(), instead.
C:\Users\123\Desktop\Mesh-Face-Clustering-with-voxelization-master\OpenMesh_EX\Mesh\GUA_OM.cpp(430,20): warning C4996: 'OpenMesh::Iterators::GenericCirculatorT_DEPRECATED<OpenMesh::PolyConnectivity::This,OpenMesh::ArrayKernel::FaceHandle,OpenMesh::ArrayKernel::VertexHandle,{&OpenMesh::Iterators::GenericCirculatorBaseT<OpenMesh::PolyConnectivity::This>::toVertexHandle,0}>::handle': This function clutters your code. Use dereferencing operators -> and * instead.
C:\Users\123\Desktop\Mesh-Face-Clustering-with-voxelization-master\OpenMesh_EX\Mesh\GUA_OM.cpp(466,19): warning C4996: 'OpenMesh::Iterators::GenericIteratorT<OpenMesh::PolyConnectivity::This,OpenMesh::ArrayKernel::VertexHandle,OpenMesh::ArrayKernel,{&OpenMesh::ArrayKernel::has_vertex_status,0},{&OpenMesh::ArrayKernel::[thunk]: __cdecl OpenMesh::ArrayKernel::`vcall'{8,{flat}}' }',0}>::operator OpenMesh::VertexHandle': Implicit casts of iterators are unsafe. Use dereferencing operators -> and * instead.
C:\Users\123\Desktop\Mesh-Face-Clustering-with-voxelization-master\OpenMesh_EX\Mesh\GUA_OM.cpp(467,17): warning C4996: 'OpenMesh::Iterators::GenericIteratorT<OpenMesh::PolyConnectivity::This,OpenMesh::ArrayKernel::VertexHandle,OpenMesh::ArrayKernel,{&OpenMesh::ArrayKernel::has_vertex_status,0},{&OpenMesh::ArrayKernel::[thunk]: __cdecl OpenMesh::ArrayKernel::`vcall'{8,{flat}}' }',0}>::handle': This function clutters your code. Use dereferencing operators -> and * instead.
C:\Users\123\Desktop\Mesh-Face-Clustering-with-voxelization-master\OpenMesh_EX\Mesh\GUA_OM.cpp(482,33): warning C4305: '引數': 從 'double' 轉換為 'GLfloat'，是由較大的類型轉換為較小的類型，可能導致資料遺失
C:\Users\123\Desktop\Mesh-Face-Clustering-with-voxelization-master\OpenMesh_EX\Mesh\GUA_OM.cpp(485,24): warning C4996: 'OpenMesh::Iterators::GenericIteratorT<OpenMesh::PolyConnectivity::This,OpenMesh::ArrayKernel::FaceHandle,OpenMesh::ArrayKernel,{&OpenMesh::ArrayKernel::has_face_status,0},{&OpenMesh::ArrayKernel::[thunk]: __cdecl OpenMesh::ArrayKernel::`vcall'{32,{flat}}' }',0}>::operator OpenMesh::FaceHandle': Implicit casts of iterators are unsafe. Use dereferencing operators -> and * instead.
C:\Users\123\Desktop\Mesh-Face-Clustering-with-voxelization-master\OpenMesh_EX\Mesh\GUA_OM.cpp(487,28): warning C4996: 'OpenMesh::Iterators::GenericCirculatorT_DEPRECATED<OpenMesh::PolyConnectivity::This,OpenMesh::ArrayKernel::FaceHandle,OpenMesh::ArrayKernel::VertexHandle,{&OpenMesh::Iterators::GenericCirculatorBaseT<OpenMesh::PolyConnectivity::This>::toVertexHandle,0}>::handle': This function clutters your code. Use dereferencing operators -> and * instead.
C:\Users\123\Desktop\Mesh-Face-Clustering-with-voxelization-master\OpenMesh_EX\Mesh\GUA_OM.cpp(488,27): warning C4996: 'OpenMesh::Iterators::GenericCirculatorT_DEPRECATED<OpenMesh::PolyConnectivity::This,OpenMesh::ArrayKernel::FaceHandle,OpenMesh::ArrayKernel::VertexHandle,{&OpenMesh::Iterators::GenericCirculatorBaseT<OpenMesh::PolyConnectivity::This>::toVertexHandle,0}>::handle': This function clutters your code. Use dereferencing operators -> and * instead.
C:\Users\123\Desktop\Mesh-Face-Clustering-with-voxelization-master\OpenMesh_EX\Mesh\GUA_OM.cpp(517,9): warning C4244: '=': 將 'int' 轉換為 'float'，由於類型不同，可能導致資料遺失
C:\Users\123\Desktop\Mesh-Face-Clustering-with-voxelization-master\OpenMesh_EX\Mesh\GUA_OM.cpp(604,73): warning C4244: '引數': 將 'Scalar' 轉換為 'GLfloat'，由於類型不同，可能導致資料遺失
          with
          [
              Scalar=double
          ]
C:\Users\123\Desktop\Mesh-Face-Clustering-with-voxelization-master\OpenMesh_EX\Mesh\GUA_OM.cpp(604,52): warning C4244: '引數': 將 'Scalar' 轉換為 'GLfloat'，由於類型不同，可能導致資料遺失
          with
          [
              Scalar=double
          ]
C:\Users\123\Desktop\Mesh-Face-Clustering-with-voxelization-master\OpenMesh_EX\Mesh\GUA_OM.cpp(604,31): warning C4244: '引數': 將 'Scalar' 轉換為 'GLfloat'，由於類型不同，可能導致資料遺失
          with
          [
              Scalar=double
          ]
C:\Users\123\Desktop\Mesh-Face-Clustering-with-voxelization-master\OpenMesh_EX\Mesh\GUA_OM.cpp(602,20): warning C4996: 'OpenMesh::Iterators::GenericIteratorT<OpenMesh::PolyConnectivity::This,OpenMesh::ArrayKernel::FaceHandle,OpenMesh::ArrayKernel,{&OpenMesh::ArrayKernel::has_face_status,0},{&OpenMesh::ArrayKernel::[thunk]: __cdecl OpenMesh::ArrayKernel::`vcall'{32,{flat}}' }',0}>::handle': This function clutters your code. Use dereferencing operators -> and * instead.
C:\Users\123\Desktop\Mesh-Face-Clustering-with-voxelization-master\OpenMesh_EX\Mesh\GUA_OM.cpp(605,24): warning C4996: 'OpenMesh::Iterators::GenericIteratorT<OpenMesh::PolyConnectivity::This,OpenMesh::ArrayKernel::FaceHandle,OpenMesh::ArrayKernel,{&OpenMesh::ArrayKernel::has_face_status,0},{&OpenMesh::ArrayKernel::[thunk]: __cdecl OpenMesh::ArrayKernel::`vcall'{32,{flat}}' }',0}>::operator OpenMesh::FaceHandle': Implicit casts of iterators are unsafe. Use dereferencing operators -> and * instead.
C:\Users\123\Desktop\Mesh-Face-Clustering-with-voxelization-master\OpenMesh_EX\Mesh\GUA_OM.cpp(608,28): warning C4996: 'OpenMesh::Iterators::GenericCirculatorT_DEPRECATED<OpenMesh::PolyConnectivity::This,OpenMesh::ArrayKernel::FaceHandle,OpenMesh::ArrayKernel::VertexHandle,{&OpenMesh::Iterators::GenericCirculatorBaseT<OpenMesh::PolyConnectivity::This>::toVertexHandle,0}>::handle': This function clutters your code. Use dereferencing operators -> and * instead.
C:\Users\123\Desktop\Mesh-Face-Clustering-with-voxelization-master\OpenMesh_EX\Mesh\GUA_OM.cpp(609,36): warning C4996: 'OpenMesh::Iterators::GenericCirculatorT_DEPRECATED<OpenMesh::PolyConnectivity::This,OpenMesh::ArrayKernel::FaceHandle,OpenMesh::ArrayKernel::VertexHandle,{&OpenMesh::Iterators::GenericCirculatorBaseT<OpenMesh::PolyConnectivity::This>::toVertexHandle,0}>::handle': This function clutters your code. Use dereferencing operators -> and * instead.
C:\Users\123\Desktop\Mesh-Face-Clustering-with-voxelization-master\OpenMesh_EX\Mesh\GUA_OM.cpp(610,39): warning C4996: 'OpenMesh::Iterators::GenericCirculatorT_DEPRECATED<OpenMesh::PolyConnectivity::This,OpenMesh::ArrayKernel::FaceHandle,OpenMesh::ArrayKernel::VertexHandle,{&OpenMesh::Iterators::GenericCirculatorBaseT<OpenMesh::PolyConnectivity::This>::toVertexHandle,0}>::handle': This function clutters your code. Use dereferencing operators -> and * instead.
C:\Users\123\Desktop\Mesh-Face-Clustering-with-voxelization-master\OpenMesh_EX\Mesh\GUA_OM.cpp(679,46): warning C4996: 'OpenMesh::Iterators::GenericIteratorT<OpenMesh::PolyConnectivity::This,OpenMesh::ArrayKernel::EdgeHandle,OpenMesh::ArrayKernel,{&OpenMesh::ArrayKernel::has_edge_status,0},{&OpenMesh::ArrayKernel::[thunk]: __cdecl OpenMesh::ArrayKernel::`vcall'{24,{flat}}' }',0}>::handle': This function clutters your code. Use dereferencing operators -> and * instead.
C:\Users\123\Desktop\Mesh-Face-Clustering-with-voxelization-master\OpenMesh_EX\Mesh\GUA_OM.cpp(753,30): warning C4305: '引數': 從 'double' 轉換為 'GLfloat'，是由較大的類型轉換為較小的類型，可能導致資料遺失
C:\Users\123\Desktop\Mesh-Face-Clustering-with-voxelization-master\OpenMesh_EX\Mesh\GUA_OM.cpp(752,21): warning C4996: 'OpenMesh::Iterators::GenericIteratorT<OpenMesh::PolyConnectivity::This,OpenMesh::ArrayKernel::FaceHandle,OpenMesh::ArrayKernel,{&OpenMesh::ArrayKernel::has_face_status,0},{&OpenMesh::ArrayKernel::[thunk]: __cdecl OpenMesh::ArrayKernel::`vcall'{32,{flat}}' }',0}>::handle': This function clutters your code. Use dereferencing operators -> and * instead.
C:\Users\123\Desktop\Mesh-Face-Clustering-with-voxelization-master\OpenMesh_EX\Mesh\GUA_OM.cpp(754,37): warning C4996: 'OpenMesh::Iterators::GenericIteratorT<OpenMesh::PolyConnectivity::This,OpenMesh::ArrayKernel::FaceHandle,OpenMesh::ArrayKernel,{&OpenMesh::ArrayKernel::has_face_status,0},{&OpenMesh::ArrayKernel::[thunk]: __cdecl OpenMesh::ArrayKernel::`vcall'{32,{flat}}' }',0}>::operator OpenMesh::FaceHandle': Implicit casts of iterators are unsafe. Use dereferencing operators -> and * instead.
C:\Users\123\Desktop\Mesh-Face-Clustering-with-voxelization-master\OpenMesh_EX\Mesh\GUA_OM.cpp(757,34): warning C4996: 'OpenMesh::Iterators::GenericCirculatorT_DEPRECATED<OpenMesh::PolyConnectivity::This,OpenMesh::ArrayKernel::FaceHandle,OpenMesh::ArrayKernel::VertexHandle,{&OpenMesh::Iterators::GenericCirculatorBaseT<OpenMesh::PolyConnectivity::This>::toVertexHandle,0}>::handle': This function clutters your code. Use dereferencing operators -> and * instead.
C:\Users\123\Desktop\Mesh-Face-Clustering-with-voxelization-master\OpenMesh_EX\Mesh\GUA_OM.cpp(785,52): warning C4996: 'OpenMesh::Iterators::GenericIteratorT<OpenMesh::PolyConnectivity::This,OpenMesh::ArrayKernel::EdgeHandle,OpenMesh::ArrayKernel,{&OpenMesh::ArrayKernel::has_edge_status,0},{&OpenMesh::ArrayKernel::[thunk]: __cdecl OpenMesh::ArrayKernel::`vcall'{24,{flat}}' }',0}>::handle': This function clutters your code. Use dereferencing operators -> and * instead.
C:\Users\123\Desktop\Mesh-Face-Clustering-with-voxelization-master\OpenMesh_EX\Mesh\GUA_OM.cpp(810,46): warning C4996: 'OpenMesh::Iterators::GenericIteratorT<OpenMesh::PolyConnectivity::This,OpenMesh::ArrayKernel::EdgeHandle,OpenMesh::ArrayKernel,{&OpenMesh::ArrayKernel::has_edge_status,0},{&OpenMesh::ArrayKernel::[thunk]: __cdecl OpenMesh::ArrayKernel::`vcall'{24,{flat}}' }',0}>::handle': This function clutters your code. Use dereferencing operators -> and * instead.
C:\Users\123\Desktop\Mesh-Face-Clustering-with-voxelization-master\OpenMesh_EX\Mesh\GUA_OM.cpp(829,21): warning C4996: 'OpenMesh::Iterators::GenericIteratorT<OpenMesh::PolyConnectivity::This,OpenMesh::ArrayKernel::VertexHandle,OpenMesh::ArrayKernel,{&OpenMesh::ArrayKernel::has_vertex_status,0},{&OpenMesh::ArrayKernel::[thunk]: __cdecl OpenMesh::ArrayKernel::`vcall'{8,{flat}}' }',0}>::operator OpenMesh::VertexHandle': Implicit casts of iterators are unsafe. Use dereferencing operators -> and * instead.
C:\Users\123\Desktop\Mesh-Face-Clustering-with-voxelization-master\OpenMesh_EX\Mesh\GUA_OM.cpp(883,26): warning C4244: '=': 將 'unsigned __int64' 轉換為 'double'，由於類型不同，可能導致資料遺失
C:\Users\123\Desktop\Mesh-Face-Clustering-with-voxelization-master\OpenMesh_EX\Mesh\GUA_OM.cpp(889,33): warning C4244: '+=': 將 'double' 轉換為 '_Ty2'，由於類型不同，可能導致資料遺失
          with
          [
              _Ty2=float
          ]
C:\Users\123\Desktop\Mesh-Face-Clustering-with-voxelization-master\OpenMesh_EX\Mesh\GUA_OM.cpp(895,39): warning C4244: '=': 將 'double' 轉換為 '_Ty2'，由於類型不同，可能導致資料遺失
          with
          [
              _Ty2=int
          ]
C:\Users\123\Desktop\Mesh-Face-Clustering-with-voxelization-master\OpenMesh_EX\Mesh\GUA_OM.cpp(899,57): warning C4244: '+=': 將 'double' 轉換為 'float'，由於類型不同，可能導致資料遺失
C:\Users\123\Desktop\Mesh-Face-Clustering-with-voxelization-master\OpenMesh_EX\Mesh\GUA_OM.cpp(903,40): warning C4244: '=': 將 'double' 轉換為 '_Ty2'，由於類型不同，可能導致資料遺失
          with
          [
              _Ty2=int
          ]
C:\Users\123\Desktop\Mesh-Face-Clustering-with-voxelization-master\OpenMesh_EX\Mesh\GUA_OM.cpp(858,36): warning C4996: 'OpenMesh::Iterators::GenericIteratorT<OpenMesh::PolyConnectivity::This,OpenMesh::ArrayKernel::VertexHandle,OpenMesh::ArrayKernel,{&OpenMesh::ArrayKernel::has_vertex_status,0},{&OpenMesh::ArrayKernel::[thunk]: __cdecl OpenMesh::ArrayKernel::`vcall'{8,{flat}}' }',0}>::handle': This function clutters your code. Use dereferencing operators -> and * instead.
C:\Users\123\Desktop\Mesh-Face-Clustering-with-voxelization-master\OpenMesh_EX\Mesh\GUA_OM.cpp(862,21): warning C4996: 'OpenMesh::Iterators::GenericIteratorT<OpenMesh::PolyConnectivity::This,OpenMesh::ArrayKernel::FaceHandle,OpenMesh::ArrayKernel,{&OpenMesh::ArrayKernel::has_face_status,0},{&OpenMesh::ArrayKernel::[thunk]: __cdecl OpenMesh::ArrayKernel::`vcall'{32,{flat}}' }',0}>::handle': This function clutters your code. Use dereferencing operators -> and * instead.
C:\Users\123\Desktop\Mesh-Face-Clustering-with-voxelization-master\OpenMesh_EX\Mesh\GUA_OM.cpp(863,43): warning C4996: 'OpenMesh::Iterators::GenericIteratorT<OpenMesh::PolyConnectivity::This,OpenMesh::ArrayKernel::FaceHandle,OpenMesh::ArrayKernel,{&OpenMesh::ArrayKernel::has_face_status,0},{&OpenMesh::ArrayKernel::[thunk]: __cdecl OpenMesh::ArrayKernel::`vcall'{32,{flat}}' }',0}>::handle': This function clutters your code. Use dereferencing operators -> and * instead.
C:\Users\123\Desktop\Mesh-Face-Clustering-with-voxelization-master\OpenMesh_EX\Mesh\GUA_OM.cpp(864,48): warning C4996: 'OpenMesh::Iterators::GenericIteratorT<OpenMesh::PolyConnectivity::This,OpenMesh::ArrayKernel::FaceHandle,OpenMesh::ArrayKernel,{&OpenMesh::ArrayKernel::has_face_status,0},{&OpenMesh::ArrayKernel::[thunk]: __cdecl OpenMesh::ArrayKernel::`vcall'{32,{flat}}' }',0}>::handle': This function clutters your code. Use dereferencing operators -> and * instead.
C:\Users\123\Desktop\Mesh-Face-Clustering-with-voxelization-master\OpenMesh_EX\Mesh\GUA_OM.cpp(865,24): warning C4996: 'OpenMesh::Iterators::GenericIteratorT<OpenMesh::PolyConnectivity::This,OpenMesh::ArrayKernel::FaceHandle,OpenMesh::ArrayKernel,{&OpenMesh::ArrayKernel::has_face_status,0},{&OpenMesh::ArrayKernel::[thunk]: __cdecl OpenMesh::ArrayKernel::`vcall'{32,{flat}}' }',0}>::operator OpenMesh::FaceHandle': Implicit casts of iterators are unsafe. Use dereferencing operators -> and * instead.
C:\Users\123\Desktop\Mesh-Face-Clustering-with-voxelization-master\OpenMesh_EX\Mesh\GUA_OM.cpp(870,36): warning C4996: 'OpenMesh::Iterators::GenericCirculatorT_DEPRECATED<OpenMesh::PolyConnectivity::This,OpenMesh::ArrayKernel::FaceHandle,OpenMesh::ArrayKernel::VertexHandle,{&OpenMesh::Iterators::GenericCirculatorBaseT<OpenMesh::PolyConnectivity::This>::toVertexHandle,0}>::handle': This function clutters your code. Use dereferencing operators -> and * instead.
C:\Users\123\Desktop\Mesh-Face-Clustering-with-voxelization-master\OpenMesh_EX\Mesh\GUA_OM.cpp(871,39): warning C4996: 'OpenMesh::Iterators::GenericCirculatorT_DEPRECATED<OpenMesh::PolyConnectivity::This,OpenMesh::ArrayKernel::FaceHandle,OpenMesh::ArrayKernel::VertexHandle,{&OpenMesh::Iterators::GenericCirculatorBaseT<OpenMesh::PolyConnectivity::This>::toVertexHandle,0}>::handle': This function clutters your code. Use dereferencing operators -> and * instead.
C:\Users\123\Desktop\Mesh-Face-Clustering-with-voxelization-master\OpenMesh_EX\Mesh\GUA_OM.cpp(872,28): warning C4996: 'OpenMesh::Iterators::GenericCirculatorT_DEPRECATED<OpenMesh::PolyConnectivity::This,OpenMesh::ArrayKernel::FaceHandle,OpenMesh::ArrayKernel::VertexHandle,{&OpenMesh::Iterators::GenericCirculatorBaseT<OpenMesh::PolyConnectivity::This>::toVertexHandle,0}>::handle': This function clutters your code. Use dereferencing operators -> and * instead.
C:\Users\123\Desktop\Mesh-Face-Clustering-with-voxelization-master\OpenMesh_EX\Mesh\GUA_OM.cpp(921,17): warning C4996: 'OpenMesh::Iterators::GenericIteratorT<OpenMesh::PolyConnectivity::This,OpenMesh::ArrayKernel::FaceHandle,OpenMesh::ArrayKernel,{&OpenMesh::ArrayKernel::has_face_status,0},{&OpenMesh::ArrayKernel::[thunk]: __cdecl OpenMesh::ArrayKernel::`vcall'{32,{flat}}' }',0}>::handle': This function clutters your code. Use dereferencing operators -> and * instead.
C:\Users\123\Desktop\Mesh-Face-Clustering-with-voxelization-master\OpenMesh_EX\Mesh\GUA_OM.cpp(924,21): warning C4996: 'OpenMesh::Iterators::GenericIteratorT<OpenMesh::PolyConnectivity::This,OpenMesh::ArrayKernel::FaceHandle,OpenMesh::ArrayKernel,{&OpenMesh::ArrayKernel::has_face_status,0},{&OpenMesh::ArrayKernel::[thunk]: __cdecl OpenMesh::ArrayKernel::`vcall'{32,{flat}}' }',0}>::handle': This function clutters your code. Use dereferencing operators -> and * instead.
C:\Users\123\Desktop\Mesh-Face-Clustering-with-voxelization-master\OpenMesh_EX\Mesh\GUA_OM.cpp(925,18): warning C4996: 'OpenMesh::Iterators::GenericIteratorT<OpenMesh::PolyConnectivity::This,OpenMesh::ArrayKernel::FaceHandle,OpenMesh::ArrayKernel,{&OpenMesh::ArrayKernel::has_face_status,0},{&OpenMesh::ArrayKernel::[thunk]: __cdecl OpenMesh::ArrayKernel::`vcall'{32,{flat}}' }',0}>::handle': This function clutters your code. Use dereferencing operators -> and * instead.
C:\Users\123\Desktop\Mesh-Face-Clustering-with-voxelization-master\OpenMesh_EX\Mesh\GUA_OM.cpp(926,33): warning C4996: 'OpenMesh::Iterators::GenericIteratorT<OpenMesh::PolyConnectivity::This,OpenMesh::ArrayKernel::FaceHandle,OpenMesh::ArrayKernel,{&OpenMesh::ArrayKernel::has_face_status,0},{&OpenMesh::ArrayKernel::[thunk]: __cdecl OpenMesh::ArrayKernel::`vcall'{32,{flat}}' }',0}>::handle': This function clutters your code. Use dereferencing operators -> and * instead.
C:\Users\123\Desktop\Mesh-Face-Clustering-with-voxelization-master\OpenMesh_EX\Mesh\GUA_OM.cpp(948,30): warning C4996: 'OpenMesh::Iterators::GenericIteratorT<OpenMesh::PolyConnectivity::This,OpenMesh::ArrayKernel::FaceHandle,OpenMesh::ArrayKernel,{&OpenMesh::ArrayKernel::has_face_status,0},{&OpenMesh::ArrayKernel::[thunk]: __cdecl OpenMesh::ArrayKernel::`vcall'{32,{flat}}' }',0}>::operator OpenMesh::FaceHandle': Implicit casts of iterators are unsafe. Use dereferencing operators -> and * instead.
C:\Users\123\Desktop\Mesh-Face-Clustering-with-voxelization-master\OpenMesh_EX\Mesh\GUA_OM.cpp(949,22): warning C4996: 'OpenMesh::Iterators::GenericCirculatorT_DEPRECATED<OpenMesh::PolyConnectivity::This,OpenMesh::ArrayKernel::FaceHandle,OpenMesh::ArrayKernel::FaceHandle,{&OpenMesh::Iterators::GenericCirculatorBaseT<OpenMesh::PolyConnectivity::This>::toOppositeFaceHandle,0}>::handle': This function clutters your code. Use dereferencing operators -> and * instead.
C:\Users\123\Desktop\Mesh-Face-Clustering-with-voxelization-master\OpenMesh_EX\Mesh\GUA_OM.cpp(950,19): warning C4996: 'OpenMesh::Iterators::GenericCirculatorT_DEPRECATED<OpenMesh::PolyConnectivity::This,OpenMesh::ArrayKernel::FaceHandle,OpenMesh::ArrayKernel::FaceHandle,{&OpenMesh::Iterators::GenericCirculatorBaseT<OpenMesh::PolyConnectivity::This>::toOppositeFaceHandle,0}>::handle': This function clutters your code. Use dereferencing operators -> and * instead.
C:\Users\123\Desktop\Mesh-Face-Clustering-with-voxelization-master\OpenMesh_EX\Mesh\GUA_OM.cpp(951,34): warning C4996: 'OpenMesh::Iterators::GenericCirculatorT_DEPRECATED<OpenMesh::PolyConnectivity::This,OpenMesh::ArrayKernel::FaceHandle,OpenMesh::ArrayKernel::FaceHandle,{&OpenMesh::Iterators::GenericCirculatorBaseT<OpenMesh::PolyConnectivity::This>::toOppositeFaceHandle,0}>::handle': This function clutters your code. Use dereferencing operators -> and * instead.
C:\Users\123\Desktop\Mesh-Face-Clustering-with-voxelization-master\OpenMesh_EX\Mesh\GUA_OM.cpp(964,13): warning C4244: '正在初始化': 將 'double' 轉換為 'int'，由於類型不同，可能導致資料遺失
C:\Users\123\Desktop\Mesh-Face-Clustering-with-voxelization-master\OpenMesh_EX\Mesh\GUA_OM.cpp(1008,23): warning C4996: 'OpenMesh::Iterators::GenericIteratorT<OpenMesh::PolyConnectivity::This,OpenMesh::ArrayKernel::FaceHandle,OpenMesh::ArrayKernel,{&OpenMesh::ArrayKernel::has_face_status,0},{&OpenMesh::ArrayKernel::[thunk]: __cdecl OpenMesh::ArrayKernel::`vcall'{32,{flat}}' }',0}>::handle': This function clutters your code. Use dereferencing operators -> and * instead.
C:\Users\123\Desktop\Mesh-Face-Clustering-with-voxelization-master\OpenMesh_EX\Mesh\GUA_OM.cpp(1009,13): warning C4996: 'OpenMesh::Iterators::GenericIteratorT<OpenMesh::PolyConnectivity::This,OpenMesh::ArrayKernel::FaceHandle,OpenMesh::ArrayKernel,{&OpenMesh::ArrayKernel::has_face_status,0},{&OpenMesh::ArrayKernel::[thunk]: __cdecl OpenMesh::ArrayKernel::`vcall'{32,{flat}}' }',0}>::handle': This function clutters your code. Use dereferencing operators -> and * instead.
C:\Users\123\Desktop\Mesh-Face-Clustering-with-voxelization-master\OpenMesh_EX\Mesh\GUA_OM.cpp(1010,20): warning C4996: 'OpenMesh::Iterators::GenericIteratorT<OpenMesh::PolyConnectivity::This,OpenMesh::ArrayKernel::FaceHandle,OpenMesh::ArrayKernel,{&OpenMesh::ArrayKernel::has_face_status,0},{&OpenMesh::ArrayKernel::[thunk]: __cdecl OpenMesh::ArrayKernel::`vcall'{32,{flat}}' }',0}>::handle': This function clutters your code. Use dereferencing operators -> and * instead.
C:\Users\123\Desktop\Mesh-Face-Clustering-with-voxelization-master\OpenMesh_EX\Mesh\GUA_OM.cpp(1011,19): warning C4996: 'OpenMesh::Iterators::GenericIteratorT<OpenMesh::PolyConnectivity::This,OpenMesh::ArrayKernel::FaceHandle,OpenMesh::ArrayKernel,{&OpenMesh::ArrayKernel::has_face_status,0},{&OpenMesh::ArrayKernel::[thunk]: __cdecl OpenMesh::ArrayKernel::`vcall'{32,{flat}}' }',0}>::handle': This function clutters your code. Use dereferencing operators -> and * instead.
C:\Users\123\Desktop\Mesh-Face-Clustering-with-voxelization-master\OpenMesh_EX\Mesh\GUA_OM.cpp(1050,38): warning C4996: 'OpenMesh::Iterators::GenericCirculatorT_DEPRECATED<OpenMesh::PolyConnectivity::This,OpenMesh::ArrayKernel::FaceHandle,OpenMesh::ArrayKernel::FaceHandle,{&OpenMesh::Iterators::GenericCirculatorBaseT<OpenMesh::PolyConnectivity::This>::toOppositeFaceHandle,0}>::operator bool': Do not use this error prone implicit cast. Compare to end-iterator or use is_valid(), instead.
C:\Users\123\Desktop\Mesh-Face-Clustering-with-voxelization-master\OpenMesh_EX\Mesh\GUA_OM.cpp(1052,22): warning C4996: 'OpenMesh::Iterators::GenericCirculatorT_DEPRECATED<OpenMesh::PolyConnectivity::This,OpenMesh::ArrayKernel::FaceHandle,OpenMesh::ArrayKernel::FaceHandle,{&OpenMesh::Iterators::GenericCirculatorBaseT<OpenMesh::PolyConnectivity::This>::toOppositeFaceHandle,0}>::handle': This function clutters your code. Use dereferencing operators -> and * instead.
C:\Users\123\Desktop\Mesh-Face-Clustering-with-voxelization-master\OpenMesh_EX\Mesh\GUA_OM.cpp(1139,59): warning C4996: 'OpenMesh::Iterators::GenericCirculatorT_DEPRECATED<OpenMesh::PolyConnectivity::This,OpenMesh::ArrayKernel::FaceHandle,OpenMesh::ArrayKernel::FaceHandle,{&OpenMesh::Iterators::GenericCirculatorBaseT<OpenMesh::PolyConnectivity::This>::toOppositeFaceHandle,0}>::operator bool': Do not use this error prone implicit cast. Compare to end-iterator or use is_valid(), instead.
C:\Users\123\Desktop\Mesh-Face-Clustering-with-voxelization-master\OpenMesh_EX\Mesh\GUA_OM.cpp(1142,32): warning C4996: 'OpenMesh::Iterators::GenericCirculatorT_DEPRECATED<OpenMesh::PolyConnectivity::This,OpenMesh::ArrayKernel::FaceHandle,OpenMesh::ArrayKernel::FaceHandle,{&OpenMesh::Iterators::GenericCirculatorBaseT<OpenMesh::PolyConnectivity::This>::toOppositeFaceHandle,0}>::handle': This function clutters your code. Use dereferencing operators -> and * instead.
C:\Users\123\Desktop\Mesh-Face-Clustering-with-voxelization-master\OpenMesh_EX\Mesh\GUA_OM.cpp(1210,38): warning C4244: '+=': 將 'Scalar' 轉換為 'float'，由於類型不同，可能導致資料遺失
          with
          [
              Scalar=double
          ]
C:\Users\123\Desktop\Mesh-Face-Clustering-with-voxelization-master\OpenMesh_EX\Mesh\GUA_OM.cpp(1211,38): warning C4244: '+=': 將 'Scalar' 轉換為 'float'，由於類型不同，可能導致資料遺失
          with
          [
              Scalar=double
          ]
C:\Users\123\Desktop\Mesh-Face-Clustering-with-voxelization-master\OpenMesh_EX\Mesh\GUA_OM.cpp(1212,38): warning C4244: '+=': 將 'Scalar' 轉換為 'float'，由於類型不同，可能導致資料遺失
          with
          [
              Scalar=double
          ]
C:\Users\123\Desktop\Mesh-Face-Clustering-with-voxelization-master\OpenMesh_EX\Mesh\GUA_OM.cpp(1382,29): warning C4244: '=': 將 'double' 轉換為 'float'，由於類型不同，可能導致資料遺失
C:\Users\123\Desktop\Mesh-Face-Clustering-with-voxelization-master\OpenMesh_EX\Mesh\GUA_OM.cpp(1572,36): warning C4244: '=': 將 'double' 轉換為 'float'，由於類型不同，可能導致資料遺失
C:\Users\123\Desktop\Mesh-Face-Clustering-with-voxelization-master\OpenMesh_EX\Mesh\GUA_OM.cpp(1574,200): warning C4244: '=': 將 'double' 轉換為 'float'，由於類型不同，可能導致資料遺失
C:\Users\123\Desktop\Mesh-Face-Clustering-with-voxelization-master\OpenMesh_EX\Mesh\GUA_OM.cpp(1590,42): warning C4244: '=': 將 'double' 轉換為 'float'，由於類型不同，可能導致資料遺失
C:\Users\123\Desktop\Mesh-Face-Clustering-with-voxelization-master\OpenMesh_EX\Mesh\GUA_OM.cpp(1592,212): warning C4244: '=': 將 'double' 轉換為 'float'，由於類型不同，可能導致資料遺失
C:\Users\123\Desktop\Mesh-Face-Clustering-with-voxelization-master\OpenMesh_EX\Mesh\GUA_OM.cpp(1660,21): warning C4244: '=': 將 'clock_t' 轉換為 'float'，由於類型不同，可能導致資料遺失
C:\Users\123\Desktop\Mesh-Face-Clustering-with-voxelization-master\OpenMesh_EX\Mesh\GUA_OM.cpp(1720,48): warning C4244: '=': 將 'double' 轉換為 'float'，由於類型不同，可能導致資料遺失
C:\Users\123\Desktop\Mesh-Face-Clustering-with-voxelization-master\OpenMesh_EX\Mesh\GUA_OM.cpp(1825,49): warning C4244: '=': 將 'double' 轉換為 'int'，由於類型不同，可能導致資料遺失
C:\Users\123\Desktop\Mesh-Face-Clustering-with-voxelization-master\OpenMesh_EX\Mesh\GUA_OM.cpp(1868,48): warning C4244: '=': 將 'double' 轉換為 'int'，由於類型不同，可能導致資料遺失
C:\Users\123\Desktop\Mesh-Face-Clustering-with-voxelization-master\OpenMesh_EX\Mesh\GUA_OM.cpp(1910,48): warning C4244: '=': 將 'double' 轉換為 'int'，由於類型不同，可能導致資料遺失
C:\Users\123\Desktop\Mesh-Face-Clustering-with-voxelization-master\OpenMesh_EX\Mesh\GUA_OM.cpp(2058,59): warning C4244: '=': 將 'float' 轉換為 'int'，由於類型不同，可能導致資料遺失
C:\Users\123\Desktop\Mesh-Face-Clustering-with-voxelization-master\OpenMesh_EX\Mesh\GUA_OM.cpp(2059,58): warning C4244: '=': 將 'float' 轉換為 'int'，由於類型不同，可能導致資料遺失
C:\Users\123\Desktop\Mesh-Face-Clustering-with-voxelization-master\OpenMesh_EX\Mesh\GUA_OM.cpp(2060,58): warning C4244: '=': 將 'float' 轉換為 'int'，由於類型不同，可能導致資料遺失
C:\Users\123\Desktop\Mesh-Face-Clustering-with-voxelization-master\OpenMesh_EX\Mesh\GUA_OM.cpp(2170,46): warning C4244: '+=': 將 'double' 轉換為 'float'，由於類型不同，可能導致資料遺失
C:\Users\123\Desktop\Mesh-Face-Clustering-with-voxelization-master\OpenMesh_EX\Mesh\GUA_OM.cpp(2229,20): warning C4244: '=': 將 'clock_t' 轉換為 'float'，由於類型不同，可能導致資料遺失
C:\Users\123\Desktop\Mesh-Face-Clustering-with-voxelization-master\OpenMesh_EX\Mesh\GUA_OM.cpp(2234,19): warning C4244: '=': 將 'int' 轉換為 'float'，由於類型不同，可能導致資料遺失
C:\Users\123\Desktop\Mesh-Face-Clustering-with-voxelization-master\OpenMesh_EX\Mesh\GUA_OM.cpp(2296,21): warning C4244: '=': 將 'clock_t' 轉換為 'float'，由於類型不同，可能導致資料遺失
C:\Users\123\Desktop\Mesh-Face-Clustering-with-voxelization-master\OpenMesh_EX\Mesh\GUA_OM.cpp(2449,28): warning C4244: '=': 將 'Scalar' 轉換為 'float'，由於類型不同，可能導致資料遺失
          with
          [
              Scalar=double
          ]
C:\Users\123\Desktop\Mesh-Face-Clustering-with-voxelization-master\OpenMesh_EX\Mesh\GUA_OM.cpp(2594,19): warning C4244: '=': 將 'clock_t' 轉換為 'float'，由於類型不同，可能導致資料遺失
C:\Users\123\Desktop\Mesh-Face-Clustering-with-voxelization-master\OpenMesh_EX\Mesh\GUA_OM.cpp(2609,18): warning C4244: '=': 將 'int' 轉換為 'float'，由於類型不同，可能導致資料遺失
C:\Users\123\Desktop\Mesh-Face-Clustering-with-voxelization-master\OpenMesh_EX\Mesh\GUA_OM.cpp(2694,18): warning C4996: 'OpenMesh::Iterators::GenericIteratorT<OpenMesh::PolyConnectivity::This,OpenMesh::ArrayKernel::VertexHandle,OpenMesh::ArrayKernel,{&OpenMesh::ArrayKernel::has_vertex_status,0},{&OpenMesh::ArrayKernel::[thunk]: __cdecl OpenMesh::ArrayKernel::`vcall'{8,{flat}}' }',0}>::handle': This function clutters your code. Use dereferencing operators -> and * instead.
C:\Users\123\Desktop\Mesh-Face-Clustering-with-voxelization-master\OpenMesh_EX\Mesh\GUA_OM.cpp(2695,34): warning C4996: 'OpenMesh::Iterators::GenericIteratorT<OpenMesh::PolyConnectivity::This,OpenMesh::ArrayKernel::VertexHandle,OpenMesh::ArrayKernel,{&OpenMesh::ArrayKernel::has_vertex_status,0},{&OpenMesh::ArrayKernel::[thunk]: __cdecl OpenMesh::ArrayKernel::`vcall'{8,{flat}}' }',0}>::handle': This function clutters your code. Use dereferencing operators -> and * instead.
C:\Users\123\Desktop\Mesh-Face-Clustering-with-voxelization-master\OpenMesh_EX\Mesh\GUA_OM.cpp(2700,34): warning C4996: 'OpenMesh::Iterators::GenericIteratorT<OpenMesh::PolyConnectivity::This,OpenMesh::ArrayKernel::FaceHandle,OpenMesh::ArrayKernel,{&OpenMesh::ArrayKernel::has_face_status,0},{&OpenMesh::ArrayKernel::[thunk]: __cdecl OpenMesh::ArrayKernel::`vcall'{32,{flat}}' }',0}>::handle': This function clutters your code. Use dereferencing operators -> and * instead.
C:\Users\123\Desktop\Mesh-Face-Clustering-with-voxelization-master\OpenMesh_EX\Mesh\GUA_OM.cpp(2702,32): warning C4996: 'OpenMesh::Iterators::GenericIteratorT<OpenMesh::PolyConnectivity::This,OpenMesh::ArrayKernel::FaceHandle,OpenMesh::ArrayKernel,{&OpenMesh::ArrayKernel::has_face_status,0},{&OpenMesh::ArrayKernel::[thunk]: __cdecl OpenMesh::ArrayKernel::`vcall'{32,{flat}}' }',0}>::operator OpenMesh::FaceHandle': Implicit casts of iterators are unsafe. Use dereferencing operators -> and * instead.
C:\Users\123\Desktop\Mesh-Face-Clustering-with-voxelization-master\OpenMesh_EX\Mesh\GUA_OM.cpp(2703,30): warning C4996: 'OpenMesh::Iterators::GenericCirculatorT_DEPRECATED<OpenMesh::PolyConnectivity::This,OpenMesh::ArrayKernel::FaceHandle,OpenMesh::ArrayKernel::VertexHandle,{&OpenMesh::Iterators::GenericCirculatorBaseT<OpenMesh::PolyConnectivity::This>::toVertexHandle,0}>::handle': This function clutters your code. Use dereferencing operators -> and * instead.
C:\Users\123\Desktop\Mesh-Face-Clustering-with-voxelization-master\OpenMesh_EX\Mesh\GUA_OM.cpp(2704,24): warning C4996: 'OpenMesh::Iterators::GenericCirculatorT_DEPRECATED<OpenMesh::PolyConnectivity::This,OpenMesh::ArrayKernel::FaceHandle,OpenMesh::ArrayKernel::VertexHandle,{&OpenMesh::Iterators::GenericCirculatorBaseT<OpenMesh::PolyConnectivity::This>::toVertexHandle,0}>::handle': This function clutters your code. Use dereferencing operators -> and * instead.
C:\Users\123\Desktop\Mesh-Face-Clustering-with-voxelization-master\OpenMesh_EX\Mesh\GUA_OM.cpp(2760,24): warning C4996: 'OpenMesh::Iterators::GenericIteratorT<OpenMesh::PolyConnectivity::This,OpenMesh::ArrayKernel::VertexHandle,OpenMesh::ArrayKernel,{&OpenMesh::ArrayKernel::has_vertex_status,0},{&OpenMesh::ArrayKernel::[thunk]: __cdecl OpenMesh::ArrayKernel::`vcall'{8,{flat}}' }',0}>::handle': This function clutters your code. Use dereferencing operators -> and * instead.
C:\Users\123\Desktop\Mesh-Face-Clustering-with-voxelization-master\OpenMesh_EX\Mesh\GUA_OM.cpp(2776,38): warning C4996: 'OpenMesh::Iterators::GenericIteratorT<OpenMesh::PolyConnectivity::This,OpenMesh::ArrayKernel::FaceHandle,OpenMesh::ArrayKernel,{&OpenMesh::ArrayKernel::has_face_status,0},{&OpenMesh::ArrayKernel::[thunk]: __cdecl OpenMesh::ArrayKernel::`vcall'{32,{flat}}' }',0}>::operator OpenMesh::FaceHandle': Implicit casts of iterators are unsafe. Use dereferencing operators -> and * instead.
C:\Users\123\Desktop\Mesh-Face-Clustering-with-voxelization-master\OpenMesh_EX\Mesh\GUA_OM.cpp(2778,25): warning C4996: 'OpenMesh::Iterators::GenericCirculatorT_DEPRECATED<OpenMesh::PolyConnectivity::This,OpenMesh::ArrayKernel::FaceHandle,OpenMesh::ArrayKernel::VertexHandle,{&OpenMesh::Iterators::GenericCirculatorBaseT<OpenMesh::PolyConnectivity::This>::toVertexHandle,0}>::handle': This function clutters your code. Use dereferencing operators -> and * instead.
C:\Users\123\Desktop\Mesh-Face-Clustering-with-voxelization-master\OpenMesh_EX\Mesh\GUA_OM.cpp(2779,24): warning C4996: 'OpenMesh::Iterators::GenericCirculatorT_DEPRECATED<OpenMesh::PolyConnectivity::This,OpenMesh::ArrayKernel::FaceHandle,OpenMesh::ArrayKernel::VertexHandle,{&OpenMesh::Iterators::GenericCirculatorBaseT<OpenMesh::PolyConnectivity::This>::toVertexHandle,0}>::handle': This function clutters your code. Use dereferencing operators -> and * instead.
C:\Users\123\Desktop\Mesh-Face-Clustering-with-voxelization-master\OpenMesh_EX\Mesh\GUA_OM.cpp(2827,24): warning C4996: 'OpenMesh::Iterators::GenericIteratorT<OpenMesh::PolyConnectivity::This,OpenMesh::ArrayKernel::VertexHandle,OpenMesh::ArrayKernel,{&OpenMesh::ArrayKernel::has_vertex_status,0},{&OpenMesh::ArrayKernel::[thunk]: __cdecl OpenMesh::ArrayKernel::`vcall'{8,{flat}}' }',0}>::handle': This function clutters your code. Use dereferencing operators -> and * instead.
C:\Users\123\Desktop\Mesh-Face-Clustering-with-voxelization-master\OpenMesh_EX\Mesh\GUA_OM.cpp(2843,38): warning C4996: 'OpenMesh::Iterators::GenericIteratorT<OpenMesh::PolyConnectivity::This,OpenMesh::ArrayKernel::FaceHandle,OpenMesh::ArrayKernel,{&OpenMesh::ArrayKernel::has_face_status,0},{&OpenMesh::ArrayKernel::[thunk]: __cdecl OpenMesh::ArrayKernel::`vcall'{32,{flat}}' }',0}>::operator OpenMesh::FaceHandle': Implicit casts of iterators are unsafe. Use dereferencing operators -> and * instead.
C:\Users\123\Desktop\Mesh-Face-Clustering-with-voxelization-master\OpenMesh_EX\Mesh\GUA_OM.cpp(2845,25): warning C4996: 'OpenMesh::Iterators::GenericCirculatorT_DEPRECATED<OpenMesh::PolyConnectivity::This,OpenMesh::ArrayKernel::FaceHandle,OpenMesh::ArrayKernel::VertexHandle,{&OpenMesh::Iterators::GenericCirculatorBaseT<OpenMesh::PolyConnectivity::This>::toVertexHandle,0}>::handle': This function clutters your code. Use dereferencing operators -> and * instead.
C:\Users\123\Desktop\Mesh-Face-Clustering-with-voxelization-master\OpenMesh_EX\Mesh\GUA_OM.cpp(2846,24): warning C4996: 'OpenMesh::Iterators::GenericCirculatorT_DEPRECATED<OpenMesh::PolyConnectivity::This,OpenMesh::ArrayKernel::FaceHandle,OpenMesh::ArrayKernel::VertexHandle,{&OpenMesh::Iterators::GenericCirculatorBaseT<OpenMesh::PolyConnectivity::This>::toVertexHandle,0}>::handle': This function clutters your code. Use dereferencing operators -> and * instead.
C:\Users\123\Desktop\Mesh-Face-Clustering-with-voxelization-master\OpenMesh_EX\Mesh\GUA_OM.cpp(2929,2): warning C4996: 'strcpy': This function or variable may be unsafe. Consider using strcpy_s instead. To disable deprecation, use _CRT_SECURE_NO_WARNINGS. See online help for details.
C:\Users\123\Desktop\Mesh-Face-Clustering-with-voxelization-master\OpenMesh_EX\Mesh\GUA_OM.cpp(2968,52): warning C4267: '=': 將 'size_t' 轉換為 'int'，資料可能遺失
C:\Users\123\Desktop\Mesh-Face-Clustering-with-voxelization-master\OpenMesh_EX\Mesh\GUA_OM.cpp(3029,55): warning C4267: '=': 將 'size_t' 轉換為 'int'，資料可能遺失
C:\Users\123\Desktop\Mesh-Face-Clustering-with-voxelization-master\OpenMesh_EX\Mesh\GUA_OM.cpp(2940,23): warning C4996: 'OpenMesh::Iterators::GenericIteratorT<OpenMesh::PolyConnectivity::This,OpenMesh::ArrayKernel::VertexHandle,OpenMesh::ArrayKernel,{&OpenMesh::ArrayKernel::has_vertex_status,0},{&OpenMesh::ArrayKernel::[thunk]: __cdecl OpenMesh::ArrayKernel::`vcall'{8,{flat}}' }',0}>::handle': This function clutters your code. Use dereferencing operators -> and * instead.
C:\Users\123\Desktop\Mesh-Face-Clustering-with-voxelization-master\OpenMesh_EX\Mesh\GUA_OM.cpp(2942,23): warning C4996: 'OpenMesh::Iterators::GenericIteratorT<OpenMesh::PolyConnectivity::This,OpenMesh::ArrayKernel::FaceHandle,OpenMesh::ArrayKernel,{&OpenMesh::ArrayKernel::has_face_status,0},{&OpenMesh::ArrayKernel::[thunk]: __cdecl OpenMesh::ArrayKernel::`vcall'{32,{flat}}' }',0}>::handle': This function clutters your code. Use dereferencing operators -> and * instead.
C:\Users\123\Desktop\Mesh-Face-Clustering-with-voxelization-master\OpenMesh_EX\Mesh\GUA_OM.cpp(2957,36): warning C4996: 'OpenMesh::Iterators::GenericCirculatorT_DEPRECATED<OpenMesh::PolyConnectivity::This,OpenMesh::ArrayKernel::FaceHandle,OpenMesh::ArrayKernel::VertexHandle,{&OpenMesh::Iterators::GenericCirculatorBaseT<OpenMesh::PolyConnectivity::This>::toVertexHandle,0}>::operator bool': Do not use this error prone implicit cast. Compare to end-iterator or use is_valid(), instead.
C:\Users\123\Desktop\Mesh-Face-Clustering-with-voxelization-master\OpenMesh_EX\Mesh\GUA_OM.cpp(2959,19): warning C4996: 'OpenMesh::Iterators::GenericCirculatorT_DEPRECATED<OpenMesh::PolyConnectivity::This,OpenMesh::ArrayKernel::FaceHandle,OpenMesh::ArrayKernel::VertexHandle,{&OpenMesh::Iterators::GenericCirculatorBaseT<OpenMesh::PolyConnectivity::This>::toVertexHandle,0}>::handle': This function clutters your code. Use dereferencing operators -> and * instead.
C:\Users\123\Desktop\Mesh-Face-Clustering-with-voxelization-master\OpenMesh_EX\Mesh\GUA_OM.cpp(2961,23): warning C4996: 'OpenMesh::Iterators::GenericCirculatorT_DEPRECATED<OpenMesh::PolyConnectivity::This,OpenMesh::ArrayKernel::FaceHandle,OpenMesh::ArrayKernel::VertexHandle,{&OpenMesh::Iterators::GenericCirculatorBaseT<OpenMesh::PolyConnectivity::This>::toVertexHandle,0}>::handle': This function clutters your code. Use dereferencing operators -> and * instead.
C:\Users\123\Desktop\Mesh-Face-Clustering-with-voxelization-master\OpenMesh_EX\Mesh\GUA_OM.cpp(2963,25): warning C4996: 'OpenMesh::Iterators::GenericCirculatorT_DEPRECATED<OpenMesh::PolyConnectivity::This,OpenMesh::ArrayKernel::FaceHandle,OpenMesh::ArrayKernel::VertexHandle,{&OpenMesh::Iterators::GenericCirculatorBaseT<OpenMesh::PolyConnectivity::This>::toVertexHandle,0}>::handle': This function clutters your code. Use dereferencing operators -> and * instead.
C:\Users\123\Desktop\Mesh-Face-Clustering-with-voxelization-master\OpenMesh_EX\Mesh\GUA_OM.cpp(2968,17): warning C4996: 'OpenMesh::Iterators::GenericCirculatorT_DEPRECATED<OpenMesh::PolyConnectivity::This,OpenMesh::ArrayKernel::FaceHandle,OpenMesh::ArrayKernel::VertexHandle,{&OpenMesh::Iterators::GenericCirculatorBaseT<OpenMesh::PolyConnectivity::This>::toVertexHandle,0}>::handle': This function clutters your code. Use dereferencing operators -> and * instead.
C:\Users\123\Desktop\Mesh-Face-Clustering-with-voxelization-master\OpenMesh_EX\Mesh\GUA_OM.cpp(2971,39): warning C4996: 'OpenMesh::Iterators::GenericCirculatorT_DEPRECATED<OpenMesh::PolyConnectivity::This,OpenMesh::ArrayKernel::FaceHandle,OpenMesh::ArrayKernel::VertexHandle,{&OpenMesh::Iterators::GenericCirculatorBaseT<OpenMesh::PolyConnectivity::This>::toVertexHandle,0}>::handle': This function clutters your code. Use dereferencing operators -> and * instead.
C:\Users\123\Desktop\Mesh-Face-Clustering-with-voxelization-master\OpenMesh_EX\Mesh\GUA_OM.cpp(2988,39): warning C4996: 'OpenMesh::Iterators::GenericIteratorT<OpenMesh::PolyConnectivity::This,OpenMesh::ArrayKernel::FaceHandle,OpenMesh::ArrayKernel,{&OpenMesh::ArrayKernel::has_face_status,0},{&OpenMesh::ArrayKernel::[thunk]: __cdecl OpenMesh::ArrayKernel::`vcall'{32,{flat}}' }',0}>::operator OpenMesh::FaceHandle': Implicit casts of iterators are unsafe. Use dereferencing operators -> and * instead.
C:\Users\123\Desktop\Mesh-Face-Clustering-with-voxelization-master\OpenMesh_EX\Mesh\GUA_OM.cpp(2990,30): warning C4996: 'OpenMesh::Iterators::GenericCirculatorT_DEPRECATED<OpenMesh::PolyConnectivity::This,OpenMesh::ArrayKernel::FaceHandle,OpenMesh::ArrayKernel::VertexHandle,{&OpenMesh::Iterators::GenericCirculatorBaseT<OpenMesh::PolyConnectivity::This>::toVertexHandle,0}>::operator OpenMesh::VertexHandle': Implicit casts of iterators are unsafe. Use dereferencing operators -> and * instead.
C:\Users\123\Desktop\Mesh-Face-Clustering-with-voxelization-master\OpenMesh_EX\Mesh\GUA_OM.cpp(2992,32): warning C4996: 'OpenMesh::Iterators::GenericCirculatorT_DEPRECATED<OpenMesh::PolyConnectivity::This,OpenMesh::ArrayKernel::FaceHandle,OpenMesh::ArrayKernel::VertexHandle,{&OpenMesh::Iterators::GenericCirculatorBaseT<OpenMesh::PolyConnectivity::This>::toVertexHandle,0}>::operator OpenMesh::VertexHandle': Implicit casts of iterators are unsafe. Use dereferencing operators -> and * instead.
C:\Users\123\Desktop\Mesh-Face-Clustering-with-voxelization-master\OpenMesh_EX\Mesh\GUA_OM.cpp(3018,38): warning C4996: 'OpenMesh::Iterators::GenericIteratorT<OpenMesh::PolyConnectivity::This,OpenMesh::ArrayKernel::FaceHandle,OpenMesh::ArrayKernel,{&OpenMesh::ArrayKernel::has_face_status,0},{&OpenMesh::ArrayKernel::[thunk]: __cdecl OpenMesh::ArrayKernel::`vcall'{32,{flat}}' }',0}>::operator OpenMesh::FaceHandle': Implicit casts of iterators are unsafe. Use dereferencing operators -> and * instead.
C:\Users\123\Desktop\Mesh-Face-Clustering-with-voxelization-master\OpenMesh_EX\Mesh\GUA_OM.cpp(3020,30): warning C4996: 'OpenMesh::Iterators::GenericCirculatorT_DEPRECATED<OpenMesh::PolyConnectivity::This,OpenMesh::ArrayKernel::FaceHandle,OpenMesh::ArrayKernel::VertexHandle,{&OpenMesh::Iterators::GenericCirculatorBaseT<OpenMesh::PolyConnectivity::This>::toVertexHandle,0}>::operator OpenMesh::VertexHandle': Implicit casts of iterators are unsafe. Use dereferencing operators -> and * instead.
C:\Users\123\Desktop\Mesh-Face-Clustering-with-voxelization-master\OpenMesh_EX\Mesh\GUA_OM.cpp(3024,39): warning C4996: 'OpenMesh::Iterators::GenericIteratorT<OpenMesh::PolyConnectivity::This,OpenMesh::ArrayKernel::FaceHandle,OpenMesh::ArrayKernel,{&OpenMesh::ArrayKernel::has_face_status,0},{&OpenMesh::ArrayKernel::[thunk]: __cdecl OpenMesh::ArrayKernel::`vcall'{32,{flat}}' }',0}>::operator OpenMesh::FaceHandle': Implicit casts of iterators are unsafe. Use dereferencing operators -> and * instead.
C:\Users\123\Desktop\Mesh-Face-Clustering-with-voxelization-master\OpenMesh_EX\Mesh\GUA_OM.cpp(3026,31): warning C4996: 'OpenMesh::Iterators::GenericCirculatorT_DEPRECATED<OpenMesh::PolyConnectivity::This,OpenMesh::ArrayKernel::FaceHandle,OpenMesh::ArrayKernel::VertexHandle,{&OpenMesh::Iterators::GenericCirculatorBaseT<OpenMesh::PolyConnectivity::This>::toVertexHandle,0}>::operator OpenMesh::VertexHandle': Implicit casts of iterators are unsafe. Use dereferencing operators -> and * instead.
C:\Users\123\Desktop\Mesh-Face-Clustering-with-voxelization-master\OpenMesh_EX\Mesh\GUA_OM.cpp(3027,28): warning C4996: 'OpenMesh::Iterators::GenericCirculatorT_DEPRECATED<OpenMesh::PolyConnectivity::This,OpenMesh::ArrayKernel::FaceHandle,OpenMesh::ArrayKernel::VertexHandle,{&OpenMesh::Iterators::GenericCirculatorBaseT<OpenMesh::PolyConnectivity::This>::toVertexHandle,0}>::handle': This function clutters your code. Use dereferencing operators -> and * instead.
C:\Users\123\Desktop\Mesh-Face-Clustering-with-voxelization-master\OpenMesh_EX\Mesh\GUA_OM.cpp(3028,60): warning C4996: 'OpenMesh::Iterators::GenericCirculatorT_DEPRECATED<OpenMesh::PolyConnectivity::This,OpenMesh::ArrayKernel::FaceHandle,OpenMesh::ArrayKernel::VertexHandle,{&OpenMesh::Iterators::GenericCirculatorBaseT<OpenMesh::PolyConnectivity::This>::toVertexHandle,0}>::handle': This function clutters your code. Use dereferencing operators -> and * instead.
C:\Users\123\Desktop\Mesh-Face-Clustering-with-voxelization-master\OpenMesh_EX\Mesh\GUA_OM.cpp(3029,20): warning C4996: 'OpenMesh::Iterators::GenericCirculatorT_DEPRECATED<OpenMesh::PolyConnectivity::This,OpenMesh::ArrayKernel::FaceHandle,OpenMesh::ArrayKernel::VertexHandle,{&OpenMesh::Iterators::GenericCirculatorBaseT<OpenMesh::PolyConnectivity::This>::toVertexHandle,0}>::handle': This function clutters your code. Use dereferencing operators -> and * instead.
C:\Users\123\Desktop\Mesh-Face-Clustering-with-voxelization-master\OpenMesh_EX\Mesh\GUA_OM.cpp(3032,46): warning C4996: 'OpenMesh::Iterators::GenericCirculatorT_DEPRECATED<OpenMesh::PolyConnectivity::This,OpenMesh::ArrayKernel::FaceHandle,OpenMesh::ArrayKernel::VertexHandle,{&OpenMesh::Iterators::GenericCirculatorBaseT<OpenMesh::PolyConnectivity::This>::toVertexHandle,0}>::handle': This function clutters your code. Use dereferencing operators -> and * instead.
C:\Users\123\Desktop\Mesh-Face-Clustering-with-voxelization-master\OpenMesh_EX\Mesh\GUA_OM.cpp(3040,40): warning C4996: 'OpenMesh::Iterators::GenericIteratorT<OpenMesh::PolyConnectivity::This,OpenMesh::ArrayKernel::FaceHandle,OpenMesh::ArrayKernel,{&OpenMesh::ArrayKernel::has_face_status,0},{&OpenMesh::ArrayKernel::[thunk]: __cdecl OpenMesh::ArrayKernel::`vcall'{32,{flat}}' }',0}>::operator OpenMesh::FaceHandle': Implicit casts of iterators are unsafe. Use dereferencing operators -> and * instead.
C:\Users\123\Desktop\Mesh-Face-Clustering-with-voxelization-master\OpenMesh_EX\Mesh\GUA_OM.cpp(3042,32): warning C4996: 'OpenMesh::Iterators::GenericCirculatorT_DEPRECATED<OpenMesh::PolyConnectivity::This,OpenMesh::ArrayKernel::FaceHandle,OpenMesh::ArrayKernel::VertexHandle,{&OpenMesh::Iterators::GenericCirculatorBaseT<OpenMesh::PolyConnectivity::This>::toVertexHandle,0}>::operator OpenMesh::VertexHandle': Implicit casts of iterators are unsafe. Use dereferencing operators -> and * instead.
C:\Users\123\Desktop\Mesh-Face-Clustering-with-voxelization-master\OpenMesh_EX\Mesh\GUA_OM.cpp(3044,60): warning C4996: 'OpenMesh::Iterators::GenericCirculatorT_DEPRECATED<OpenMesh::PolyConnectivity::This,OpenMesh::ArrayKernel::FaceHandle,OpenMesh::ArrayKernel::VertexHandle,{&OpenMesh::Iterators::GenericCirculatorBaseT<OpenMesh::PolyConnectivity::This>::toVertexHandle,0}>::handle': This function clutters your code. Use dereferencing operators -> and * instead.
C:\Users\123\Desktop\Mesh-Face-Clustering-with-voxelization-master\OpenMesh_EX\Mesh\GUA_OM.cpp(3067,29): warning C4996: 'OpenMesh::Iterators::GenericIteratorT<OpenMesh::PolyConnectivity::This,OpenMesh::ArrayKernel::VertexHandle,OpenMesh::ArrayKernel,{&OpenMesh::ArrayKernel::has_vertex_status,0},{&OpenMesh::ArrayKernel::[thunk]: __cdecl OpenMesh::ArrayKernel::`vcall'{8,{flat}}' }',0}>::operator OpenMesh::VertexHandle': Implicit casts of iterators are unsafe. Use dereferencing operators -> and * instead.
C:\Users\123\Desktop\Mesh-Face-Clustering-with-voxelization-master\OpenMesh_EX\Mesh\GUA_OM.cpp(3069,23): warning C4996: 'OpenMesh::Iterators::GenericIteratorT<OpenMesh::PolyConnectivity::This,OpenMesh::ArrayKernel::VertexHandle,OpenMesh::ArrayKernel,{&OpenMesh::ArrayKernel::has_vertex_status,0},{&OpenMesh::ArrayKernel::[thunk]: __cdecl OpenMesh::ArrayKernel::`vcall'{8,{flat}}' }',0}>::handle': This function clutters your code. Use dereferencing operators -> and * instead.
C:\Users\123\Desktop\Mesh-Face-Clustering-with-voxelization-master\OpenMesh_EX\Mesh\GUA_OM.cpp(3070,23): warning C4996: 'OpenMesh::Iterators::GenericIteratorT<OpenMesh::PolyConnectivity::This,OpenMesh::ArrayKernel::VertexHandle,OpenMesh::ArrayKernel,{&OpenMesh::ArrayKernel::has_vertex_status,0},{&OpenMesh::ArrayKernel::[thunk]: __cdecl OpenMesh::ArrayKernel::`vcall'{8,{flat}}' }',0}>::handle': This function clutters your code. Use dereferencing operators -> and * instead.
C:\Users\123\Desktop\Mesh-Face-Clustering-with-voxelization-master\OpenMesh_EX\Mesh\GUA_OM.cpp(3071,40): warning C4996: 'OpenMesh::Iterators::GenericIteratorT<OpenMesh::PolyConnectivity::This,OpenMesh::ArrayKernel::VertexHandle,OpenMesh::ArrayKernel,{&OpenMesh::ArrayKernel::has_vertex_status,0},{&OpenMesh::ArrayKernel::[thunk]: __cdecl OpenMesh::ArrayKernel::`vcall'{8,{flat}}' }',0}>::operator OpenMesh::VertexHandle': Implicit casts of iterators are unsafe. Use dereferencing operators -> and * instead.
C:\Users\123\Desktop\Mesh-Face-Clustering-with-voxelization-master\OpenMesh_EX\Mesh\GUA_OM.cpp(3073,31): warning C4996: 'OpenMesh::Iterators::GenericCirculatorT_DEPRECATED<OpenMesh::PolyConnectivity::This,OpenMesh::ArrayKernel::VertexHandle,OpenMesh::ArrayKernel::VertexHandle,{&OpenMesh::Iterators::GenericCirculatorBaseT<OpenMesh::PolyConnectivity::This>::toVertexHandle,0}>::operator OpenMesh::VertexHandle': Implicit casts of iterators are unsafe. Use dereferencing operators -> and * instead.
C:\Users\123\Desktop\Mesh-Face-Clustering-with-voxelization-master\OpenMesh_EX\Mesh\GUA_OM.cpp(3075,25): warning C4996: 'OpenMesh::Iterators::GenericIteratorT<OpenMesh::PolyConnectivity::This,OpenMesh::ArrayKernel::VertexHandle,OpenMesh::ArrayKernel,{&OpenMesh::ArrayKernel::has_vertex_status,0},{&OpenMesh::ArrayKernel::[thunk]: __cdecl OpenMesh::ArrayKernel::`vcall'{8,{flat}}' }',0}>::handle': This function clutters your code. Use dereferencing operators -> and * instead.
C:\Users\123\Desktop\Mesh-Face-Clustering-with-voxelization-master\OpenMesh_EX\Mesh\GUA_OM.cpp(3118,50): warning C4244: '引數': 將 'double' 轉換為 'float'，由於類型不同，可能導致資料遺失
C:\Users\123\Desktop\Mesh-Face-Clustering-with-voxelization-master\OpenMesh_EX\Mesh\GUA_OM.cpp(3118,11): warning C4244: '=': 將 'double' 轉換為 'float'，由於類型不同，可能導致資料遺失
C:\Users\123\Desktop\Mesh-Face-Clustering-with-voxelization-master\OpenMesh_EX\Mesh\GUA_OM.cpp(3119,49): warning C4244: '引數': 將 'double' 轉換為 'float'，由於類型不同，可能導致資料遺失
C:\Users\123\Desktop\Mesh-Face-Clustering-with-voxelization-master\OpenMesh_EX\Mesh\GUA_OM.cpp(3119,11): warning C4244: '=': 將 'double' 轉換為 'float'，由於類型不同，可能導致資料遺失
C:\Users\123\Desktop\Mesh-Face-Clustering-with-voxelization-master\OpenMesh_EX\Mesh\GUA_OM.cpp(3120,50): warning C4244: '引數': 將 'double' 轉換為 'float'，由於類型不同，可能導致資料遺失
C:\Users\123\Desktop\Mesh-Face-Clustering-with-voxelization-master\OpenMesh_EX\Mesh\GUA_OM.cpp(3120,12): warning C4244: '=': 將 'double' 轉換為 'float'，由於類型不同，可能導致資料遺失
C:\Users\123\Desktop\Mesh-Face-Clustering-with-voxelization-master\OpenMesh_EX\Mesh\GUA_OM.cpp(3123,44): warning C4244: '=': 將 'double' 轉換為 'float'，由於類型不同，可能導致資料遺失
C:\Users\123\Desktop\Mesh-Face-Clustering-with-voxelization-master\OpenMesh_EX\Mesh\GUA_OM.cpp(3108,36): warning C4996: 'OpenMesh::Iterators::GenericIteratorT<OpenMesh::PolyConnectivity::This,OpenMesh::ArrayKernel::FaceHandle,OpenMesh::ArrayKernel,{&OpenMesh::ArrayKernel::has_face_status,0},{&OpenMesh::ArrayKernel::[thunk]: __cdecl OpenMesh::ArrayKernel::`vcall'{32,{flat}}' }',0}>::operator OpenMesh::FaceHandle': Implicit casts of iterators are unsafe. Use dereferencing operators -> and * instead.
C:\Users\123\Desktop\Mesh-Face-Clustering-with-voxelization-master\OpenMesh_EX\Mesh\GUA_OM.cpp(3111,28): warning C4996: 'OpenMesh::Iterators::GenericCirculatorT_DEPRECATED<OpenMesh::PolyConnectivity::This,OpenMesh::ArrayKernel::FaceHandle,OpenMesh::ArrayKernel::VertexHandle,{&OpenMesh::Iterators::GenericCirculatorBaseT<OpenMesh::PolyConnectivity::This>::toVertexHandle,0}>::operator OpenMesh::VertexHandle': Implicit casts of iterators are unsafe. Use dereferencing operators -> and * instead.
C:\Users\123\Desktop\Mesh-Face-Clustering-with-voxelization-master\OpenMesh_EX\Mesh\GUA_OM.cpp(3123,20): warning C4996: 'OpenMesh::Iterators::GenericIteratorT<OpenMesh::PolyConnectivity::This,OpenMesh::ArrayKernel::FaceHandle,OpenMesh::ArrayKernel,{&OpenMesh::ArrayKernel::has_face_status,0},{&OpenMesh::ArrayKernel::[thunk]: __cdecl OpenMesh::ArrayKernel::`vcall'{32,{flat}}' }',0}>::handle': This function clutters your code. Use dereferencing operators -> and * instead.
C:\Users\123\Desktop\Mesh-Face-Clustering-with-voxelization-master\OpenMesh_EX\Mesh\GUA_OM.cpp(3178,25): warning C4996: 'OpenMesh::Iterators::GenericIteratorT<OpenMesh::PolyConnectivity::This,OpenMesh::ArrayKernel::FaceHandle,OpenMesh::ArrayKernel,{&OpenMesh::ArrayKernel::has_face_status,0},{&OpenMesh::ArrayKernel::[thunk]: __cdecl OpenMesh::ArrayKernel::`vcall'{32,{flat}}' }',0}>::operator OpenMesh::FaceHandle': Implicit casts of iterators are unsafe. Use dereferencing operators -> and * instead.
C:\Users\123\Desktop\Mesh-Face-Clustering-with-voxelization-master\OpenMesh_EX\Mesh\GUA_OM.cpp(3245,17): warning C4244: '正在初始化': 將 'Scalar' 轉換為 'float'，由於類型不同，可能導致資料遺失
          with
          [
              Scalar=double
          ]
C:\Users\123\Desktop\Mesh-Face-Clustering-with-voxelization-master\OpenMesh_EX\Mesh\GUA_OM.cpp(3231,14): warning C4996: 'OpenMesh::Iterators::GenericIteratorT<OpenMesh::PolyConnectivity::This,OpenMesh::ArrayKernel::FaceHandle,OpenMesh::ArrayKernel,{&OpenMesh::ArrayKernel::has_face_status,0},{&OpenMesh::ArrayKernel::[thunk]: __cdecl OpenMesh::ArrayKernel::`vcall'{32,{flat}}' }',0}>::handle': This function clutters your code. Use dereferencing operators -> and * instead.
C:\Users\123\Desktop\Mesh-Face-Clustering-with-voxelization-master\OpenMesh_EX\Mesh\GUA_OM.cpp(3234,26): warning C4996: 'OpenMesh::Iterators::GenericIteratorT<OpenMesh::PolyConnectivity::This,OpenMesh::ArrayKernel::FaceHandle,OpenMesh::ArrayKernel,{&OpenMesh::ArrayKernel::has_face_status,0},{&OpenMesh::ArrayKernel::[thunk]: __cdecl OpenMesh::ArrayKernel::`vcall'{32,{flat}}' }',0}>::operator OpenMesh::FaceHandle': Implicit casts of iterators are unsafe. Use dereferencing operators -> and * instead.
C:\Users\123\Desktop\Mesh-Face-Clustering-with-voxelization-master\OpenMesh_EX\Mesh\GUA_OM.cpp(3236,23): warning C4996: 'OpenMesh::Iterators::GenericCirculatorT_DEPRECATED<OpenMesh::PolyConnectivity::This,OpenMesh::ArrayKernel::FaceHandle,OpenMesh::ArrayKernel::VertexHandle,{&OpenMesh::Iterators::GenericCirculatorBaseT<OpenMesh::PolyConnectivity::This>::toVertexHandle,0}>::handle': This function clutters your code. Use dereferencing operators -> and * instead.
C:\Users\123\Desktop\Mesh-Face-Clustering-with-voxelization-master\OpenMesh_EX\Mesh\GUA_OM.cpp(3237,26): warning C4996: 'OpenMesh::Iterators::GenericCirculatorT_DEPRECATED<OpenMesh::PolyConnectivity::This,OpenMesh::ArrayKernel::FaceHandle,OpenMesh::ArrayKernel::VertexHandle,{&OpenMesh::Iterators::GenericCirculatorBaseT<OpenMesh::PolyConnectivity::This>::toVertexHandle,0}>::handle': This function clutters your code. Use dereferencing operators -> and * instead.
C:\Users\123\Desktop\Mesh-Face-Clustering-with-voxelization-master\OpenMesh_EX\Mesh\GUA_OM.cpp(3253,33): warning C4996: 'OpenMesh::Iterators::GenericIteratorT<OpenMesh::PolyConnectivity::This,OpenMesh::ArrayKernel::FaceHandle,OpenMesh::ArrayKernel,{&OpenMesh::ArrayKernel::has_face_status,0},{&OpenMesh::ArrayKernel::[thunk]: __cdecl OpenMesh::ArrayKernel::`vcall'{32,{flat}}' }',0}>::operator OpenMesh::FaceHandle': Implicit casts of iterators are unsafe. Use dereferencing operators -> and * instead.
C:\Users\123\Desktop\Mesh-Face-Clustering-with-voxelization-master\OpenMesh_EX\Mesh\GUA_OM.cpp(3254,17): warning C4996: 'OpenMesh::Iterators::GenericCirculatorT_DEPRECATED<OpenMesh::PolyConnectivity::This,OpenMesh::ArrayKernel::FaceHandle,OpenMesh::ArrayKernel::FaceHandle,{&OpenMesh::Iterators::GenericCirculatorBaseT<OpenMesh::PolyConnectivity::This>::toOppositeFaceHandle,0}>::handle': This function clutters your code. Use dereferencing operators -> and * instead.
C:\Users\123\Desktop\Mesh-Face-Clustering-with-voxelization-master\OpenMesh_EX\Mesh\GUA_OM.cpp(3257,28): warning C4996: 'OpenMesh::Iterators::GenericIteratorT<OpenMesh::PolyConnectivity::This,OpenMesh::ArrayKernel::FaceHandle,OpenMesh::ArrayKernel,{&OpenMesh::ArrayKernel::has_face_status,0},{&OpenMesh::ArrayKernel::[thunk]: __cdecl OpenMesh::ArrayKernel::`vcall'{32,{flat}}' }',0}>::operator OpenMesh::FaceHandle': Implicit casts of iterators are unsafe. Use dereferencing operators -> and * instead.
C:\Users\123\Desktop\Mesh-Face-Clustering-with-voxelization-master\OpenMesh_EX\Mesh\GUA_OM.cpp(3258,29): warning C4996: 'OpenMesh::Iterators::GenericCirculatorT_DEPRECATED<OpenMesh::PolyConnectivity::This,OpenMesh::ArrayKernel::FaceHandle,OpenMesh::ArrayKernel::FaceHandle,{&OpenMesh::Iterators::GenericCirculatorBaseT<OpenMesh::PolyConnectivity::This>::toOppositeFaceHandle,0}>::operator OpenMesh::FaceHandle': Implicit casts of iterators are unsafe. Use dereferencing operators -> and * instead.
C:\Users\123\Desktop\Mesh-Face-Clustering-with-voxelization-master\OpenMesh_EX\Mesh\GUA_OM.cpp(3259,18): warning C4996: 'OpenMesh::Iterators::GenericCirculatorT_DEPRECATED<OpenMesh::PolyConnectivity::This,OpenMesh::ArrayKernel::FaceHandle,OpenMesh::ArrayKernel::VertexHandle,{&OpenMesh::Iterators::GenericCirculatorBaseT<OpenMesh::PolyConnectivity::This>::toVertexHandle,0}>::handle': This function clutters your code. Use dereferencing operators -> and * instead.
C:\Users\123\Desktop\Mesh-Face-Clustering-with-voxelization-master\OpenMesh_EX\Mesh\GUA_OM.cpp(3260,23): warning C4996: 'OpenMesh::Iterators::GenericCirculatorT_DEPRECATED<OpenMesh::PolyConnectivity::This,OpenMesh::ArrayKernel::FaceHandle,OpenMesh::ArrayKernel::VertexHandle,{&OpenMesh::Iterators::GenericCirculatorBaseT<OpenMesh::PolyConnectivity::This>::toVertexHandle,0}>::handle': This function clutters your code. Use dereferencing operators -> and * instead.
C:\Users\123\Desktop\Mesh-Face-Clustering-with-voxelization-master\OpenMesh_EX\Mesh\GUA_OM.cpp(3266,43): warning C4996: 'OpenMesh::Iterators::GenericIteratorT<OpenMesh::PolyConnectivity::This,OpenMesh::ArrayKernel::FaceHandle,OpenMesh::ArrayKernel,{&OpenMesh::ArrayKernel::has_face_status,0},{&OpenMesh::ArrayKernel::[thunk]: __cdecl OpenMesh::ArrayKernel::`vcall'{32,{flat}}' }',0}>::handle': This function clutters your code. Use dereferencing operators -> and * instead.
C:\Users\123\Desktop\Mesh-Face-Clustering-with-voxelization-master\OpenMesh_EX\Mesh\GUA_OM.cpp(3270,36): warning C4996: 'OpenMesh::Iterators::GenericIteratorT<OpenMesh::PolyConnectivity::This,OpenMesh::ArrayKernel::FaceHandle,OpenMesh::ArrayKernel,{&OpenMesh::ArrayKernel::has_face_status,0},{&OpenMesh::ArrayKernel::[thunk]: __cdecl OpenMesh::ArrayKernel::`vcall'{32,{flat}}' }',0}>::handle': This function clutters your code. Use dereferencing operators -> and * instead.
  Voxel.cpp
C:\Users\123\Desktop\Mesh-Face-Clustering-with-voxelization-master\OpenMesh_EX\Mesh\Voxel.cpp(87,22): warning C4244: '=': 將 'Scalar' 轉換為 'float'，由於類型不同，可能導致資料遺失
          with
          [
              Scalar=double
          ]
C:\Users\123\Desktop\Mesh-Face-Clustering-with-voxelization-master\OpenMesh_EX\Mesh\Voxel.cpp(91,22): warning C4244: '=': 將 'Scalar' 轉換為 'float'，由於類型不同，可能導致資料遺失
          with
          [
              Scalar=double
          ]
C:\Users\123\Desktop\Mesh-Face-Clustering-with-voxelization-master\OpenMesh_EX\Mesh\Voxel.cpp(96,22): warning C4244: '=': 將 'Scalar' 轉換為 'float'，由於類型不同，可能導致資料遺失
          with
          [
              Scalar=double
          ]
C:\Users\123\Desktop\Mesh-Face-Clustering-with-voxelization-master\OpenMesh_EX\Mesh\Voxel.cpp(100,22): warning C4244: '=': 將 'Scalar' 轉換為 'float'，由於類型不同，可能導致資料遺失
          with
          [
              Scalar=double
          ]
C:\Users\123\Desktop\Mesh-Face-Clustering-with-voxelization-master\OpenMesh_EX\Mesh\Voxel.cpp(105,22): warning C4244: '=': 將 'Scalar' 轉換為 'float'，由於類型不同，可能導致資料遺失
          with
          [
              Scalar=double
          ]
C:\Users\123\Desktop\Mesh-Face-Clustering-with-voxelization-master\OpenMesh_EX\Mesh\Voxel.cpp(109,22): warning C4244: '=': 將 'Scalar' 轉換為 'float'，由於類型不同，可能導致資料遺失
          with
          [
              Scalar=double
          ]
  MyForm.cpp
C:\Users\123\Desktop\Mesh-Face-Clustering-with-voxelization-master\OpenMesh_EX\Mesh\Clustering.h(19,67): warning C4244: '引數': 將 'double' 轉換為 'float'，由於類型不同，可能導致資料遺失
C:\Users\123\Desktop\Mesh-Face-Clustering-with-voxelization-master\OpenMesh_EX\Mesh\Clustering.h(39,15): warning C4244: '正在初始化': 將 'double' 轉換為 'float'，由於類型不同，可能導致資料遺失
C:\Users\123\Desktop\Mesh-Face-Clustering-with-voxelization-master\OpenMesh_EX\Mesh\Clustering.h(57,59): warning C4244: '引數': 將 'double' 轉換為 'float'，由於類型不同，可能導致資料遺失
C:\Users\123\Desktop\Mesh-Face-Clustering-with-voxelization-master\OpenMesh_EX\Mesh\Clustering.h(76,65): warning C4244: '=': 將 'double' 轉換為 'float'，由於類型不同，可能導致資料遺失
C:\Users\123\Desktop\Mesh-Face-Clustering-with-voxelization-master\OpenMesh_EX\Mesh\Clustering.h(98,21): warning C4244: '=': 將 'Scalar' 轉換為 'float'，由於類型不同，可能導致資料遺失
          with
          [
              Scalar=double
          ]
C:\Users\123\Desktop\Mesh-Face-Clustering-with-voxelization-master\OpenMesh_EX\Mesh\Clustering.h(102,21): warning C4244: '=': 將 'Scalar' 轉換為 'float'，由於類型不同，可能導致資料遺失
          with
          [
              Scalar=double
          ]
C:\Users\123\Desktop\Mesh-Face-Clustering-with-voxelization-master\OpenMesh_EX\Mesh\Clustering.h(107,21): warning C4244: '=': 將 'Scalar' 轉換為 'float'，由於類型不同，可能導致資料遺失
          with
          [
              Scalar=double
          ]
C:\Users\123\Desktop\Mesh-Face-Clustering-with-voxelization-master\OpenMesh_EX\Mesh\Clustering.h(111,21): warning C4244: '=': 將 'Scalar' 轉換為 'float'，由於類型不同，可能導致資料遺失
          with
          [
              Scalar=double
          ]
C:\Users\123\Desktop\Mesh-Face-Clustering-with-voxelization-master\OpenMesh_EX\Mesh\Clustering.h(116,21): warning C4244: '=': 將 'Scalar' 轉換為 'float'，由於類型不同，可能導致資料遺失
          with
          [
              Scalar=double
          ]
C:\Users\123\Desktop\Mesh-Face-Clustering-with-voxelization-master\OpenMesh_EX\Mesh\Clustering.h(120,21): warning C4244: '=': 將 'Scalar' 轉換為 'float'，由於類型不同，可能導致資料遺失
          with
          [
              Scalar=double
          ]
C:\Users\123\Desktop\Mesh-Face-Clustering-with-voxelization-master\OpenMesh_EX\Mesh\Clustering.h(149,9): warning C4101: 'j': 未參考的區域變數
C:\Users\123\Desktop\Mesh-Face-Clustering-with-voxelization-master\OpenMesh_EX\Mesh\Clustering.h(235,27): warning C4267: '=': 將 'size_t' 轉換為 'int'，資料可能遺失
C:\Users\123\Desktop\Mesh-Face-Clustering-with-voxelization-master\OpenMesh_EX\Mesh\Clustering.h(371,14): warning C4244: '=': 將 'Scalar' 轉換為 'float'，由於類型不同，可能導致資料遺失
          with
          [
              Scalar=double
          ]
C:\Users\123\Desktop\Mesh-Face-Clustering-with-voxelization-master\OpenMesh_EX\Mesh\Clustering.h(372,14): warning C4244: '=': 將 'Scalar' 轉換為 'float'，由於類型不同，可能導致資料遺失
          with
          [
              Scalar=double
          ]
C:\Users\123\Desktop\Mesh-Face-Clustering-with-voxelization-master\OpenMesh_EX\Mesh\Clustering.h(373,14): warning C4244: '=': 將 'Scalar' 轉換為 'float'，由於類型不同，可能導致資料遺失
          with
          [
              Scalar=double
          ]
C:\Users\123\Desktop\Mesh-Face-Clustering-with-voxelization-master\OpenMesh_EX\Mesh\Clustering.h(374,36): warning C4244: '=': 將 'Scalar' 轉換為 'float'，由於類型不同，可能導致資料遺失
          with
          [
              Scalar=double
          ]
C:\Users\123\Desktop\Mesh-Face-Clustering-with-voxelization-master\OpenMesh_EX\Mesh\Clustering.h(375,11): warning C4244: '=': 將 'Scalar' 轉換為 'float'，由於類型不同，可能導致資料遺失
          with
          [
              Scalar=double
          ]
C:\Users\123\Desktop\Mesh-Face-Clustering-with-voxelization-master\OpenMesh_EX\Mesh\Clustering.h(376,31): warning C4244: '=': 將 'double' 轉換為 'float'，由於類型不同，可能導致資料遺失
C:\Users\123\Desktop\Mesh-Face-Clustering-with-voxelization-master\OpenMesh_EX\Mesh\Clustering.h(586,48): warning C4244: '+=': 將 'double' 轉換為 'float'，由於類型不同，可能導致資料遺失
C:\Users\123\Desktop\Mesh-Face-Clustering-with-voxelization-master\OpenMesh_EX\Mesh\Clustering.h(692,14): warning C4244: '正在初始化': 將 'double' 轉換為 'float'，由於類型不同，可能導致資料遺失
C:\Users\123\Desktop\Mesh-Face-Clustering-with-voxelization-master\OpenMesh_EX\MyForm.h(61,11): error C2653: 'HKOGLPanel': 不是類別或命名空間名稱
C:\Users\123\Desktop\Mesh-Face-Clustering-with-voxelization-master\OpenMesh_EX\MyForm.h(61,40): error C2143: 語法錯誤: 遺漏 ';' (在 '^' 之前)
C:\Users\123\Desktop\Mesh-Face-Clustering-with-voxelization-master\OpenMesh_EX\MyForm.h(61,40): error C4430: 遺漏類型規範 - 假設為 int。注意: C++ 不支援 default-int
C:\Users\123\Desktop\Mesh-Face-Clustering-with-voxelization-master\OpenMesh_EX\MyForm.h(61,61): error C2238: 在 ';' 之前有未預期的語彙基元
C:\Users\123\Desktop\Mesh-Face-Clustering-with-voxelization-master\OpenMesh_EX\MyForm.h(116,4): error C2653: 'HKOGLPanel': 不是類別或命名空間名稱
C:\Users\123\Desktop\Mesh-Face-Clustering-with-voxelization-master\OpenMesh_EX\MyForm.h(116,16): error C2065: 'HKCOGLPanelCameraSetting': 未宣告的識別項
C:\Users\123\Desktop\Mesh-Face-Clustering-with-voxelization-master\OpenMesh_EX\MyForm.h(116,42): error C2065: 'hkcoglPanelCameraSetting1': 未宣告的識別項
C:\Users\123\Desktop\Mesh-Face-Clustering-with-voxelization-master\OpenMesh_EX\MyForm.h(116,77): error C2653: 'HKOGLPanel': 不是類別或命名空間名稱
C:\Users\123\Desktop\Mesh-Face-Clustering-with-voxelization-master\OpenMesh_EX\MyForm.h(116,89): error C2061: 語法錯誤: 識別項 'HKCOGLPanelCameraSetting'
C:\Users\123\Desktop\Mesh-Face-Clustering-with-voxelization-master\OpenMesh_EX\MyForm.h(117,4): error C2653: 'HKOGLPanel': 不是類別或命名空間名稱
C:\Users\123\Desktop\Mesh-Face-Clustering-with-voxelization-master\OpenMesh_EX\MyForm.h(117,16): error C2065: 'HKCOGLPanelPixelFormat': 未宣告的識別項
C:\Users\123\Desktop\Mesh-Face-Clustering-with-voxelization-master\OpenMesh_EX\MyForm.h(117,40): error C2065: 'hkcoglPanelPixelFormat1': 未宣告的識別項
C:\Users\123\Desktop\Mesh-Face-Clustering-with-voxelization-master\OpenMesh_EX\MyForm.h(117,73): error C2653: 'HKOGLPanel': 不是類別或命名空間名稱
C:\Users\123\Desktop\Mesh-Face-Clustering-with-voxelization-master\OpenMesh_EX\MyForm.h(117,85): error C2061: 語法錯誤: 識別項 'HKCOGLPanelPixelFormat'
C:\Users\123\Desktop\Mesh-Face-Clustering-with-voxelization-master\OpenMesh_EX\MyForm.h(136,10): error C2039: 'hkoglPanelControl1': 並非 'OpenMesh_EX::MyForm' 的成員
C:\Users\123\Desktop\Mesh-Face-Clustering-with-voxelization-master\OpenMesh_EX\MyForm.h(31): message : 請參閱 'OpenMesh_EX::MyForm' 的宣告
C:\Users\123\Desktop\Mesh-Face-Clustering-with-voxelization-master\OpenMesh_EX\MyForm.h(136,38): error C2653: 'HKOGLPanel': 不是類別或命名空間名稱
C:\Users\123\Desktop\Mesh-Face-Clustering-with-voxelization-master\OpenMesh_EX\MyForm.h(136,50): error C2061: 語法錯誤: 識別項 'HKOGLPanelControl'
C:\Users\123\Desktop\Mesh-Face-Clustering-with-voxelization-master\OpenMesh_EX\MyForm.h(298,4): error C2065: 'hkcoglPanelCameraSetting1': 未宣告的識別項
C:\Users\123\Desktop\Mesh-Face-Clustering-with-voxelization-master\OpenMesh_EX\MyForm.h(299,4): error C2065: 'hkcoglPanelCameraSetting1': 未宣告的識別項
C:\Users\123\Desktop\Mesh-Face-Clustering-with-voxelization-master\OpenMesh_EX\MyForm.h(300,4): error C2065: 'hkcoglPanelCameraSetting1': 未宣告的識別項
C:\Users\123\Desktop\Mesh-Face-Clustering-with-voxelization-master\OpenMesh_EX\MyForm.h(301,4): error C2065: 'hkcoglPanelCameraSetting1': 未宣告的識別項
C:\Users\123\Desktop\Mesh-Face-Clustering-with-voxelization-master\OpenMesh_EX\MyForm.h(301,38): error C2653: 'HKOGLPanel': 不是類別或命名空間名稱
C:\Users\123\Desktop\Mesh-Face-Clustering-with-voxelization-master\OpenMesh_EX\MyForm.h(301,88): error C2065: 'ORTHOGRAPHIC': 未宣告的識別項
C:\Users\123\Desktop\Mesh-Face-Clustering-with-voxelization-master\OpenMesh_EX\MyForm.h(302,10): error C2039: 'hkoglPanelControl1': 並非 'OpenMesh_EX::MyForm' 的成員
C:\Users\123\Desktop\Mesh-Face-Clustering-with-voxelization-master\OpenMesh_EX\MyForm.h(31): message : 請參閱 'OpenMesh_EX::MyForm' 的宣告
C:\Users\123\Desktop\Mesh-Face-Clustering-with-voxelization-master\OpenMesh_EX\MyForm.h(302,47): error C2065: 'hkcoglPanelCameraSetting1': 未宣告的識別項
C:\Users\123\Desktop\Mesh-Face-Clustering-with-voxelization-master\OpenMesh_EX\MyForm.h(303,10): error C2039: 'hkoglPanelControl1': 並非 'OpenMesh_EX::MyForm' 的成員
C:\Users\123\Desktop\Mesh-Face-Clustering-with-voxelization-master\OpenMesh_EX\MyForm.h(31): message : 請參閱 'OpenMesh_EX::MyForm' 的宣告
C:\Users\123\Desktop\Mesh-Face-Clustering-with-voxelization-master\OpenMesh_EX\MyForm.h(304,10): error C2039: 'hkoglPanelControl1': 並非 'OpenMesh_EX::MyForm' 的成員
C:\Users\123\Desktop\Mesh-Face-Clustering-with-voxelization-master\OpenMesh_EX\MyForm.h(31): message : 請參閱 'OpenMesh_EX::MyForm' 的宣告
C:\Users\123\Desktop\Mesh-Face-Clustering-with-voxelization-master\OpenMesh_EX\MyForm.h(305,10): error C2039: 'hkoglPanelControl1': 並非 'OpenMesh_EX::MyForm' 的成員
C:\Users\123\Desktop\Mesh-Face-Clustering-with-voxelization-master\OpenMesh_EX\MyForm.h(31): message : 請參閱 'OpenMesh_EX::MyForm' 的宣告
C:\Users\123\Desktop\Mesh-Face-Clustering-with-voxelization-master\OpenMesh_EX\MyForm.h(306,4): error C2065: 'hkcoglPanelPixelFormat1': 未宣告的識別項
C:\Users\123\Desktop\Mesh-Face-Clustering-with-voxelization-master\OpenMesh_EX\MyForm.h(306,50): error C2653: 'HKOGLPanel': 不是類別或命名空間名稱
C:\Users\123\Desktop\Mesh-Face-Clustering-with-voxelization-master\OpenMesh_EX\MyForm.h(306,97): error C2065: 'BITS_0': 未宣告的識別項
C:\Users\123\Desktop\Mesh-Face-Clustering-with-voxelization-master\OpenMesh_EX\MyForm.h(307,4): error C2065: 'hkcoglPanelPixelFormat1': 未宣告的識別項
C:\Users\123\Desktop\Mesh-Face-Clustering-with-voxelization-master\OpenMesh_EX\MyForm.h(307,49): error C2653: 'HKOGLPanel': 不是類別或命名空間名稱
C:\Users\123\Desktop\Mesh-Face-Clustering-with-voxelization-master\OpenMesh_EX\MyForm.h(307,96): error C2065: 'BITS_0': 未宣告的識別項
C:\Users\123\Desktop\Mesh-Face-Clustering-with-voxelization-master\OpenMesh_EX\MyForm.h(308,4): error C2065: 'hkcoglPanelPixelFormat1': 未宣告的識別項
C:\Users\123\Desktop\Mesh-Face-Clustering-with-voxelization-master\OpenMesh_EX\MyForm.h(308,51): error C2653: 'HKOGLPanel': 不是類別或命名空間名稱
C:\Users\123\Desktop\Mesh-Face-Clustering-with-voxelization-master\OpenMesh_EX\MyForm.h(308,98): error C2065: 'BITS_0': 未宣告的識別項
C:\Users\123\Desktop\Mesh-Face-Clustering-with-voxelization-master\OpenMesh_EX\MyForm.h(309,10): error C2039: 'hkoglPanelControl1': 並非 'OpenMesh_EX::MyForm' 的成員
C:\Users\123\Desktop\Mesh-Face-Clustering-with-voxelization-master\OpenMesh_EX\MyForm.h(31): message : 請參閱 'OpenMesh_EX::MyForm' 的宣告
C:\Users\123\Desktop\Mesh-Face-Clustering-with-voxelization-master\OpenMesh_EX\MyForm.h(309,45): error C2065: 'hkcoglPanelPixelFormat1': 未宣告的識別項
C:\Users\123\Desktop\Mesh-Face-Clustering-with-voxelization-master\OpenMesh_EX\MyForm.h(310,10): error C2039: 'hkoglPanelControl1': 並非 'OpenMesh_EX::MyForm' 的成員
C:\Users\123\Desktop\Mesh-Face-Clustering-with-voxelization-master\OpenMesh_EX\MyForm.h(31): message : 請參閱 'OpenMesh_EX::MyForm' 的宣告
C:\Users\123\Desktop\Mesh-Face-Clustering-with-voxelization-master\OpenMesh_EX\MyForm.h(311,10): error C2039: 'hkoglPanelControl1': 並非 'OpenMesh_EX::MyForm' 的成員
C:\Users\123\Desktop\Mesh-Face-Clustering-with-voxelization-master\OpenMesh_EX\MyForm.h(31): message : 請參閱 'OpenMesh_EX::MyForm' 的宣告
C:\Users\123\Desktop\Mesh-Face-Clustering-with-voxelization-master\OpenMesh_EX\MyForm.h(312,10): error C2039: 'hkoglPanelControl1': 並非 'OpenMesh_EX::MyForm' 的成員
C:\Users\123\Desktop\Mesh-Face-Clustering-with-voxelization-master\OpenMesh_EX\MyForm.h(31): message : 請參閱 'OpenMesh_EX::MyForm' 的宣告
C:\Users\123\Desktop\Mesh-Face-Clustering-with-voxelization-master\OpenMesh_EX\MyForm.h(313,10): error C2039: 'hkoglPanelControl1': 並非 'OpenMesh_EX::MyForm' 的成員
C:\Users\123\Desktop\Mesh-Face-Clustering-with-voxelization-master\OpenMesh_EX\MyForm.h(31): message : 請參閱 'OpenMesh_EX::MyForm' 的宣告
C:\Users\123\Desktop\Mesh-Face-Clustering-with-voxelization-master\OpenMesh_EX\MyForm.h(314,10): error C2039: 'hkoglPanelControl1': 並非 'OpenMesh_EX::MyForm' 的成員
C:\Users\123\Desktop\Mesh-Face-Clustering-with-voxelization-master\OpenMesh_EX\MyForm.h(31): message : 請參閱 'OpenMesh_EX::MyForm' 的宣告
C:\Users\123\Desktop\Mesh-Face-Clustering-with-voxelization-master\OpenMesh_EX\MyForm.h(315,10): error C2039: 'hkoglPanelControl1': 並非 'OpenMesh_EX::MyForm' 的成員
C:\Users\123\Desktop\Mesh-Face-Clustering-with-voxelization-master\OpenMesh_EX\MyForm.h(31): message : 請參閱 'OpenMesh_EX::MyForm' 的宣告
C:\Users\123\Desktop\Mesh-Face-Clustering-with-voxelization-master\OpenMesh_EX\MyForm.h(316,10): error C2039: 'hkoglPanelControl1': 並非 'OpenMesh_EX::MyForm' 的成員
C:\Users\123\Desktop\Mesh-Face-Clustering-with-voxelization-master\OpenMesh_EX\MyForm.h(31): message : 請參閱 'OpenMesh_EX::MyForm' 的宣告
C:\Users\123\Desktop\Mesh-Face-Clustering-with-voxelization-master\OpenMesh_EX\MyForm.h(317,10): error C2039: 'hkoglPanelControl1': 並非 'OpenMesh_EX::MyForm' 的成員
C:\Users\123\Desktop\Mesh-Face-Clustering-with-voxelization-master\OpenMesh_EX\MyForm.h(31): message : 請參閱 'OpenMesh_EX::MyForm' 的宣告
C:\Users\123\Desktop\Mesh-Face-Clustering-with-voxelization-master\OpenMesh_EX\MyForm.h(476,30): error C2039: 'hkoglPanelControl1': 並非 'OpenMesh_EX::MyForm' 的成員
C:\Users\123\Desktop\Mesh-Face-Clustering-with-voxelization-master\OpenMesh_EX\MyForm.h(31): message : 請參閱 'OpenMesh_EX::MyForm' 的宣告
C:\Users\123\Desktop\Mesh-Face-Clustering-with-voxelization-master\OpenMesh_EX\MyForm.h(547,3): error C2065: 'hkoglPanelControl1': 未宣告的識別項
C:\Users\123\Desktop\Mesh-Face-Clustering-with-voxelization-master\OpenMesh_EX\MyForm.h(560,3): error C2065: 'hkoglPanelControl1': 未宣告的識別項
C:\Users\123\Desktop\Mesh-Face-Clustering-with-voxelization-master\OpenMesh_EX\MyForm.h(575,3): error C2065: 'hkoglPanelControl1': 未宣告的識別項
C:\Users\123\Desktop\Mesh-Face-Clustering-with-voxelization-master\OpenMesh_EX\MyForm.h(587,3): error C2065: 'hkoglPanelControl1': 未宣告的識別項
C:\Users\123\Desktop\Mesh-Face-Clustering-with-voxelization-master\OpenMesh_EX\MyForm.h(629,2): error C2065: 'hkoglPanelControl1': 未宣告的識別項
C:\Users\123\Desktop\Mesh-Face-Clustering-with-voxelization-master\OpenMesh_EX\MyForm.cpp(6,1): warning C4829: 函式 main 的參數可能不正確。請考慮 'int main(Platform::Array<Platform::String^>^ argv)'
  .NETFramework,Version=v4.5.2.AssemblyAttributes.cpp
  正在產生程式碼...
C:\Users\123\Desktop\Mesh-Face-Clustering-with-voxelization-master\OpenMesh_EX\Mesh\GUA_OM.cpp(1210): warning C4700: 使用了未初始化的區域變數 'sx'
C:\Users\123\Desktop\Mesh-Face-Clustering-with-voxelization-master\OpenMesh_EX\Mesh\GUA_OM.cpp(1211): warning C4700: 使用了未初始化的區域變數 'sy'
C:\Users\123\Desktop\Mesh-Face-Clustering-with-voxelization-master\OpenMesh_EX\Mesh\GUA_OM.cpp(1212): warning C4700: 使用了未初始化的區域變數 'sz'
C:\Users\123\Desktop\Mesh-Face-Clustering-with-voxelization-master\OpenMesh_EX\Mesh\GUA_OM.cpp : warning C4793: 'OpenMesh::ArrayKernel::`vcall'{32}'': 函式會編譯成機器碼:
  	非 clrcall 的 vcall Thunk 必須編譯為原生
C:\Users\123\Desktop\Mesh-Face-Clustering-with-voxelization-master\OpenMesh_EX\Mesh\GUA_OM.cpp : warning C4793: 'OpenMesh::ArrayKernel::`vcall'{24}'': 函式會編譯成機器碼:
  	非 clrcall 的 vcall Thunk 必須編譯為原生
C:\Users\123\Desktop\Mesh-Face-Clustering-with-voxelization-master\OpenMesh_EX\Mesh\GUA_OM.cpp : warning C4793: 'OpenMesh::ArrayKernel::`vcall'{8}'': 函式會編譯成機器碼:
  	非 clrcall 的 vcall Thunk 必須編譯為原生
C:\Users\123\Desktop\Mesh-Face-Clustering-with-voxelization-master\OpenMesh_EX\Mesh\GUA_OM.cpp : warning C4793: 'OpenMesh::ArrayKernel::`vcall'{16}'': 函式會編譯成機器碼:
  	非 clrcall 的 vcall Thunk 必須編譯為原生
